[2022-12-17T14:57:15.231+0000] {taskinstance.py:1165} INFO - Dependencies all met for <TaskInstance: superforecast_v1.proceso manual__2022-12-17T14:55:07.337042+00:00 [queued]>
[2022-12-17T14:57:15.241+0000] {taskinstance.py:1165} INFO - Dependencies all met for <TaskInstance: superforecast_v1.proceso manual__2022-12-17T14:55:07.337042+00:00 [queued]>
[2022-12-17T14:57:15.242+0000] {taskinstance.py:1362} INFO - 
--------------------------------------------------------------------------------
[2022-12-17T14:57:15.242+0000] {taskinstance.py:1363} INFO - Starting attempt 2 of 2
[2022-12-17T14:57:15.242+0000] {taskinstance.py:1364} INFO - 
--------------------------------------------------------------------------------
[2022-12-17T14:57:15.262+0000] {taskinstance.py:1383} INFO - Executing <Task(PythonOperator): proceso> on 2022-12-17 14:55:07.337042+00:00
[2022-12-17T14:57:15.267+0000] {standard_task_runner.py:55} INFO - Started process 27193 to run task
[2022-12-17T14:57:15.270+0000] {standard_task_runner.py:82} INFO - Running: ['***', 'tasks', 'run', 'superforecast_v1', 'proceso', 'manual__2022-12-17T14:55:07.337042+00:00', '--job-id', '103', '--raw', '--subdir', 'DAGS_FOLDER/predsuper_dag.py', '--cfg-path', '/tmp/tmp1wypibi9']
[2022-12-17T14:57:15.272+0000] {standard_task_runner.py:83} INFO - Job 103: Subtask proceso
[2022-12-17T14:57:15.338+0000] {task_command.py:376} INFO - Running <TaskInstance: superforecast_v1.proceso manual__2022-12-17T14:55:07.337042+00:00 [running]> on host 26302dc28230
[2022-12-17T14:57:15.567+0000] {taskinstance.py:1592} INFO - Exporting the following env vars:
AIRFLOW_CTX_DAG_EMAIL=doloresferrando@gmail.com
AIRFLOW_CTX_DAG_OWNER=super
AIRFLOW_CTX_DAG_ID=superforecast_v1
AIRFLOW_CTX_TASK_ID=proceso
AIRFLOW_CTX_EXECUTION_DATE=2022-12-17T14:55:07.337042+00:00
AIRFLOW_CTX_TRY_NUMBER=2
AIRFLOW_CTX_DAG_RUN_ID=manual__2022-12-17T14:55:07.337042+00:00
[2022-12-17T14:57:15.985+0000] {forecaster.py:927} INFO - Disabling daily seasonality. Run prophet with daily_seasonality=True to override this.
[2022-12-17T14:57:16.002+0000] {filesystem.py:123} DEBUG - input tempfile: /tmp/tmpvnu83qyc/8v445ygf.json
[2022-12-17T14:57:16.007+0000] {filesystem.py:123} DEBUG - input tempfile: /tmp/tmpvnu83qyc/1gax72qx.json
[2022-12-17T14:57:16.008+0000] {model.py:1567} DEBUG - idx 0
[2022-12-17T14:57:16.008+0000] {model.py:1570} DEBUG - running CmdStan, num_threads: None
[2022-12-17T14:57:16.008+0000] {model.py:1580} DEBUG - CmdStan args: ['/home/***/.local/lib/python3.7/site-packages/prophet/stan_model/prophet_model.bin', 'random', 'seed=41555', 'data', 'file=/tmp/tmpvnu83qyc/8v445ygf.json', 'init=/tmp/tmpvnu83qyc/1gax72qx.json', 'output', 'file=/tmp/tmpvnu83qyc/prophet_model3wumlqcq/prophet_model-20221217145716.csv', 'method=optimize', 'algorithm=newton', 'iter=10000']
[2022-12-17T14:57:16.008+0000] {logging_mixin.py:120} WARNING - 14:57:16 - cmdstanpy - INFO - Chain [1] start processing
[2022-12-17T14:57:16.008+0000] {model.py:1583} INFO - Chain [1] start processing
[2022-12-17T14:57:16.599+0000] {logging_mixin.py:120} WARNING - 14:57:16 - cmdstanpy - INFO - Chain [1] done processing
[2022-12-17T14:57:16.599+0000] {model.py:1640} INFO - Chain [1] done processing
[2022-12-17T14:57:17.034+0000] {logging_mixin.py:120} INFO - Path at terminal when executing this file
[2022-12-17T14:57:17.034+0000] {logging_mixin.py:120} INFO - /opt/***
[2022-12-17T14:57:17.034+0000] {logging_mixin.py:120} INFO - This file path, relative to os.getcwd()
[2022-12-17T14:57:17.034+0000] {logging_mixin.py:120} INFO - /opt/***/dags/super.py
[2022-12-17T14:57:17.034+0000] {python.py:177} INFO - Done. Returned value was: None
[2022-12-17T14:57:17.046+0000] {taskinstance.py:1406} INFO - Marking task as SUCCESS. dag_id=superforecast_v1, task_id=proceso, execution_date=20221217T145507, start_date=20221217T145715, end_date=20221217T145717
[2022-12-17T14:57:17.089+0000] {local_task_job.py:164} INFO - Task exited with return code 0
[2022-12-17T14:57:17.119+0000] {local_task_job.py:273} INFO - 0 downstream tasks scheduled from follow-on schedule check
