[2022-12-17T13:40:38.076+0000] {taskinstance.py:1165} INFO - Dependencies all met for <TaskInstance: superforecast_v1.proceso manual__2022-12-17T13:40:35.024733+00:00 [queued]>
[2022-12-17T13:40:38.086+0000] {taskinstance.py:1165} INFO - Dependencies all met for <TaskInstance: superforecast_v1.proceso manual__2022-12-17T13:40:35.024733+00:00 [queued]>
[2022-12-17T13:40:38.086+0000] {taskinstance.py:1362} INFO - 
--------------------------------------------------------------------------------
[2022-12-17T13:40:38.086+0000] {taskinstance.py:1363} INFO - Starting attempt 1 of 2
[2022-12-17T13:40:38.086+0000] {taskinstance.py:1364} INFO - 
--------------------------------------------------------------------------------
[2022-12-17T13:40:38.101+0000] {taskinstance.py:1383} INFO - Executing <Task(PythonOperator): proceso> on 2022-12-17 13:40:35.024733+00:00
[2022-12-17T13:40:38.106+0000] {standard_task_runner.py:55} INFO - Started process 22305 to run task
[2022-12-17T13:40:38.110+0000] {standard_task_runner.py:82} INFO - Running: ['***', 'tasks', 'run', 'superforecast_v1', 'proceso', 'manual__2022-12-17T13:40:35.024733+00:00', '--job-id', '85', '--raw', '--subdir', 'DAGS_FOLDER/predsuper_dag.py', '--cfg-path', '/tmp/tmpait75_vr']
[2022-12-17T13:40:38.111+0000] {standard_task_runner.py:83} INFO - Job 85: Subtask proceso
[2022-12-17T13:40:38.177+0000] {task_command.py:376} INFO - Running <TaskInstance: superforecast_v1.proceso manual__2022-12-17T13:40:35.024733+00:00 [running]> on host 26302dc28230
[2022-12-17T13:40:38.431+0000] {taskinstance.py:1592} INFO - Exporting the following env vars:
AIRFLOW_CTX_DAG_EMAIL=doloresferrando@gmail.com
AIRFLOW_CTX_DAG_OWNER=super
AIRFLOW_CTX_DAG_ID=superforecast_v1
AIRFLOW_CTX_TASK_ID=proceso
AIRFLOW_CTX_EXECUTION_DATE=2022-12-17T13:40:35.024733+00:00
AIRFLOW_CTX_TRY_NUMBER=1
AIRFLOW_CTX_DAG_RUN_ID=manual__2022-12-17T13:40:35.024733+00:00
[2022-12-17T13:40:38.911+0000] {forecaster.py:927} INFO - Disabling daily seasonality. Run prophet with daily_seasonality=True to override this.
[2022-12-17T13:40:38.929+0000] {filesystem.py:123} DEBUG - input tempfile: /tmp/tmpzu3w9jhl/yk6e40l5.json
[2022-12-17T13:40:38.935+0000] {filesystem.py:123} DEBUG - input tempfile: /tmp/tmpzu3w9jhl/it5psmup.json
[2022-12-17T13:40:38.936+0000] {model.py:1567} DEBUG - idx 0
[2022-12-17T13:40:38.936+0000] {model.py:1570} DEBUG - running CmdStan, num_threads: None
[2022-12-17T13:40:38.936+0000] {model.py:1580} DEBUG - CmdStan args: ['/home/***/.local/lib/python3.7/site-packages/prophet/stan_model/prophet_model.bin', 'random', 'seed=54657', 'data', 'file=/tmp/tmpzu3w9jhl/yk6e40l5.json', 'init=/tmp/tmpzu3w9jhl/it5psmup.json', 'output', 'file=/tmp/tmpzu3w9jhl/prophet_model8p0xw7fl/prophet_model-20221217134038.csv', 'method=optimize', 'algorithm=newton', 'iter=10000']
[2022-12-17T13:40:38.936+0000] {logging_mixin.py:120} WARNING - 13:40:38 - cmdstanpy - INFO - Chain [1] start processing
[2022-12-17T13:40:38.936+0000] {model.py:1583} INFO - Chain [1] start processing
[2022-12-17T13:40:39.540+0000] {logging_mixin.py:120} WARNING - 13:40:39 - cmdstanpy - INFO - Chain [1] done processing
[2022-12-17T13:40:39.540+0000] {model.py:1640} INFO - Chain [1] done processing
[2022-12-17T13:40:39.945+0000] {python.py:177} INFO - Done. Returned value was: None
[2022-12-17T13:40:39.956+0000] {taskinstance.py:1406} INFO - Marking task as SUCCESS. dag_id=superforecast_v1, task_id=proceso, execution_date=20221217T134035, start_date=20221217T134038, end_date=20221217T134039
[2022-12-17T13:40:40.009+0000] {local_task_job.py:164} INFO - Task exited with return code 0
[2022-12-17T13:40:40.028+0000] {local_task_job.py:273} INFO - 0 downstream tasks scheduled from follow-on schedule check
