[2022-12-16T00:04:52.890+0000] {processor.py:154} INFO - Started process (PID=32209) to work on /opt/airflow/dags/energy.py
[2022-12-16T00:04:52.920+0000] {processor.py:756} INFO - Processing file /opt/airflow/dags/energy.py for tasks to queue
[2022-12-16T00:04:52.951+0000] {logging_mixin.py:120} INFO - [2022-12-16T00:04:52.937+0000] {dagbag.py:537} INFO - Filling up the DagBag from /opt/airflow/dags/energy.py
[2022-12-16T00:05:36.030+0000] {logging_mixin.py:120} INFO - [2022-12-16T00:05:35.966+0000] {timeout.py:68} ERROR - Process timed out, PID: 32209
[2022-12-16T00:05:36.136+0000] {logging_mixin.py:120} INFO - [2022-12-16T00:05:36.049+0000] {dagbag.py:342} ERROR - Failed to import: /opt/airflow/dags/energy.py
Traceback (most recent call last):
  File "/home/airflow/.local/lib/python3.7/site-packages/airflow/models/dagbag.py", line 338, in parse
    loader.exec_module(new_module)
  File "<frozen importlib._bootstrap_external>", line 728, in exec_module
  File "<frozen importlib._bootstrap>", line 219, in _call_with_frames_removed
  File "/opt/airflow/dags/energy.py", line 23, in <module>
    import tensorflow as tf
  File "/home/airflow/.local/lib/python3.7/site-packages/tensorflow/__init__.py", line 37, in <module>
    from tensorflow.python.tools import module_util as _module_util
  File "/home/airflow/.local/lib/python3.7/site-packages/tensorflow/python/__init__.py", line 36, in <module>
    from tensorflow.python import pywrap_tensorflow as _pywrap_tensorflow
  File "/home/airflow/.local/lib/python3.7/site-packages/tensorflow/python/pywrap_tensorflow.py", line 62, in <module>
    from tensorflow.python._pywrap_tensorflow_internal import *
  File "/home/airflow/.local/lib/python3.7/site-packages/airflow/utils/timeout.py", line 69, in handle_timeout
    raise AirflowTaskTimeout(self.error_message)
airflow.exceptions.AirflowTaskTimeout: DagBag import timeout for /opt/airflow/dags/energy.py after 30.0s.
Please take a look at these docs to improve your DAG import time:
* https://airflow.apache.org/docs/apache-airflow/2.4.2/best-practices.html#top-level-python-code
* https://airflow.apache.org/docs/apache-airflow/2.4.2/best-practices.html#reducing-dag-complexity, PID: 32209
[2022-12-16T00:05:36.142+0000] {processor.py:768} WARNING - No viable dags retrieved from /opt/airflow/dags/energy.py
[2022-12-16T00:05:37.173+0000] {processor.py:176} INFO - Processing /opt/airflow/dags/energy.py took 44.441 seconds
[2022-12-16T11:59:21.279+0000] {processor.py:154} INFO - Started process (PID=32286) to work on /opt/airflow/dags/energy.py
[2022-12-16T11:59:21.291+0000] {processor.py:756} INFO - Processing file /opt/airflow/dags/energy.py for tasks to queue
[2022-12-16T11:59:21.293+0000] {logging_mixin.py:120} INFO - [2022-12-16T11:59:21.292+0000] {dagbag.py:537} INFO - Filling up the DagBag from /opt/airflow/dags/energy.py
[2022-12-16T11:59:46.669+0000] {processor.py:768} WARNING - No viable dags retrieved from /opt/airflow/dags/energy.py
[2022-12-16T11:59:46.785+0000] {processor.py:176} INFO - Processing /opt/airflow/dags/energy.py took 25.838 seconds
[2022-12-16T12:00:17.136+0000] {processor.py:154} INFO - Started process (PID=32354) to work on /opt/airflow/dags/energy.py
[2022-12-16T12:00:17.137+0000] {processor.py:756} INFO - Processing file /opt/airflow/dags/energy.py for tasks to queue
[2022-12-16T12:00:17.138+0000] {logging_mixin.py:120} INFO - [2022-12-16T12:00:17.138+0000] {dagbag.py:537} INFO - Filling up the DagBag from /opt/airflow/dags/energy.py
[2022-12-16T12:00:20.989+0000] {processor.py:768} WARNING - No viable dags retrieved from /opt/airflow/dags/energy.py
[2022-12-16T12:00:21.001+0000] {processor.py:176} INFO - Processing /opt/airflow/dags/energy.py took 3.871 seconds
[2022-12-16T12:00:51.600+0000] {processor.py:154} INFO - Started process (PID=32418) to work on /opt/airflow/dags/energy.py
[2022-12-16T12:00:51.601+0000] {processor.py:756} INFO - Processing file /opt/airflow/dags/energy.py for tasks to queue
[2022-12-16T12:00:51.602+0000] {logging_mixin.py:120} INFO - [2022-12-16T12:00:51.602+0000] {dagbag.py:537} INFO - Filling up the DagBag from /opt/airflow/dags/energy.py
[2022-12-16T12:00:54.907+0000] {processor.py:768} WARNING - No viable dags retrieved from /opt/airflow/dags/energy.py
[2022-12-16T12:00:54.923+0000] {processor.py:176} INFO - Processing /opt/airflow/dags/energy.py took 3.330 seconds
[2022-12-16T12:01:25.653+0000] {processor.py:154} INFO - Started process (PID=32479) to work on /opt/airflow/dags/energy.py
[2022-12-16T12:01:25.653+0000] {processor.py:756} INFO - Processing file /opt/airflow/dags/energy.py for tasks to queue
[2022-12-16T12:01:25.654+0000] {logging_mixin.py:120} INFO - [2022-12-16T12:01:25.654+0000] {dagbag.py:537} INFO - Filling up the DagBag from /opt/airflow/dags/energy.py
[2022-12-16T12:01:29.997+0000] {processor.py:768} WARNING - No viable dags retrieved from /opt/airflow/dags/energy.py
[2022-12-16T12:01:30.037+0000] {processor.py:176} INFO - Processing /opt/airflow/dags/energy.py took 4.388 seconds
[2022-12-16T12:02:00.297+0000] {processor.py:154} INFO - Started process (PID=32537) to work on /opt/airflow/dags/energy.py
[2022-12-16T12:02:00.308+0000] {processor.py:756} INFO - Processing file /opt/airflow/dags/energy.py for tasks to queue
[2022-12-16T12:02:00.310+0000] {logging_mixin.py:120} INFO - [2022-12-16T12:02:00.309+0000] {dagbag.py:537} INFO - Filling up the DagBag from /opt/airflow/dags/energy.py
[2022-12-16T12:02:07.786+0000] {processor.py:768} WARNING - No viable dags retrieved from /opt/airflow/dags/energy.py
[2022-12-16T12:02:07.819+0000] {processor.py:176} INFO - Processing /opt/airflow/dags/energy.py took 7.535 seconds
[2022-12-16T12:02:38.224+0000] {processor.py:154} INFO - Started process (PID=32590) to work on /opt/airflow/dags/energy.py
[2022-12-16T12:02:38.225+0000] {processor.py:756} INFO - Processing file /opt/airflow/dags/energy.py for tasks to queue
[2022-12-16T12:02:38.226+0000] {logging_mixin.py:120} INFO - [2022-12-16T12:02:38.226+0000] {dagbag.py:537} INFO - Filling up the DagBag from /opt/airflow/dags/energy.py
[2022-12-16T12:02:43.029+0000] {processor.py:768} WARNING - No viable dags retrieved from /opt/airflow/dags/energy.py
[2022-12-16T12:02:43.045+0000] {processor.py:176} INFO - Processing /opt/airflow/dags/energy.py took 4.828 seconds
[2022-12-16T12:03:13.228+0000] {processor.py:154} INFO - Started process (PID=32651) to work on /opt/airflow/dags/energy.py
[2022-12-16T12:03:13.229+0000] {processor.py:756} INFO - Processing file /opt/airflow/dags/energy.py for tasks to queue
[2022-12-16T12:03:13.230+0000] {logging_mixin.py:120} INFO - [2022-12-16T12:03:13.230+0000] {dagbag.py:537} INFO - Filling up the DagBag from /opt/airflow/dags/energy.py
[2022-12-16T12:03:16.566+0000] {processor.py:768} WARNING - No viable dags retrieved from /opt/airflow/dags/energy.py
[2022-12-16T12:03:16.580+0000] {processor.py:176} INFO - Processing /opt/airflow/dags/energy.py took 3.355 seconds
[2022-12-16T12:03:47.006+0000] {processor.py:154} INFO - Started process (PID=32712) to work on /opt/airflow/dags/energy.py
[2022-12-16T12:03:47.007+0000] {processor.py:756} INFO - Processing file /opt/airflow/dags/energy.py for tasks to queue
[2022-12-16T12:03:47.007+0000] {logging_mixin.py:120} INFO - [2022-12-16T12:03:47.007+0000] {dagbag.py:537} INFO - Filling up the DagBag from /opt/airflow/dags/energy.py
[2022-12-16T12:03:49.657+0000] {processor.py:768} WARNING - No viable dags retrieved from /opt/airflow/dags/energy.py
[2022-12-16T12:03:49.669+0000] {processor.py:176} INFO - Processing /opt/airflow/dags/energy.py took 2.667 seconds
[2022-12-16T12:04:20.033+0000] {processor.py:154} INFO - Started process (PID=32764) to work on /opt/airflow/dags/energy.py
[2022-12-16T12:04:20.033+0000] {processor.py:756} INFO - Processing file /opt/airflow/dags/energy.py for tasks to queue
[2022-12-16T12:04:20.034+0000] {logging_mixin.py:120} INFO - [2022-12-16T12:04:20.034+0000] {dagbag.py:537} INFO - Filling up the DagBag from /opt/airflow/dags/energy.py
[2022-12-16T12:04:23.942+0000] {processor.py:768} WARNING - No viable dags retrieved from /opt/airflow/dags/energy.py
[2022-12-16T12:04:23.961+0000] {processor.py:176} INFO - Processing /opt/airflow/dags/energy.py took 3.934 seconds
[2022-12-16T12:04:54.778+0000] {processor.py:154} INFO - Started process (PID=357) to work on /opt/airflow/dags/energy.py
[2022-12-16T12:04:54.778+0000] {processor.py:756} INFO - Processing file /opt/airflow/dags/energy.py for tasks to queue
[2022-12-16T12:04:54.779+0000] {logging_mixin.py:120} INFO - [2022-12-16T12:04:54.779+0000] {dagbag.py:537} INFO - Filling up the DagBag from /opt/airflow/dags/energy.py
[2022-12-16T12:04:58.219+0000] {processor.py:768} WARNING - No viable dags retrieved from /opt/airflow/dags/energy.py
[2022-12-16T12:04:58.239+0000] {processor.py:176} INFO - Processing /opt/airflow/dags/energy.py took 3.465 seconds
[2022-12-16T12:05:28.492+0000] {processor.py:154} INFO - Started process (PID=418) to work on /opt/airflow/dags/energy.py
[2022-12-16T12:05:28.492+0000] {processor.py:756} INFO - Processing file /opt/airflow/dags/energy.py for tasks to queue
[2022-12-16T12:05:28.493+0000] {logging_mixin.py:120} INFO - [2022-12-16T12:05:28.492+0000] {dagbag.py:537} INFO - Filling up the DagBag from /opt/airflow/dags/energy.py
[2022-12-16T12:05:31.582+0000] {processor.py:768} WARNING - No viable dags retrieved from /opt/airflow/dags/energy.py
[2022-12-16T12:05:31.596+0000] {processor.py:176} INFO - Processing /opt/airflow/dags/energy.py took 3.109 seconds
[2022-12-16T12:06:02.257+0000] {processor.py:154} INFO - Started process (PID=482) to work on /opt/airflow/dags/energy.py
[2022-12-16T12:06:02.257+0000] {processor.py:756} INFO - Processing file /opt/airflow/dags/energy.py for tasks to queue
[2022-12-16T12:06:02.258+0000] {logging_mixin.py:120} INFO - [2022-12-16T12:06:02.258+0000] {dagbag.py:537} INFO - Filling up the DagBag from /opt/airflow/dags/energy.py
[2022-12-16T12:06:05.032+0000] {processor.py:768} WARNING - No viable dags retrieved from /opt/airflow/dags/energy.py
[2022-12-16T12:06:05.045+0000] {processor.py:176} INFO - Processing /opt/airflow/dags/energy.py took 2.792 seconds
[2022-12-16T12:06:35.589+0000] {processor.py:154} INFO - Started process (PID=546) to work on /opt/airflow/dags/energy.py
[2022-12-16T12:06:35.590+0000] {processor.py:756} INFO - Processing file /opt/airflow/dags/energy.py for tasks to queue
[2022-12-16T12:06:35.591+0000] {logging_mixin.py:120} INFO - [2022-12-16T12:06:35.590+0000] {dagbag.py:537} INFO - Filling up the DagBag from /opt/airflow/dags/energy.py
[2022-12-16T12:06:38.323+0000] {processor.py:768} WARNING - No viable dags retrieved from /opt/airflow/dags/energy.py
[2022-12-16T12:06:38.337+0000] {processor.py:176} INFO - Processing /opt/airflow/dags/energy.py took 2.751 seconds
[2022-12-16T12:07:08.956+0000] {processor.py:154} INFO - Started process (PID=607) to work on /opt/airflow/dags/energy.py
[2022-12-16T12:07:08.957+0000] {processor.py:756} INFO - Processing file /opt/airflow/dags/energy.py for tasks to queue
[2022-12-16T12:07:08.958+0000] {logging_mixin.py:120} INFO - [2022-12-16T12:07:08.958+0000] {dagbag.py:537} INFO - Filling up the DagBag from /opt/airflow/dags/energy.py
[2022-12-16T12:07:12.135+0000] {processor.py:768} WARNING - No viable dags retrieved from /opt/airflow/dags/energy.py
[2022-12-16T12:07:12.146+0000] {processor.py:176} INFO - Processing /opt/airflow/dags/energy.py took 3.193 seconds
[2022-12-16T12:07:42.724+0000] {processor.py:154} INFO - Started process (PID=670) to work on /opt/airflow/dags/energy.py
[2022-12-16T12:07:42.725+0000] {processor.py:756} INFO - Processing file /opt/airflow/dags/energy.py for tasks to queue
[2022-12-16T12:07:42.726+0000] {logging_mixin.py:120} INFO - [2022-12-16T12:07:42.726+0000] {dagbag.py:537} INFO - Filling up the DagBag from /opt/airflow/dags/energy.py
[2022-12-16T12:07:45.044+0000] {processor.py:768} WARNING - No viable dags retrieved from /opt/airflow/dags/energy.py
[2022-12-16T12:07:45.056+0000] {processor.py:176} INFO - Processing /opt/airflow/dags/energy.py took 2.335 seconds
[2022-12-16T12:08:15.259+0000] {processor.py:154} INFO - Started process (PID=731) to work on /opt/airflow/dags/energy.py
[2022-12-16T12:08:15.260+0000] {processor.py:756} INFO - Processing file /opt/airflow/dags/energy.py for tasks to queue
[2022-12-16T12:08:15.260+0000] {logging_mixin.py:120} INFO - [2022-12-16T12:08:15.260+0000] {dagbag.py:537} INFO - Filling up the DagBag from /opt/airflow/dags/energy.py
[2022-12-16T12:08:17.644+0000] {processor.py:768} WARNING - No viable dags retrieved from /opt/airflow/dags/energy.py
[2022-12-16T12:08:17.656+0000] {processor.py:176} INFO - Processing /opt/airflow/dags/energy.py took 2.401 seconds
[2022-12-16T12:08:47.830+0000] {processor.py:154} INFO - Started process (PID=783) to work on /opt/airflow/dags/energy.py
[2022-12-16T12:08:47.830+0000] {processor.py:756} INFO - Processing file /opt/airflow/dags/energy.py for tasks to queue
[2022-12-16T12:08:47.831+0000] {logging_mixin.py:120} INFO - [2022-12-16T12:08:47.831+0000] {dagbag.py:537} INFO - Filling up the DagBag from /opt/airflow/dags/energy.py
[2022-12-16T12:08:51.182+0000] {processor.py:768} WARNING - No viable dags retrieved from /opt/airflow/dags/energy.py
[2022-12-16T12:08:51.195+0000] {processor.py:176} INFO - Processing /opt/airflow/dags/energy.py took 3.370 seconds
[2022-12-16T12:09:21.252+0000] {processor.py:154} INFO - Started process (PID=844) to work on /opt/airflow/dags/energy.py
[2022-12-16T12:09:21.263+0000] {processor.py:756} INFO - Processing file /opt/airflow/dags/energy.py for tasks to queue
[2022-12-16T12:09:21.265+0000] {logging_mixin.py:120} INFO - [2022-12-16T12:09:21.264+0000] {dagbag.py:537} INFO - Filling up the DagBag from /opt/airflow/dags/energy.py
[2022-12-16T12:09:23.647+0000] {processor.py:768} WARNING - No viable dags retrieved from /opt/airflow/dags/energy.py
[2022-12-16T12:09:23.658+0000] {processor.py:176} INFO - Processing /opt/airflow/dags/energy.py took 2.408 seconds
[2022-12-16T12:09:54.141+0000] {processor.py:154} INFO - Started process (PID=905) to work on /opt/airflow/dags/energy.py
[2022-12-16T12:09:54.151+0000] {processor.py:756} INFO - Processing file /opt/airflow/dags/energy.py for tasks to queue
[2022-12-16T12:09:54.152+0000] {logging_mixin.py:120} INFO - [2022-12-16T12:09:54.152+0000] {dagbag.py:537} INFO - Filling up the DagBag from /opt/airflow/dags/energy.py
[2022-12-16T12:09:56.440+0000] {processor.py:768} WARNING - No viable dags retrieved from /opt/airflow/dags/energy.py
[2022-12-16T12:09:56.451+0000] {processor.py:176} INFO - Processing /opt/airflow/dags/energy.py took 2.316 seconds
[2022-12-16T12:10:27.164+0000] {processor.py:154} INFO - Started process (PID=966) to work on /opt/airflow/dags/energy.py
[2022-12-16T12:10:27.164+0000] {processor.py:756} INFO - Processing file /opt/airflow/dags/energy.py for tasks to queue
[2022-12-16T12:10:27.167+0000] {logging_mixin.py:120} INFO - [2022-12-16T12:10:27.167+0000] {dagbag.py:537} INFO - Filling up the DagBag from /opt/airflow/dags/energy.py
[2022-12-16T12:10:29.478+0000] {processor.py:768} WARNING - No viable dags retrieved from /opt/airflow/dags/energy.py
[2022-12-16T12:10:29.489+0000] {processor.py:176} INFO - Processing /opt/airflow/dags/energy.py took 2.331 seconds
[2022-12-16T12:10:59.857+0000] {processor.py:154} INFO - Started process (PID=1028) to work on /opt/airflow/dags/energy.py
[2022-12-16T12:10:59.858+0000] {processor.py:756} INFO - Processing file /opt/airflow/dags/energy.py for tasks to queue
[2022-12-16T12:10:59.858+0000] {logging_mixin.py:120} INFO - [2022-12-16T12:10:59.858+0000] {dagbag.py:537} INFO - Filling up the DagBag from /opt/airflow/dags/energy.py
[2022-12-16T12:11:02.173+0000] {processor.py:768} WARNING - No viable dags retrieved from /opt/airflow/dags/energy.py
[2022-12-16T12:11:02.185+0000] {processor.py:176} INFO - Processing /opt/airflow/dags/energy.py took 2.332 seconds
[2022-12-16T12:11:32.801+0000] {processor.py:154} INFO - Started process (PID=1089) to work on /opt/airflow/dags/energy.py
[2022-12-16T12:11:32.812+0000] {processor.py:756} INFO - Processing file /opt/airflow/dags/energy.py for tasks to queue
[2022-12-16T12:11:32.813+0000] {logging_mixin.py:120} INFO - [2022-12-16T12:11:32.812+0000] {dagbag.py:537} INFO - Filling up the DagBag from /opt/airflow/dags/energy.py
[2022-12-16T12:11:35.147+0000] {processor.py:768} WARNING - No viable dags retrieved from /opt/airflow/dags/energy.py
[2022-12-16T12:11:35.158+0000] {processor.py:176} INFO - Processing /opt/airflow/dags/energy.py took 2.362 seconds
[2022-12-16T12:12:05.454+0000] {processor.py:154} INFO - Started process (PID=1151) to work on /opt/airflow/dags/energy.py
[2022-12-16T12:12:05.465+0000] {processor.py:756} INFO - Processing file /opt/airflow/dags/energy.py for tasks to queue
[2022-12-16T12:12:05.467+0000] {logging_mixin.py:120} INFO - [2022-12-16T12:12:05.466+0000] {dagbag.py:537} INFO - Filling up the DagBag from /opt/airflow/dags/energy.py
[2022-12-16T12:12:08.476+0000] {processor.py:768} WARNING - No viable dags retrieved from /opt/airflow/dags/energy.py
[2022-12-16T12:12:08.487+0000] {processor.py:176} INFO - Processing /opt/airflow/dags/energy.py took 3.041 seconds
[2022-12-16T12:12:38.645+0000] {processor.py:154} INFO - Started process (PID=1212) to work on /opt/airflow/dags/energy.py
[2022-12-16T12:12:38.646+0000] {processor.py:756} INFO - Processing file /opt/airflow/dags/energy.py for tasks to queue
[2022-12-16T12:12:38.646+0000] {logging_mixin.py:120} INFO - [2022-12-16T12:12:38.646+0000] {dagbag.py:537} INFO - Filling up the DagBag from /opt/airflow/dags/energy.py
[2022-12-16T12:12:40.980+0000] {processor.py:768} WARNING - No viable dags retrieved from /opt/airflow/dags/energy.py
[2022-12-16T12:12:40.991+0000] {processor.py:176} INFO - Processing /opt/airflow/dags/energy.py took 2.350 seconds
[2022-12-16T12:13:11.452+0000] {processor.py:154} INFO - Started process (PID=1273) to work on /opt/airflow/dags/energy.py
[2022-12-16T12:13:11.452+0000] {processor.py:756} INFO - Processing file /opt/airflow/dags/energy.py for tasks to queue
[2022-12-16T12:13:11.453+0000] {logging_mixin.py:120} INFO - [2022-12-16T12:13:11.453+0000] {dagbag.py:537} INFO - Filling up the DagBag from /opt/airflow/dags/energy.py
[2022-12-16T12:13:13.796+0000] {processor.py:768} WARNING - No viable dags retrieved from /opt/airflow/dags/energy.py
[2022-12-16T12:13:13.807+0000] {processor.py:176} INFO - Processing /opt/airflow/dags/energy.py took 2.358 seconds
[2022-12-16T12:13:44.152+0000] {processor.py:154} INFO - Started process (PID=1325) to work on /opt/airflow/dags/energy.py
[2022-12-16T12:13:44.162+0000] {processor.py:756} INFO - Processing file /opt/airflow/dags/energy.py for tasks to queue
[2022-12-16T12:13:44.163+0000] {logging_mixin.py:120} INFO - [2022-12-16T12:13:44.163+0000] {dagbag.py:537} INFO - Filling up the DagBag from /opt/airflow/dags/energy.py
[2022-12-16T12:13:46.593+0000] {processor.py:768} WARNING - No viable dags retrieved from /opt/airflow/dags/energy.py
[2022-12-16T12:13:46.604+0000] {processor.py:176} INFO - Processing /opt/airflow/dags/energy.py took 2.454 seconds
[2022-12-16T12:14:17.147+0000] {processor.py:154} INFO - Started process (PID=1386) to work on /opt/airflow/dags/energy.py
[2022-12-16T12:14:17.147+0000] {processor.py:756} INFO - Processing file /opt/airflow/dags/energy.py for tasks to queue
[2022-12-16T12:14:17.148+0000] {logging_mixin.py:120} INFO - [2022-12-16T12:14:17.148+0000] {dagbag.py:537} INFO - Filling up the DagBag from /opt/airflow/dags/energy.py
[2022-12-16T12:14:19.472+0000] {processor.py:768} WARNING - No viable dags retrieved from /opt/airflow/dags/energy.py
[2022-12-16T12:14:19.484+0000] {processor.py:176} INFO - Processing /opt/airflow/dags/energy.py took 2.340 seconds
[2022-12-16T12:14:49.712+0000] {processor.py:154} INFO - Started process (PID=1448) to work on /opt/airflow/dags/energy.py
[2022-12-16T12:14:49.713+0000] {processor.py:756} INFO - Processing file /opt/airflow/dags/energy.py for tasks to queue
[2022-12-16T12:14:49.714+0000] {logging_mixin.py:120} INFO - [2022-12-16T12:14:49.714+0000] {dagbag.py:537} INFO - Filling up the DagBag from /opt/airflow/dags/energy.py
[2022-12-16T12:14:51.994+0000] {processor.py:768} WARNING - No viable dags retrieved from /opt/airflow/dags/energy.py
[2022-12-16T12:14:52.005+0000] {processor.py:176} INFO - Processing /opt/airflow/dags/energy.py took 2.297 seconds
[2022-12-16T12:15:22.131+0000] {processor.py:154} INFO - Started process (PID=1509) to work on /opt/airflow/dags/energy.py
[2022-12-16T12:15:22.131+0000] {processor.py:756} INFO - Processing file /opt/airflow/dags/energy.py for tasks to queue
[2022-12-16T12:15:22.132+0000] {logging_mixin.py:120} INFO - [2022-12-16T12:15:22.132+0000] {dagbag.py:537} INFO - Filling up the DagBag from /opt/airflow/dags/energy.py
[2022-12-16T12:15:25.809+0000] {processor.py:768} WARNING - No viable dags retrieved from /opt/airflow/dags/energy.py
[2022-12-16T12:15:25.822+0000] {processor.py:176} INFO - Processing /opt/airflow/dags/energy.py took 3.694 seconds
[2022-12-16T12:15:56.179+0000] {processor.py:154} INFO - Started process (PID=1570) to work on /opt/airflow/dags/energy.py
[2022-12-16T12:15:56.179+0000] {processor.py:756} INFO - Processing file /opt/airflow/dags/energy.py for tasks to queue
[2022-12-16T12:15:56.180+0000] {logging_mixin.py:120} INFO - [2022-12-16T12:15:56.180+0000] {dagbag.py:537} INFO - Filling up the DagBag from /opt/airflow/dags/energy.py
[2022-12-16T12:15:58.498+0000] {processor.py:768} WARNING - No viable dags retrieved from /opt/airflow/dags/energy.py
[2022-12-16T12:15:58.510+0000] {processor.py:176} INFO - Processing /opt/airflow/dags/energy.py took 2.335 seconds
[2022-12-16T12:16:28.734+0000] {processor.py:154} INFO - Started process (PID=1631) to work on /opt/airflow/dags/energy.py
[2022-12-16T12:16:28.745+0000] {processor.py:756} INFO - Processing file /opt/airflow/dags/energy.py for tasks to queue
[2022-12-16T12:16:28.746+0000] {logging_mixin.py:120} INFO - [2022-12-16T12:16:28.746+0000] {dagbag.py:537} INFO - Filling up the DagBag from /opt/airflow/dags/energy.py
[2022-12-16T12:16:31.499+0000] {processor.py:768} WARNING - No viable dags retrieved from /opt/airflow/dags/energy.py
[2022-12-16T12:16:31.512+0000] {processor.py:176} INFO - Processing /opt/airflow/dags/energy.py took 2.782 seconds
[2022-12-16T12:17:01.636+0000] {processor.py:154} INFO - Started process (PID=1692) to work on /opt/airflow/dags/energy.py
[2022-12-16T12:17:01.637+0000] {processor.py:756} INFO - Processing file /opt/airflow/dags/energy.py for tasks to queue
[2022-12-16T12:17:01.638+0000] {logging_mixin.py:120} INFO - [2022-12-16T12:17:01.638+0000] {dagbag.py:537} INFO - Filling up the DagBag from /opt/airflow/dags/energy.py
[2022-12-16T12:17:04.956+0000] {processor.py:768} WARNING - No viable dags retrieved from /opt/airflow/dags/energy.py
[2022-12-16T12:17:04.968+0000] {processor.py:176} INFO - Processing /opt/airflow/dags/energy.py took 3.337 seconds
[2022-12-16T12:17:35.016+0000] {processor.py:154} INFO - Started process (PID=1744) to work on /opt/airflow/dags/energy.py
[2022-12-16T12:17:35.017+0000] {processor.py:756} INFO - Processing file /opt/airflow/dags/energy.py for tasks to queue
[2022-12-16T12:17:35.017+0000] {logging_mixin.py:120} INFO - [2022-12-16T12:17:35.017+0000] {dagbag.py:537} INFO - Filling up the DagBag from /opt/airflow/dags/energy.py
[2022-12-16T12:17:37.547+0000] {processor.py:768} WARNING - No viable dags retrieved from /opt/airflow/dags/energy.py
[2022-12-16T12:17:37.558+0000] {processor.py:176} INFO - Processing /opt/airflow/dags/energy.py took 2.545 seconds
[2022-12-16T12:18:07.973+0000] {processor.py:154} INFO - Started process (PID=1805) to work on /opt/airflow/dags/energy.py
[2022-12-16T12:18:07.983+0000] {processor.py:756} INFO - Processing file /opt/airflow/dags/energy.py for tasks to queue
[2022-12-16T12:18:07.984+0000] {logging_mixin.py:120} INFO - [2022-12-16T12:18:07.984+0000] {dagbag.py:537} INFO - Filling up the DagBag from /opt/airflow/dags/energy.py
[2022-12-16T12:18:10.507+0000] {processor.py:768} WARNING - No viable dags retrieved from /opt/airflow/dags/energy.py
[2022-12-16T12:18:10.522+0000] {processor.py:176} INFO - Processing /opt/airflow/dags/energy.py took 2.551 seconds
[2022-12-16T12:18:41.088+0000] {processor.py:154} INFO - Started process (PID=1867) to work on /opt/airflow/dags/energy.py
[2022-12-16T12:18:41.097+0000] {processor.py:756} INFO - Processing file /opt/airflow/dags/energy.py for tasks to queue
[2022-12-16T12:18:41.098+0000] {logging_mixin.py:120} INFO - [2022-12-16T12:18:41.098+0000] {dagbag.py:537} INFO - Filling up the DagBag from /opt/airflow/dags/energy.py
[2022-12-16T12:18:46.158+0000] {processor.py:768} WARNING - No viable dags retrieved from /opt/airflow/dags/energy.py
[2022-12-16T12:18:46.169+0000] {processor.py:176} INFO - Processing /opt/airflow/dags/energy.py took 5.087 seconds
[2022-12-16T12:19:16.805+0000] {processor.py:154} INFO - Started process (PID=1928) to work on /opt/airflow/dags/energy.py
[2022-12-16T12:19:16.815+0000] {processor.py:756} INFO - Processing file /opt/airflow/dags/energy.py for tasks to queue
[2022-12-16T12:19:16.815+0000] {logging_mixin.py:120} INFO - [2022-12-16T12:19:16.815+0000] {dagbag.py:537} INFO - Filling up the DagBag from /opt/airflow/dags/energy.py
[2022-12-16T12:19:19.248+0000] {processor.py:768} WARNING - No viable dags retrieved from /opt/airflow/dags/energy.py
[2022-12-16T12:19:19.259+0000] {processor.py:176} INFO - Processing /opt/airflow/dags/energy.py took 2.459 seconds
[2022-12-16T12:19:49.495+0000] {processor.py:154} INFO - Started process (PID=1989) to work on /opt/airflow/dags/energy.py
[2022-12-16T12:19:49.496+0000] {processor.py:756} INFO - Processing file /opt/airflow/dags/energy.py for tasks to queue
[2022-12-16T12:19:49.497+0000] {logging_mixin.py:120} INFO - [2022-12-16T12:19:49.497+0000] {dagbag.py:537} INFO - Filling up the DagBag from /opt/airflow/dags/energy.py
[2022-12-16T12:19:51.904+0000] {processor.py:768} WARNING - No viable dags retrieved from /opt/airflow/dags/energy.py
[2022-12-16T12:19:51.916+0000] {processor.py:176} INFO - Processing /opt/airflow/dags/energy.py took 2.426 seconds
[2022-12-16T12:20:22.575+0000] {processor.py:154} INFO - Started process (PID=2050) to work on /opt/airflow/dags/energy.py
[2022-12-16T12:20:22.585+0000] {processor.py:756} INFO - Processing file /opt/airflow/dags/energy.py for tasks to queue
[2022-12-16T12:20:22.586+0000] {logging_mixin.py:120} INFO - [2022-12-16T12:20:22.586+0000] {dagbag.py:537} INFO - Filling up the DagBag from /opt/airflow/dags/energy.py
[2022-12-16T12:20:25.109+0000] {processor.py:768} WARNING - No viable dags retrieved from /opt/airflow/dags/energy.py
[2022-12-16T12:20:25.121+0000] {processor.py:176} INFO - Processing /opt/airflow/dags/energy.py took 2.549 seconds
[2022-12-16T12:20:55.372+0000] {processor.py:154} INFO - Started process (PID=2111) to work on /opt/airflow/dags/energy.py
[2022-12-16T12:20:55.382+0000] {processor.py:756} INFO - Processing file /opt/airflow/dags/energy.py for tasks to queue
[2022-12-16T12:20:55.383+0000] {logging_mixin.py:120} INFO - [2022-12-16T12:20:55.383+0000] {dagbag.py:537} INFO - Filling up the DagBag from /opt/airflow/dags/energy.py
[2022-12-16T12:20:57.829+0000] {processor.py:768} WARNING - No viable dags retrieved from /opt/airflow/dags/energy.py
[2022-12-16T12:20:57.841+0000] {processor.py:176} INFO - Processing /opt/airflow/dags/energy.py took 2.473 seconds
[2022-12-16T12:21:28.257+0000] {processor.py:154} INFO - Started process (PID=2170) to work on /opt/airflow/dags/energy.py
[2022-12-16T12:21:28.267+0000] {processor.py:756} INFO - Processing file /opt/airflow/dags/energy.py for tasks to queue
[2022-12-16T12:21:28.267+0000] {logging_mixin.py:120} INFO - [2022-12-16T12:21:28.267+0000] {dagbag.py:537} INFO - Filling up the DagBag from /opt/airflow/dags/energy.py
[2022-12-16T12:21:31.531+0000] {processor.py:768} WARNING - No viable dags retrieved from /opt/airflow/dags/energy.py
[2022-12-16T12:21:31.543+0000] {processor.py:176} INFO - Processing /opt/airflow/dags/energy.py took 3.290 seconds
[2022-12-16T12:22:01.766+0000] {processor.py:154} INFO - Started process (PID=2227) to work on /opt/airflow/dags/energy.py
[2022-12-16T12:22:01.767+0000] {processor.py:756} INFO - Processing file /opt/airflow/dags/energy.py for tasks to queue
[2022-12-16T12:22:01.768+0000] {logging_mixin.py:120} INFO - [2022-12-16T12:22:01.768+0000] {dagbag.py:537} INFO - Filling up the DagBag from /opt/airflow/dags/energy.py
[2022-12-16T12:22:04.542+0000] {processor.py:768} WARNING - No viable dags retrieved from /opt/airflow/dags/energy.py
[2022-12-16T12:22:04.554+0000] {processor.py:176} INFO - Processing /opt/airflow/dags/energy.py took 2.791 seconds
[2022-12-16T12:22:34.923+0000] {processor.py:154} INFO - Started process (PID=2291) to work on /opt/airflow/dags/energy.py
[2022-12-16T12:22:34.924+0000] {processor.py:756} INFO - Processing file /opt/airflow/dags/energy.py for tasks to queue
[2022-12-16T12:22:34.925+0000] {logging_mixin.py:120} INFO - [2022-12-16T12:22:34.924+0000] {dagbag.py:537} INFO - Filling up the DagBag from /opt/airflow/dags/energy.py
[2022-12-16T12:22:37.428+0000] {processor.py:768} WARNING - No viable dags retrieved from /opt/airflow/dags/energy.py
[2022-12-16T12:22:37.439+0000] {processor.py:176} INFO - Processing /opt/airflow/dags/energy.py took 2.519 seconds
[2022-12-16T12:23:07.681+0000] {processor.py:154} INFO - Started process (PID=2352) to work on /opt/airflow/dags/energy.py
[2022-12-16T12:23:07.693+0000] {processor.py:756} INFO - Processing file /opt/airflow/dags/energy.py for tasks to queue
[2022-12-16T12:23:07.693+0000] {logging_mixin.py:120} INFO - [2022-12-16T12:23:07.693+0000] {dagbag.py:537} INFO - Filling up the DagBag from /opt/airflow/dags/energy.py
[2022-12-16T12:23:10.297+0000] {processor.py:768} WARNING - No viable dags retrieved from /opt/airflow/dags/energy.py
[2022-12-16T12:23:10.310+0000] {processor.py:176} INFO - Processing /opt/airflow/dags/energy.py took 2.631 seconds
[2022-12-16T12:23:40.741+0000] {processor.py:154} INFO - Started process (PID=2415) to work on /opt/airflow/dags/energy.py
[2022-12-16T12:23:40.741+0000] {processor.py:756} INFO - Processing file /opt/airflow/dags/energy.py for tasks to queue
[2022-12-16T12:23:40.742+0000] {logging_mixin.py:120} INFO - [2022-12-16T12:23:40.742+0000] {dagbag.py:537} INFO - Filling up the DagBag from /opt/airflow/dags/energy.py
[2022-12-16T12:23:43.089+0000] {processor.py:768} WARNING - No viable dags retrieved from /opt/airflow/dags/energy.py
[2022-12-16T12:23:43.101+0000] {processor.py:176} INFO - Processing /opt/airflow/dags/energy.py took 2.363 seconds
[2022-12-16T12:24:13.699+0000] {processor.py:154} INFO - Started process (PID=2476) to work on /opt/airflow/dags/energy.py
[2022-12-16T12:24:13.699+0000] {processor.py:756} INFO - Processing file /opt/airflow/dags/energy.py for tasks to queue
[2022-12-16T12:24:13.700+0000] {logging_mixin.py:120} INFO - [2022-12-16T12:24:13.700+0000] {dagbag.py:537} INFO - Filling up the DagBag from /opt/airflow/dags/energy.py
[2022-12-16T12:24:16.143+0000] {processor.py:768} WARNING - No viable dags retrieved from /opt/airflow/dags/energy.py
[2022-12-16T12:24:16.154+0000] {processor.py:176} INFO - Processing /opt/airflow/dags/energy.py took 2.461 seconds
[2022-12-16T12:24:47.071+0000] {processor.py:154} INFO - Started process (PID=2537) to work on /opt/airflow/dags/energy.py
[2022-12-16T12:24:47.071+0000] {processor.py:756} INFO - Processing file /opt/airflow/dags/energy.py for tasks to queue
[2022-12-16T12:24:47.072+0000] {logging_mixin.py:120} INFO - [2022-12-16T12:24:47.072+0000] {dagbag.py:537} INFO - Filling up the DagBag from /opt/airflow/dags/energy.py
[2022-12-16T12:24:49.514+0000] {processor.py:768} WARNING - No viable dags retrieved from /opt/airflow/dags/energy.py
[2022-12-16T12:24:49.526+0000] {processor.py:176} INFO - Processing /opt/airflow/dags/energy.py took 2.459 seconds
[2022-12-16T12:25:19.992+0000] {processor.py:154} INFO - Started process (PID=2598) to work on /opt/airflow/dags/energy.py
[2022-12-16T12:25:19.993+0000] {processor.py:756} INFO - Processing file /opt/airflow/dags/energy.py for tasks to queue
[2022-12-16T12:25:19.993+0000] {logging_mixin.py:120} INFO - [2022-12-16T12:25:19.993+0000] {dagbag.py:537} INFO - Filling up the DagBag from /opt/airflow/dags/energy.py
[2022-12-16T12:25:22.597+0000] {processor.py:768} WARNING - No viable dags retrieved from /opt/airflow/dags/energy.py
[2022-12-16T12:25:22.608+0000] {processor.py:176} INFO - Processing /opt/airflow/dags/energy.py took 2.619 seconds
[2022-12-16T12:25:52.688+0000] {processor.py:154} INFO - Started process (PID=2659) to work on /opt/airflow/dags/energy.py
[2022-12-16T12:25:52.688+0000] {processor.py:756} INFO - Processing file /opt/airflow/dags/energy.py for tasks to queue
[2022-12-16T12:25:52.689+0000] {logging_mixin.py:120} INFO - [2022-12-16T12:25:52.689+0000] {dagbag.py:537} INFO - Filling up the DagBag from /opt/airflow/dags/energy.py
[2022-12-16T12:25:55.417+0000] {processor.py:768} WARNING - No viable dags retrieved from /opt/airflow/dags/energy.py
[2022-12-16T12:25:55.429+0000] {processor.py:176} INFO - Processing /opt/airflow/dags/energy.py took 2.745 seconds
[2022-12-16T12:26:25.505+0000] {processor.py:154} INFO - Started process (PID=2711) to work on /opt/airflow/dags/energy.py
[2022-12-16T12:26:25.505+0000] {processor.py:756} INFO - Processing file /opt/airflow/dags/energy.py for tasks to queue
[2022-12-16T12:26:25.506+0000] {logging_mixin.py:120} INFO - [2022-12-16T12:26:25.506+0000] {dagbag.py:537} INFO - Filling up the DagBag from /opt/airflow/dags/energy.py
[2022-12-16T12:26:27.929+0000] {processor.py:768} WARNING - No viable dags retrieved from /opt/airflow/dags/energy.py
[2022-12-16T12:26:27.941+0000] {processor.py:176} INFO - Processing /opt/airflow/dags/energy.py took 2.438 seconds
[2022-12-16T12:26:58.262+0000] {processor.py:154} INFO - Started process (PID=2772) to work on /opt/airflow/dags/energy.py
[2022-12-16T12:26:58.272+0000] {processor.py:756} INFO - Processing file /opt/airflow/dags/energy.py for tasks to queue
[2022-12-16T12:26:58.273+0000] {logging_mixin.py:120} INFO - [2022-12-16T12:26:58.273+0000] {dagbag.py:537} INFO - Filling up the DagBag from /opt/airflow/dags/energy.py
[2022-12-16T12:27:00.805+0000] {processor.py:768} WARNING - No viable dags retrieved from /opt/airflow/dags/energy.py
[2022-12-16T12:27:00.841+0000] {processor.py:176} INFO - Processing /opt/airflow/dags/energy.py took 2.583 seconds
[2022-12-16T12:27:31.001+0000] {processor.py:154} INFO - Started process (PID=2833) to work on /opt/airflow/dags/energy.py
[2022-12-16T12:27:31.013+0000] {processor.py:756} INFO - Processing file /opt/airflow/dags/energy.py for tasks to queue
[2022-12-16T12:27:31.014+0000] {logging_mixin.py:120} INFO - [2022-12-16T12:27:31.014+0000] {dagbag.py:537} INFO - Filling up the DagBag from /opt/airflow/dags/energy.py
[2022-12-16T12:27:33.316+0000] {processor.py:768} WARNING - No viable dags retrieved from /opt/airflow/dags/energy.py
[2022-12-16T12:27:33.327+0000] {processor.py:176} INFO - Processing /opt/airflow/dags/energy.py took 2.331 seconds
[2022-12-16T12:28:03.437+0000] {processor.py:154} INFO - Started process (PID=2894) to work on /opt/airflow/dags/energy.py
[2022-12-16T12:28:03.437+0000] {processor.py:756} INFO - Processing file /opt/airflow/dags/energy.py for tasks to queue
[2022-12-16T12:28:03.437+0000] {logging_mixin.py:120} INFO - [2022-12-16T12:28:03.437+0000] {dagbag.py:537} INFO - Filling up the DagBag from /opt/airflow/dags/energy.py
[2022-12-16T12:28:05.828+0000] {processor.py:768} WARNING - No viable dags retrieved from /opt/airflow/dags/energy.py
[2022-12-16T12:28:05.846+0000] {processor.py:176} INFO - Processing /opt/airflow/dags/energy.py took 2.413 seconds
[2022-12-16T12:28:35.953+0000] {processor.py:154} INFO - Started process (PID=2955) to work on /opt/airflow/dags/energy.py
[2022-12-16T12:28:35.965+0000] {processor.py:756} INFO - Processing file /opt/airflow/dags/energy.py for tasks to queue
[2022-12-16T12:28:35.966+0000] {logging_mixin.py:120} INFO - [2022-12-16T12:28:35.965+0000] {dagbag.py:537} INFO - Filling up the DagBag from /opt/airflow/dags/energy.py
[2022-12-16T12:28:38.283+0000] {processor.py:768} WARNING - No viable dags retrieved from /opt/airflow/dags/energy.py
[2022-12-16T12:28:38.295+0000] {processor.py:176} INFO - Processing /opt/airflow/dags/energy.py took 2.345 seconds
[2022-12-16T12:29:08.572+0000] {processor.py:154} INFO - Started process (PID=3016) to work on /opt/airflow/dags/energy.py
[2022-12-16T12:29:08.573+0000] {processor.py:756} INFO - Processing file /opt/airflow/dags/energy.py for tasks to queue
[2022-12-16T12:29:08.574+0000] {logging_mixin.py:120} INFO - [2022-12-16T12:29:08.574+0000] {dagbag.py:537} INFO - Filling up the DagBag from /opt/airflow/dags/energy.py
[2022-12-16T12:29:10.962+0000] {processor.py:768} WARNING - No viable dags retrieved from /opt/airflow/dags/energy.py
[2022-12-16T12:29:10.975+0000] {processor.py:176} INFO - Processing /opt/airflow/dags/energy.py took 2.405 seconds
[2022-12-16T12:29:41.045+0000] {processor.py:154} INFO - Started process (PID=3075) to work on /opt/airflow/dags/energy.py
[2022-12-16T12:29:41.045+0000] {processor.py:756} INFO - Processing file /opt/airflow/dags/energy.py for tasks to queue
[2022-12-16T12:29:41.046+0000] {logging_mixin.py:120} INFO - [2022-12-16T12:29:41.046+0000] {dagbag.py:537} INFO - Filling up the DagBag from /opt/airflow/dags/energy.py
[2022-12-16T12:29:43.508+0000] {processor.py:768} WARNING - No viable dags retrieved from /opt/airflow/dags/energy.py
[2022-12-16T12:29:43.521+0000] {processor.py:176} INFO - Processing /opt/airflow/dags/energy.py took 2.479 seconds
[2022-12-16T12:30:13.887+0000] {processor.py:154} INFO - Started process (PID=3129) to work on /opt/airflow/dags/energy.py
[2022-12-16T12:30:13.892+0000] {processor.py:756} INFO - Processing file /opt/airflow/dags/energy.py for tasks to queue
[2022-12-16T12:30:13.893+0000] {logging_mixin.py:120} INFO - [2022-12-16T12:30:13.893+0000] {dagbag.py:537} INFO - Filling up the DagBag from /opt/airflow/dags/energy.py
[2022-12-16T12:30:16.633+0000] {processor.py:768} WARNING - No viable dags retrieved from /opt/airflow/dags/energy.py
[2022-12-16T12:30:16.644+0000] {processor.py:176} INFO - Processing /opt/airflow/dags/energy.py took 2.760 seconds
[2022-12-16T12:30:47.233+0000] {processor.py:154} INFO - Started process (PID=3191) to work on /opt/airflow/dags/energy.py
[2022-12-16T12:30:47.244+0000] {processor.py:756} INFO - Processing file /opt/airflow/dags/energy.py for tasks to queue
[2022-12-16T12:30:47.245+0000] {logging_mixin.py:120} INFO - [2022-12-16T12:30:47.244+0000] {dagbag.py:537} INFO - Filling up the DagBag from /opt/airflow/dags/energy.py
[2022-12-16T12:30:49.625+0000] {processor.py:768} WARNING - No viable dags retrieved from /opt/airflow/dags/energy.py
[2022-12-16T12:30:49.638+0000] {processor.py:176} INFO - Processing /opt/airflow/dags/energy.py took 2.411 seconds
[2022-12-16T12:31:19.930+0000] {processor.py:154} INFO - Started process (PID=3252) to work on /opt/airflow/dags/energy.py
[2022-12-16T12:31:19.941+0000] {processor.py:756} INFO - Processing file /opt/airflow/dags/energy.py for tasks to queue
[2022-12-16T12:31:19.942+0000] {logging_mixin.py:120} INFO - [2022-12-16T12:31:19.941+0000] {dagbag.py:537} INFO - Filling up the DagBag from /opt/airflow/dags/energy.py
[2022-12-16T12:31:22.274+0000] {processor.py:768} WARNING - No viable dags retrieved from /opt/airflow/dags/energy.py
[2022-12-16T12:31:22.286+0000] {processor.py:176} INFO - Processing /opt/airflow/dags/energy.py took 2.359 seconds
[2022-12-16T12:31:52.530+0000] {processor.py:154} INFO - Started process (PID=3313) to work on /opt/airflow/dags/energy.py
[2022-12-16T12:31:52.531+0000] {processor.py:756} INFO - Processing file /opt/airflow/dags/energy.py for tasks to queue
[2022-12-16T12:31:52.532+0000] {logging_mixin.py:120} INFO - [2022-12-16T12:31:52.532+0000] {dagbag.py:537} INFO - Filling up the DagBag from /opt/airflow/dags/energy.py
[2022-12-16T12:31:54.916+0000] {processor.py:768} WARNING - No viable dags retrieved from /opt/airflow/dags/energy.py
[2022-12-16T12:31:54.927+0000] {processor.py:176} INFO - Processing /opt/airflow/dags/energy.py took 2.404 seconds
[2022-12-16T12:32:25.510+0000] {processor.py:154} INFO - Started process (PID=3374) to work on /opt/airflow/dags/energy.py
[2022-12-16T12:32:25.511+0000] {processor.py:756} INFO - Processing file /opt/airflow/dags/energy.py for tasks to queue
[2022-12-16T12:32:25.512+0000] {logging_mixin.py:120} INFO - [2022-12-16T12:32:25.512+0000] {dagbag.py:537} INFO - Filling up the DagBag from /opt/airflow/dags/energy.py
[2022-12-16T12:32:29.510+0000] {processor.py:768} WARNING - No viable dags retrieved from /opt/airflow/dags/energy.py
[2022-12-16T12:32:29.522+0000] {processor.py:176} INFO - Processing /opt/airflow/dags/energy.py took 4.016 seconds
[2022-12-16T12:32:59.593+0000] {processor.py:154} INFO - Started process (PID=3438) to work on /opt/airflow/dags/energy.py
[2022-12-16T12:32:59.593+0000] {processor.py:756} INFO - Processing file /opt/airflow/dags/energy.py for tasks to queue
[2022-12-16T12:32:59.594+0000] {logging_mixin.py:120} INFO - [2022-12-16T12:32:59.594+0000] {dagbag.py:537} INFO - Filling up the DagBag from /opt/airflow/dags/energy.py
[2022-12-16T12:33:02.001+0000] {processor.py:768} WARNING - No viable dags retrieved from /opt/airflow/dags/energy.py
[2022-12-16T12:33:02.014+0000] {processor.py:176} INFO - Processing /opt/airflow/dags/energy.py took 2.426 seconds
[2022-12-16T12:33:32.338+0000] {processor.py:154} INFO - Started process (PID=3495) to work on /opt/airflow/dags/energy.py
[2022-12-16T12:33:32.341+0000] {processor.py:756} INFO - Processing file /opt/airflow/dags/energy.py for tasks to queue
[2022-12-16T12:33:32.341+0000] {logging_mixin.py:120} INFO - [2022-12-16T12:33:32.341+0000] {dagbag.py:537} INFO - Filling up the DagBag from /opt/airflow/dags/energy.py
[2022-12-16T12:33:35.093+0000] {processor.py:768} WARNING - No viable dags retrieved from /opt/airflow/dags/energy.py
[2022-12-16T12:33:35.103+0000] {processor.py:176} INFO - Processing /opt/airflow/dags/energy.py took 2.768 seconds
                                                                                                                                                                                                                                                                                                                                                                                                                                                                                                                                                                                                                                                                      [2022-12-16T12:45:14.761+0000] {processor.py:154} INFO - Started process (PID=199) to work on /opt/airflow/dags/energy.py
[2022-12-16T12:45:14.766+0000] {processor.py:756} INFO - Processing file /opt/airflow/dags/energy.py for tasks to queue
[2022-12-16T12:45:14.767+0000] {logging_mixin.py:120} INFO - [2022-12-16T12:45:14.767+0000] {dagbag.py:537} INFO - Filling up the DagBag from /opt/airflow/dags/energy.py
[2022-12-16T12:45:22.706+0000] {processor.py:768} WARNING - No viable dags retrieved from /opt/airflow/dags/energy.py
[2022-12-16T12:45:22.727+0000] {processor.py:176} INFO - Processing /opt/airflow/dags/energy.py took 7.969 seconds
[2022-12-16T12:45:52.845+0000] {processor.py:154} INFO - Started process (PID=256) to work on /opt/airflow/dags/energy.py
[2022-12-16T12:45:52.846+0000] {processor.py:756} INFO - Processing file /opt/airflow/dags/energy.py for tasks to queue
[2022-12-16T12:45:52.847+0000] {logging_mixin.py:120} INFO - [2022-12-16T12:45:52.847+0000] {dagbag.py:537} INFO - Filling up the DagBag from /opt/airflow/dags/energy.py
[2022-12-16T12:45:55.494+0000] {processor.py:768} WARNING - No viable dags retrieved from /opt/airflow/dags/energy.py
[2022-12-16T12:45:55.505+0000] {processor.py:176} INFO - Processing /opt/airflow/dags/energy.py took 2.663 seconds
[2022-12-16T12:47:41.967+0000] {processor.py:154} INFO - Started process (PID=200) to work on /opt/airflow/dags/energy.py
[2022-12-16T12:47:41.968+0000] {processor.py:756} INFO - Processing file /opt/airflow/dags/energy.py for tasks to queue
[2022-12-16T12:47:41.969+0000] {logging_mixin.py:120} INFO - [2022-12-16T12:47:41.969+0000] {dagbag.py:537} INFO - Filling up the DagBag from /opt/airflow/dags/energy.py
[2022-12-16T12:47:46.128+0000] {processor.py:768} WARNING - No viable dags retrieved from /opt/airflow/dags/energy.py
[2022-12-16T12:47:46.145+0000] {processor.py:176} INFO - Processing /opt/airflow/dags/energy.py took 4.182 seconds
[2022-12-16T12:48:16.336+0000] {processor.py:154} INFO - Started process (PID=257) to work on /opt/airflow/dags/energy.py
[2022-12-16T12:48:16.337+0000] {processor.py:756} INFO - Processing file /opt/airflow/dags/energy.py for tasks to queue
[2022-12-16T12:48:16.338+0000] {logging_mixin.py:120} INFO - [2022-12-16T12:48:16.338+0000] {dagbag.py:537} INFO - Filling up the DagBag from /opt/airflow/dags/energy.py
[2022-12-16T12:48:27.407+0000] {processor.py:768} WARNING - No viable dags retrieved from /opt/airflow/dags/energy.py
[2022-12-16T12:48:27.456+0000] {processor.py:176} INFO - Processing /opt/airflow/dags/energy.py took 11.123 seconds
[2022-12-16T12:48:57.648+0000] {processor.py:154} INFO - Started process (PID=389) to work on /opt/airflow/dags/energy.py
[2022-12-16T12:48:57.649+0000] {processor.py:756} INFO - Processing file /opt/airflow/dags/energy.py for tasks to queue
[2022-12-16T12:48:57.649+0000] {logging_mixin.py:120} INFO - [2022-12-16T12:48:57.649+0000] {dagbag.py:537} INFO - Filling up the DagBag from /opt/airflow/dags/energy.py
[2022-12-16T12:49:01.744+0000] {processor.py:768} WARNING - No viable dags retrieved from /opt/airflow/dags/energy.py
[2022-12-16T12:49:01.756+0000] {processor.py:176} INFO - Processing /opt/airflow/dags/energy.py took 4.112 seconds
[2022-12-16T12:49:31.814+0000] {processor.py:154} INFO - Started process (PID=441) to work on /opt/airflow/dags/energy.py
[2022-12-16T12:49:31.814+0000] {processor.py:756} INFO - Processing file /opt/airflow/dags/energy.py for tasks to queue
[2022-12-16T12:49:31.815+0000] {logging_mixin.py:120} INFO - [2022-12-16T12:49:31.815+0000] {dagbag.py:537} INFO - Filling up the DagBag from /opt/airflow/dags/energy.py
[2022-12-16T12:49:34.368+0000] {processor.py:768} WARNING - No viable dags retrieved from /opt/airflow/dags/energy.py
[2022-12-16T12:49:34.381+0000] {processor.py:176} INFO - Processing /opt/airflow/dags/energy.py took 2.570 seconds
[2022-12-16T12:50:05.133+0000] {processor.py:154} INFO - Started process (PID=502) to work on /opt/airflow/dags/energy.py
[2022-12-16T12:50:05.134+0000] {processor.py:756} INFO - Processing file /opt/airflow/dags/energy.py for tasks to queue
[2022-12-16T12:50:05.135+0000] {logging_mixin.py:120} INFO - [2022-12-16T12:50:05.134+0000] {dagbag.py:537} INFO - Filling up the DagBag from /opt/airflow/dags/energy.py
[2022-12-16T12:50:08.581+0000] {processor.py:768} WARNING - No viable dags retrieved from /opt/airflow/dags/energy.py
[2022-12-16T12:50:08.609+0000] {processor.py:176} INFO - Processing /opt/airflow/dags/energy.py took 3.481 seconds
[2022-12-16T12:50:38.686+0000] {processor.py:154} INFO - Started process (PID=563) to work on /opt/airflow/dags/energy.py
[2022-12-16T12:50:38.686+0000] {processor.py:756} INFO - Processing file /opt/airflow/dags/energy.py for tasks to queue
[2022-12-16T12:50:38.687+0000] {logging_mixin.py:120} INFO - [2022-12-16T12:50:38.687+0000] {dagbag.py:537} INFO - Filling up the DagBag from /opt/airflow/dags/energy.py
[2022-12-16T12:50:41.053+0000] {processor.py:768} WARNING - No viable dags retrieved from /opt/airflow/dags/energy.py
[2022-12-16T12:50:41.065+0000] {processor.py:176} INFO - Processing /opt/airflow/dags/energy.py took 2.382 seconds
[2022-12-16T12:51:11.527+0000] {processor.py:154} INFO - Started process (PID=690) to work on /opt/airflow/dags/energy.py
[2022-12-16T12:51:11.537+0000] {processor.py:756} INFO - Processing file /opt/airflow/dags/energy.py for tasks to queue
[2022-12-16T12:51:11.538+0000] {logging_mixin.py:120} INFO - [2022-12-16T12:51:11.538+0000] {dagbag.py:537} INFO - Filling up the DagBag from /opt/airflow/dags/energy.py
[2022-12-16T12:51:15.812+0000] {processor.py:768} WARNING - No viable dags retrieved from /opt/airflow/dags/energy.py
[2022-12-16T12:51:15.826+0000] {processor.py:176} INFO - Processing /opt/airflow/dags/energy.py took 4.303 seconds
[2022-12-16T12:51:46.449+0000] {processor.py:154} INFO - Started process (PID=752) to work on /opt/airflow/dags/energy.py
[2022-12-16T12:51:46.450+0000] {processor.py:756} INFO - Processing file /opt/airflow/dags/energy.py for tasks to queue
[2022-12-16T12:51:46.451+0000] {logging_mixin.py:120} INFO - [2022-12-16T12:51:46.451+0000] {dagbag.py:537} INFO - Filling up the DagBag from /opt/airflow/dags/energy.py
[2022-12-16T12:51:49.108+0000] {processor.py:768} WARNING - No viable dags retrieved from /opt/airflow/dags/energy.py
[2022-12-16T12:51:49.122+0000] {processor.py:176} INFO - Processing /opt/airflow/dags/energy.py took 2.675 seconds
[2022-12-16T12:52:19.341+0000] {processor.py:154} INFO - Started process (PID=813) to work on /opt/airflow/dags/energy.py
[2022-12-16T12:52:19.342+0000] {processor.py:756} INFO - Processing file /opt/airflow/dags/energy.py for tasks to queue
[2022-12-16T12:52:19.342+0000] {logging_mixin.py:120} INFO - [2022-12-16T12:52:19.342+0000] {dagbag.py:537} INFO - Filling up the DagBag from /opt/airflow/dags/energy.py
[2022-12-16T12:52:21.799+0000] {processor.py:768} WARNING - No viable dags retrieved from /opt/airflow/dags/energy.py
[2022-12-16T12:52:21.810+0000] {processor.py:176} INFO - Processing /opt/airflow/dags/energy.py took 2.472 seconds
[2022-12-16T12:52:52.115+0000] {processor.py:154} INFO - Started process (PID=865) to work on /opt/airflow/dags/energy.py
[2022-12-16T12:52:52.116+0000] {processor.py:756} INFO - Processing file /opt/airflow/dags/energy.py for tasks to queue
[2022-12-16T12:52:52.117+0000] {logging_mixin.py:120} INFO - [2022-12-16T12:52:52.117+0000] {dagbag.py:537} INFO - Filling up the DagBag from /opt/airflow/dags/energy.py
[2022-12-16T12:52:54.842+0000] {processor.py:768} WARNING - No viable dags retrieved from /opt/airflow/dags/energy.py
[2022-12-16T12:52:54.858+0000] {processor.py:176} INFO - Processing /opt/airflow/dags/energy.py took 2.745 seconds
[2022-12-16T12:53:25.378+0000] {processor.py:154} INFO - Started process (PID=926) to work on /opt/airflow/dags/energy.py
[2022-12-16T12:53:25.389+0000] {processor.py:756} INFO - Processing file /opt/airflow/dags/energy.py for tasks to queue
[2022-12-16T12:53:25.390+0000] {logging_mixin.py:120} INFO - [2022-12-16T12:53:25.389+0000] {dagbag.py:537} INFO - Filling up the DagBag from /opt/airflow/dags/energy.py
[2022-12-16T12:53:27.859+0000] {processor.py:768} WARNING - No viable dags retrieved from /opt/airflow/dags/energy.py
[2022-12-16T12:53:27.871+0000] {processor.py:176} INFO - Processing /opt/airflow/dags/energy.py took 2.497 seconds
[2022-12-16T12:53:58.223+0000] {processor.py:154} INFO - Started process (PID=987) to work on /opt/airflow/dags/energy.py
[2022-12-16T12:53:58.224+0000] {processor.py:756} INFO - Processing file /opt/airflow/dags/energy.py for tasks to queue
[2022-12-16T12:53:58.224+0000] {logging_mixin.py:120} INFO - [2022-12-16T12:53:58.224+0000] {dagbag.py:537} INFO - Filling up the DagBag from /opt/airflow/dags/energy.py
[2022-12-16T12:54:00.558+0000] {processor.py:768} WARNING - No viable dags retrieved from /opt/airflow/dags/energy.py
[2022-12-16T12:54:00.570+0000] {processor.py:176} INFO - Processing /opt/airflow/dags/energy.py took 2.350 seconds
[2022-12-16T12:54:30.708+0000] {processor.py:154} INFO - Started process (PID=1049) to work on /opt/airflow/dags/energy.py
[2022-12-16T12:54:30.709+0000] {processor.py:756} INFO - Processing file /opt/airflow/dags/energy.py for tasks to queue
[2022-12-16T12:54:30.709+0000] {logging_mixin.py:120} INFO - [2022-12-16T12:54:30.709+0000] {dagbag.py:537} INFO - Filling up the DagBag from /opt/airflow/dags/energy.py
[2022-12-16T12:54:33.305+0000] {processor.py:768} WARNING - No viable dags retrieved from /opt/airflow/dags/energy.py
[2022-12-16T12:54:33.317+0000] {processor.py:176} INFO - Processing /opt/airflow/dags/energy.py took 2.611 seconds
[2022-12-16T12:55:03.591+0000] {processor.py:154} INFO - Started process (PID=1110) to work on /opt/airflow/dags/energy.py
[2022-12-16T12:55:03.593+0000] {processor.py:756} INFO - Processing file /opt/airflow/dags/energy.py for tasks to queue
[2022-12-16T12:55:03.594+0000] {logging_mixin.py:120} INFO - [2022-12-16T12:55:03.594+0000] {dagbag.py:537} INFO - Filling up the DagBag from /opt/airflow/dags/energy.py
[2022-12-16T12:55:05.881+0000] {processor.py:768} WARNING - No viable dags retrieved from /opt/airflow/dags/energy.py
[2022-12-16T12:55:05.892+0000] {processor.py:176} INFO - Processing /opt/airflow/dags/energy.py took 2.306 seconds
[2022-12-16T12:55:36.013+0000] {processor.py:154} INFO - Started process (PID=1171) to work on /opt/airflow/dags/energy.py
[2022-12-16T12:55:36.014+0000] {processor.py:756} INFO - Processing file /opt/airflow/dags/energy.py for tasks to queue
[2022-12-16T12:55:36.014+0000] {logging_mixin.py:120} INFO - [2022-12-16T12:55:36.014+0000] {dagbag.py:537} INFO - Filling up the DagBag from /opt/airflow/dags/energy.py
[2022-12-16T12:55:38.660+0000] {processor.py:768} WARNING - No viable dags retrieved from /opt/airflow/dags/energy.py
[2022-12-16T12:55:38.672+0000] {processor.py:176} INFO - Processing /opt/airflow/dags/energy.py took 2.662 seconds
[2022-12-16T12:56:09.066+0000] {processor.py:154} INFO - Started process (PID=1223) to work on /opt/airflow/dags/energy.py
[2022-12-16T12:56:09.078+0000] {processor.py:756} INFO - Processing file /opt/airflow/dags/energy.py for tasks to queue
[2022-12-16T12:56:09.078+0000] {logging_mixin.py:120} INFO - [2022-12-16T12:56:09.078+0000] {dagbag.py:537} INFO - Filling up the DagBag from /opt/airflow/dags/energy.py
[2022-12-16T12:56:11.485+0000] {processor.py:768} WARNING - No viable dags retrieved from /opt/airflow/dags/energy.py
[2022-12-16T12:56:11.497+0000] {processor.py:176} INFO - Processing /opt/airflow/dags/energy.py took 2.438 seconds
[2022-12-16T12:56:41.714+0000] {processor.py:154} INFO - Started process (PID=1284) to work on /opt/airflow/dags/energy.py
[2022-12-16T12:56:41.715+0000] {processor.py:756} INFO - Processing file /opt/airflow/dags/energy.py for tasks to queue
[2022-12-16T12:56:41.716+0000] {logging_mixin.py:120} INFO - [2022-12-16T12:56:41.716+0000] {dagbag.py:537} INFO - Filling up the DagBag from /opt/airflow/dags/energy.py
[2022-12-16T12:56:44.361+0000] {processor.py:768} WARNING - No viable dags retrieved from /opt/airflow/dags/energy.py
[2022-12-16T12:56:44.373+0000] {processor.py:176} INFO - Processing /opt/airflow/dags/energy.py took 2.664 seconds
[2022-12-16T12:57:15.065+0000] {processor.py:154} INFO - Started process (PID=1345) to work on /opt/airflow/dags/energy.py
[2022-12-16T12:57:15.065+0000] {processor.py:756} INFO - Processing file /opt/airflow/dags/energy.py for tasks to queue
[2022-12-16T12:57:15.066+0000] {logging_mixin.py:120} INFO - [2022-12-16T12:57:15.066+0000] {dagbag.py:537} INFO - Filling up the DagBag from /opt/airflow/dags/energy.py
[2022-12-16T12:57:17.434+0000] {processor.py:768} WARNING - No viable dags retrieved from /opt/airflow/dags/energy.py
[2022-12-16T12:57:17.447+0000] {processor.py:176} INFO - Processing /opt/airflow/dags/energy.py took 2.385 seconds
[2022-12-16T12:57:47.783+0000] {processor.py:154} INFO - Started process (PID=1406) to work on /opt/airflow/dags/energy.py
[2022-12-16T12:57:47.783+0000] {processor.py:756} INFO - Processing file /opt/airflow/dags/energy.py for tasks to queue
[2022-12-16T12:57:47.784+0000] {logging_mixin.py:120} INFO - [2022-12-16T12:57:47.784+0000] {dagbag.py:537} INFO - Filling up the DagBag from /opt/airflow/dags/energy.py
[2022-12-16T12:57:50.128+0000] {processor.py:768} WARNING - No viable dags retrieved from /opt/airflow/dags/energy.py
[2022-12-16T12:57:50.139+0000] {processor.py:176} INFO - Processing /opt/airflow/dags/energy.py took 2.359 seconds
[2022-12-16T12:58:20.340+0000] {processor.py:154} INFO - Started process (PID=1454) to work on /opt/airflow/dags/energy.py
[2022-12-16T12:58:20.350+0000] {processor.py:756} INFO - Processing file /opt/airflow/dags/energy.py for tasks to queue
[2022-12-16T12:58:20.351+0000] {logging_mixin.py:120} INFO - [2022-12-16T12:58:20.351+0000] {dagbag.py:537} INFO - Filling up the DagBag from /opt/airflow/dags/energy.py
[2022-12-16T12:58:22.659+0000] {processor.py:768} WARNING - No viable dags retrieved from /opt/airflow/dags/energy.py
[2022-12-16T12:58:22.670+0000] {processor.py:176} INFO - Processing /opt/airflow/dags/energy.py took 2.336 seconds
