[2022-12-16T00:05:33.937+0000] {processor.py:154} INFO - Started process (PID=32232) to work on /opt/airflow/dags/ENG_hourly_process_dag.py
[2022-12-16T00:05:33.971+0000] {processor.py:756} INFO - Processing file /opt/airflow/dags/ENG_hourly_process_dag.py for tasks to queue
[2022-12-16T00:05:33.981+0000] {logging_mixin.py:120} INFO - [2022-12-16T00:05:33.980+0000] {dagbag.py:537} INFO - Filling up the DagBag from /opt/airflow/dags/ENG_hourly_process_dag.py
[2022-12-16T00:06:20.292+0000] {logging_mixin.py:120} INFO - [2022-12-16T00:06:20.083+0000] {timeout.py:68} ERROR - Process timed out, PID: 32232
[2022-12-16T00:06:20.428+0000] {logging_mixin.py:120} INFO - [2022-12-16T00:06:20.295+0000] {dagbag.py:342} ERROR - Failed to import: /opt/airflow/dags/ENG_hourly_process_dag.py
Traceback (most recent call last):
  File "/home/airflow/.local/lib/python3.7/site-packages/airflow/models/dagbag.py", line 338, in parse
    loader.exec_module(new_module)
  File "<frozen importlib._bootstrap_external>", line 728, in exec_module
  File "<frozen importlib._bootstrap>", line 219, in _call_with_frames_removed
  File "/opt/airflow/dags/ENG_hourly_process_dag.py", line 13, in <module>
    from energy import _get_hourly_demand, _calculate_hourly_demand_forecast
  File "/opt/airflow/dags/energy.py", line 23, in <module>
    import tensorflow as tf
  File "/home/airflow/.local/lib/python3.7/site-packages/tensorflow/__init__.py", line 37, in <module>
    from tensorflow.python.tools import module_util as _module_util
  File "/home/airflow/.local/lib/python3.7/site-packages/tensorflow/python/__init__.py", line 36, in <module>
    from tensorflow.python import pywrap_tensorflow as _pywrap_tensorflow
  File "/home/airflow/.local/lib/python3.7/site-packages/tensorflow/python/pywrap_tensorflow.py", line 62, in <module>
    from tensorflow.python._pywrap_tensorflow_internal import *
  File "/home/airflow/.local/lib/python3.7/site-packages/airflow/utils/timeout.py", line 69, in handle_timeout
    raise AirflowTaskTimeout(self.error_message)
airflow.exceptions.AirflowTaskTimeout: DagBag import timeout for /opt/airflow/dags/ENG_hourly_process_dag.py after 30.0s.
Please take a look at these docs to improve your DAG import time:
* https://airflow.apache.org/docs/apache-airflow/2.4.2/best-practices.html#top-level-python-code
* https://airflow.apache.org/docs/apache-airflow/2.4.2/best-practices.html#reducing-dag-complexity, PID: 32232
[2022-12-16T00:06:20.527+0000] {processor.py:768} WARNING - No viable dags retrieved from /opt/airflow/dags/ENG_hourly_process_dag.py
[2022-12-16T00:06:21.544+0000] {processor.py:176} INFO - Processing /opt/airflow/dags/ENG_hourly_process_dag.py took 47.641 seconds
[2022-12-16T11:59:56.365+0000] {processor.py:154} INFO - Started process (PID=32331) to work on /opt/airflow/dags/ENG_hourly_process_dag.py
[2022-12-16T11:59:56.367+0000] {processor.py:756} INFO - Processing file /opt/airflow/dags/ENG_hourly_process_dag.py for tasks to queue
[2022-12-16T11:59:56.368+0000] {logging_mixin.py:120} INFO - [2022-12-16T11:59:56.368+0000] {dagbag.py:537} INFO - Filling up the DagBag from /opt/airflow/dags/ENG_hourly_process_dag.py
[2022-12-16T12:00:03.593+0000] {processor.py:766} INFO - DAG(s) dict_keys(['ENG_hourly_process_v1']) retrieved from /opt/airflow/dags/ENG_hourly_process_dag.py
[2022-12-16T12:00:03.778+0000] {logging_mixin.py:120} INFO - [2022-12-16T12:00:03.777+0000] {dag.py:2585} INFO - Sync 1 DAGs
[2022-12-16T12:00:03.887+0000] {logging_mixin.py:120} INFO - [2022-12-16T12:00:03.887+0000] {dag.py:3340} INFO - Setting next_dagrun for ENG_hourly_process_v1 to 2022-10-26T00:05:00+00:00, run_after=2022-10-26T01:05:00+00:00
[2022-12-16T12:00:03.963+0000] {processor.py:176} INFO - Processing /opt/airflow/dags/ENG_hourly_process_dag.py took 7.608 seconds
[2022-12-16T12:00:34.211+0000] {processor.py:154} INFO - Started process (PID=32393) to work on /opt/airflow/dags/ENG_hourly_process_dag.py
[2022-12-16T12:00:34.213+0000] {processor.py:756} INFO - Processing file /opt/airflow/dags/ENG_hourly_process_dag.py for tasks to queue
[2022-12-16T12:00:34.226+0000] {logging_mixin.py:120} INFO - [2022-12-16T12:00:34.217+0000] {dagbag.py:537} INFO - Filling up the DagBag from /opt/airflow/dags/ENG_hourly_process_dag.py
[2022-12-16T12:00:41.864+0000] {processor.py:766} INFO - DAG(s) dict_keys(['ENG_hourly_process_v1']) retrieved from /opt/airflow/dags/ENG_hourly_process_dag.py
[2022-12-16T12:00:41.893+0000] {logging_mixin.py:120} INFO - [2022-12-16T12:00:41.893+0000] {dag.py:2585} INFO - Sync 1 DAGs
[2022-12-16T12:00:41.941+0000] {logging_mixin.py:120} INFO - [2022-12-16T12:00:41.940+0000] {dag.py:3340} INFO - Setting next_dagrun for ENG_hourly_process_v1 to 2022-10-26T00:05:00+00:00, run_after=2022-10-26T01:05:00+00:00
[2022-12-16T12:00:41.965+0000] {processor.py:176} INFO - Processing /opt/airflow/dags/ENG_hourly_process_dag.py took 7.760 seconds
[2022-12-16T12:01:12.766+0000] {processor.py:154} INFO - Started process (PID=32456) to work on /opt/airflow/dags/ENG_hourly_process_dag.py
[2022-12-16T12:01:12.767+0000] {processor.py:756} INFO - Processing file /opt/airflow/dags/ENG_hourly_process_dag.py for tasks to queue
[2022-12-16T12:01:12.768+0000] {logging_mixin.py:120} INFO - [2022-12-16T12:01:12.768+0000] {dagbag.py:537} INFO - Filling up the DagBag from /opt/airflow/dags/ENG_hourly_process_dag.py
[2022-12-16T12:01:15.480+0000] {processor.py:766} INFO - DAG(s) dict_keys(['ENG_hourly_process_v1']) retrieved from /opt/airflow/dags/ENG_hourly_process_dag.py
[2022-12-16T12:01:15.508+0000] {logging_mixin.py:120} INFO - [2022-12-16T12:01:15.508+0000] {dag.py:2585} INFO - Sync 1 DAGs
[2022-12-16T12:01:15.535+0000] {logging_mixin.py:120} INFO - [2022-12-16T12:01:15.535+0000] {dag.py:3340} INFO - Setting next_dagrun for ENG_hourly_process_v1 to 2022-10-26T00:05:00+00:00, run_after=2022-10-26T01:05:00+00:00
[2022-12-16T12:01:15.555+0000] {processor.py:176} INFO - Processing /opt/airflow/dags/ENG_hourly_process_dag.py took 2.793 seconds
[2022-12-16T12:01:46.258+0000] {processor.py:154} INFO - Started process (PID=32505) to work on /opt/airflow/dags/ENG_hourly_process_dag.py
[2022-12-16T12:01:46.259+0000] {processor.py:756} INFO - Processing file /opt/airflow/dags/ENG_hourly_process_dag.py for tasks to queue
[2022-12-16T12:01:46.260+0000] {logging_mixin.py:120} INFO - [2022-12-16T12:01:46.260+0000] {dagbag.py:537} INFO - Filling up the DagBag from /opt/airflow/dags/ENG_hourly_process_dag.py
[2022-12-16T12:01:52.800+0000] {processor.py:766} INFO - DAG(s) dict_keys(['ENG_hourly_process_v1']) retrieved from /opt/airflow/dags/ENG_hourly_process_dag.py
[2022-12-16T12:01:52.894+0000] {logging_mixin.py:120} INFO - [2022-12-16T12:01:52.883+0000] {dag.py:2585} INFO - Sync 1 DAGs
[2022-12-16T12:01:53.011+0000] {logging_mixin.py:120} INFO - [2022-12-16T12:01:53.010+0000] {dag.py:3340} INFO - Setting next_dagrun for ENG_hourly_process_v1 to 2022-10-26T00:05:00+00:00, run_after=2022-10-26T01:05:00+00:00
[2022-12-16T12:01:53.091+0000] {processor.py:176} INFO - Processing /opt/airflow/dags/ENG_hourly_process_dag.py took 6.840 seconds
[2022-12-16T12:02:24.079+0000] {processor.py:154} INFO - Started process (PID=32566) to work on /opt/airflow/dags/ENG_hourly_process_dag.py
[2022-12-16T12:02:24.080+0000] {processor.py:756} INFO - Processing file /opt/airflow/dags/ENG_hourly_process_dag.py for tasks to queue
[2022-12-16T12:02:24.082+0000] {logging_mixin.py:120} INFO - [2022-12-16T12:02:24.081+0000] {dagbag.py:537} INFO - Filling up the DagBag from /opt/airflow/dags/ENG_hourly_process_dag.py
[2022-12-16T12:02:30.206+0000] {processor.py:766} INFO - DAG(s) dict_keys(['ENG_hourly_process_v1']) retrieved from /opt/airflow/dags/ENG_hourly_process_dag.py
[2022-12-16T12:02:30.249+0000] {logging_mixin.py:120} INFO - [2022-12-16T12:02:30.248+0000] {dag.py:2585} INFO - Sync 1 DAGs
[2022-12-16T12:02:30.314+0000] {logging_mixin.py:120} INFO - [2022-12-16T12:02:30.314+0000] {dag.py:3340} INFO - Setting next_dagrun for ENG_hourly_process_v1 to 2022-10-26T00:05:00+00:00, run_after=2022-10-26T01:05:00+00:00
[2022-12-16T12:02:30.372+0000] {processor.py:176} INFO - Processing /opt/airflow/dags/ENG_hourly_process_dag.py took 6.309 seconds
[2022-12-16T12:03:01.207+0000] {processor.py:154} INFO - Started process (PID=32628) to work on /opt/airflow/dags/ENG_hourly_process_dag.py
[2022-12-16T12:03:01.219+0000] {processor.py:756} INFO - Processing file /opt/airflow/dags/ENG_hourly_process_dag.py for tasks to queue
[2022-12-16T12:03:01.219+0000] {logging_mixin.py:120} INFO - [2022-12-16T12:03:01.219+0000] {dagbag.py:537} INFO - Filling up the DagBag from /opt/airflow/dags/ENG_hourly_process_dag.py
[2022-12-16T12:03:04.419+0000] {processor.py:766} INFO - DAG(s) dict_keys(['ENG_hourly_process_v1']) retrieved from /opt/airflow/dags/ENG_hourly_process_dag.py
[2022-12-16T12:03:04.447+0000] {logging_mixin.py:120} INFO - [2022-12-16T12:03:04.446+0000] {dag.py:2585} INFO - Sync 1 DAGs
[2022-12-16T12:03:04.474+0000] {logging_mixin.py:120} INFO - [2022-12-16T12:03:04.474+0000] {dag.py:3340} INFO - Setting next_dagrun for ENG_hourly_process_v1 to 2022-10-26T00:05:00+00:00, run_after=2022-10-26T01:05:00+00:00
[2022-12-16T12:03:04.498+0000] {processor.py:176} INFO - Processing /opt/airflow/dags/ENG_hourly_process_dag.py took 3.295 seconds
[2022-12-16T12:03:34.742+0000] {processor.py:154} INFO - Started process (PID=32689) to work on /opt/airflow/dags/ENG_hourly_process_dag.py
[2022-12-16T12:03:34.742+0000] {processor.py:756} INFO - Processing file /opt/airflow/dags/ENG_hourly_process_dag.py for tasks to queue
[2022-12-16T12:03:34.743+0000] {logging_mixin.py:120} INFO - [2022-12-16T12:03:34.743+0000] {dagbag.py:537} INFO - Filling up the DagBag from /opt/airflow/dags/ENG_hourly_process_dag.py
[2022-12-16T12:03:39.167+0000] {processor.py:766} INFO - DAG(s) dict_keys(['ENG_hourly_process_v1']) retrieved from /opt/airflow/dags/ENG_hourly_process_dag.py
[2022-12-16T12:03:39.246+0000] {logging_mixin.py:120} INFO - [2022-12-16T12:03:39.244+0000] {dag.py:2585} INFO - Sync 1 DAGs
[2022-12-16T12:03:39.308+0000] {logging_mixin.py:120} INFO - [2022-12-16T12:03:39.308+0000] {dag.py:3340} INFO - Setting next_dagrun for ENG_hourly_process_v1 to 2022-10-26T00:05:00+00:00, run_after=2022-10-26T01:05:00+00:00
[2022-12-16T12:03:39.367+0000] {processor.py:176} INFO - Processing /opt/airflow/dags/ENG_hourly_process_dag.py took 4.631 seconds
[2022-12-16T12:04:09.813+0000] {processor.py:154} INFO - Started process (PID=32750) to work on /opt/airflow/dags/ENG_hourly_process_dag.py
[2022-12-16T12:04:09.813+0000] {processor.py:756} INFO - Processing file /opt/airflow/dags/ENG_hourly_process_dag.py for tasks to queue
[2022-12-16T12:04:09.814+0000] {logging_mixin.py:120} INFO - [2022-12-16T12:04:09.814+0000] {dagbag.py:537} INFO - Filling up the DagBag from /opt/airflow/dags/ENG_hourly_process_dag.py
[2022-12-16T12:04:12.529+0000] {processor.py:766} INFO - DAG(s) dict_keys(['ENG_hourly_process_v1']) retrieved from /opt/airflow/dags/ENG_hourly_process_dag.py
[2022-12-16T12:04:12.561+0000] {logging_mixin.py:120} INFO - [2022-12-16T12:04:12.561+0000] {dag.py:2585} INFO - Sync 1 DAGs
[2022-12-16T12:04:12.593+0000] {logging_mixin.py:120} INFO - [2022-12-16T12:04:12.593+0000] {dag.py:3340} INFO - Setting next_dagrun for ENG_hourly_process_v1 to 2022-10-26T00:05:00+00:00, run_after=2022-10-26T01:05:00+00:00
[2022-12-16T12:04:12.624+0000] {processor.py:176} INFO - Processing /opt/airflow/dags/ENG_hourly_process_dag.py took 2.815 seconds
[2022-12-16T12:04:42.926+0000] {processor.py:154} INFO - Started process (PID=334) to work on /opt/airflow/dags/ENG_hourly_process_dag.py
[2022-12-16T12:04:42.927+0000] {processor.py:756} INFO - Processing file /opt/airflow/dags/ENG_hourly_process_dag.py for tasks to queue
[2022-12-16T12:04:42.928+0000] {logging_mixin.py:120} INFO - [2022-12-16T12:04:42.928+0000] {dagbag.py:537} INFO - Filling up the DagBag from /opt/airflow/dags/ENG_hourly_process_dag.py
[2022-12-16T12:04:45.587+0000] {processor.py:766} INFO - DAG(s) dict_keys(['ENG_hourly_process_v1']) retrieved from /opt/airflow/dags/ENG_hourly_process_dag.py
[2022-12-16T12:04:45.617+0000] {logging_mixin.py:120} INFO - [2022-12-16T12:04:45.616+0000] {dag.py:2585} INFO - Sync 1 DAGs
[2022-12-16T12:04:45.650+0000] {logging_mixin.py:120} INFO - [2022-12-16T12:04:45.650+0000] {dag.py:3340} INFO - Setting next_dagrun for ENG_hourly_process_v1 to 2022-10-26T00:05:00+00:00, run_after=2022-10-26T01:05:00+00:00
[2022-12-16T12:04:45.669+0000] {processor.py:176} INFO - Processing /opt/airflow/dags/ENG_hourly_process_dag.py took 2.747 seconds
[2022-12-16T12:05:15.743+0000] {processor.py:154} INFO - Started process (PID=395) to work on /opt/airflow/dags/ENG_hourly_process_dag.py
[2022-12-16T12:05:15.744+0000] {processor.py:756} INFO - Processing file /opt/airflow/dags/ENG_hourly_process_dag.py for tasks to queue
[2022-12-16T12:05:15.745+0000] {logging_mixin.py:120} INFO - [2022-12-16T12:05:15.745+0000] {dagbag.py:537} INFO - Filling up the DagBag from /opt/airflow/dags/ENG_hourly_process_dag.py
[2022-12-16T12:05:18.376+0000] {processor.py:766} INFO - DAG(s) dict_keys(['ENG_hourly_process_v1']) retrieved from /opt/airflow/dags/ENG_hourly_process_dag.py
[2022-12-16T12:05:18.405+0000] {logging_mixin.py:120} INFO - [2022-12-16T12:05:18.404+0000] {dag.py:2585} INFO - Sync 1 DAGs
[2022-12-16T12:05:18.443+0000] {logging_mixin.py:120} INFO - [2022-12-16T12:05:18.443+0000] {dag.py:3340} INFO - Setting next_dagrun for ENG_hourly_process_v1 to 2022-10-26T00:05:00+00:00, run_after=2022-10-26T01:05:00+00:00
[2022-12-16T12:05:18.464+0000] {processor.py:176} INFO - Processing /opt/airflow/dags/ENG_hourly_process_dag.py took 2.726 seconds
[2022-12-16T12:05:48.757+0000] {processor.py:154} INFO - Started process (PID=456) to work on /opt/airflow/dags/ENG_hourly_process_dag.py
[2022-12-16T12:05:48.759+0000] {processor.py:756} INFO - Processing file /opt/airflow/dags/ENG_hourly_process_dag.py for tasks to queue
[2022-12-16T12:05:48.760+0000] {logging_mixin.py:120} INFO - [2022-12-16T12:05:48.760+0000] {dagbag.py:537} INFO - Filling up the DagBag from /opt/airflow/dags/ENG_hourly_process_dag.py
[2022-12-16T12:05:52.975+0000] {processor.py:766} INFO - DAG(s) dict_keys(['ENG_hourly_process_v1']) retrieved from /opt/airflow/dags/ENG_hourly_process_dag.py
[2022-12-16T12:05:53.008+0000] {logging_mixin.py:120} INFO - [2022-12-16T12:05:53.008+0000] {dag.py:2585} INFO - Sync 1 DAGs
[2022-12-16T12:05:53.058+0000] {logging_mixin.py:120} INFO - [2022-12-16T12:05:53.056+0000] {dag.py:3340} INFO - Setting next_dagrun for ENG_hourly_process_v1 to 2022-10-26T00:05:00+00:00, run_after=2022-10-26T01:05:00+00:00
[2022-12-16T12:05:53.112+0000] {processor.py:176} INFO - Processing /opt/airflow/dags/ENG_hourly_process_dag.py took 4.362 seconds
[2022-12-16T12:06:23.207+0000] {processor.py:154} INFO - Started process (PID=517) to work on /opt/airflow/dags/ENG_hourly_process_dag.py
[2022-12-16T12:06:23.209+0000] {processor.py:756} INFO - Processing file /opt/airflow/dags/ENG_hourly_process_dag.py for tasks to queue
[2022-12-16T12:06:23.210+0000] {logging_mixin.py:120} INFO - [2022-12-16T12:06:23.210+0000] {dagbag.py:537} INFO - Filling up the DagBag from /opt/airflow/dags/ENG_hourly_process_dag.py
[2022-12-16T12:06:26.060+0000] {processor.py:766} INFO - DAG(s) dict_keys(['ENG_hourly_process_v1']) retrieved from /opt/airflow/dags/ENG_hourly_process_dag.py
[2022-12-16T12:06:26.085+0000] {logging_mixin.py:120} INFO - [2022-12-16T12:06:26.084+0000] {dag.py:2585} INFO - Sync 1 DAGs
[2022-12-16T12:06:26.110+0000] {logging_mixin.py:120} INFO - [2022-12-16T12:06:26.110+0000] {dag.py:3340} INFO - Setting next_dagrun for ENG_hourly_process_v1 to 2022-10-26T00:05:00+00:00, run_after=2022-10-26T01:05:00+00:00
[2022-12-16T12:06:26.132+0000] {processor.py:176} INFO - Processing /opt/airflow/dags/ENG_hourly_process_dag.py took 2.929 seconds
[2022-12-16T12:06:56.457+0000] {processor.py:154} INFO - Started process (PID=578) to work on /opt/airflow/dags/ENG_hourly_process_dag.py
[2022-12-16T12:06:56.458+0000] {processor.py:756} INFO - Processing file /opt/airflow/dags/ENG_hourly_process_dag.py for tasks to queue
[2022-12-16T12:06:56.460+0000] {logging_mixin.py:120} INFO - [2022-12-16T12:06:56.459+0000] {dagbag.py:537} INFO - Filling up the DagBag from /opt/airflow/dags/ENG_hourly_process_dag.py
[2022-12-16T12:06:59.106+0000] {processor.py:766} INFO - DAG(s) dict_keys(['ENG_hourly_process_v1']) retrieved from /opt/airflow/dags/ENG_hourly_process_dag.py
[2022-12-16T12:06:59.130+0000] {logging_mixin.py:120} INFO - [2022-12-16T12:06:59.129+0000] {dag.py:2585} INFO - Sync 1 DAGs
[2022-12-16T12:06:59.154+0000] {logging_mixin.py:120} INFO - [2022-12-16T12:06:59.154+0000] {dag.py:3340} INFO - Setting next_dagrun for ENG_hourly_process_v1 to 2022-10-26T00:05:00+00:00, run_after=2022-10-26T01:05:00+00:00
[2022-12-16T12:06:59.172+0000] {processor.py:176} INFO - Processing /opt/airflow/dags/ENG_hourly_process_dag.py took 2.719 seconds
[2022-12-16T12:07:29.564+0000] {processor.py:154} INFO - Started process (PID=645) to work on /opt/airflow/dags/ENG_hourly_process_dag.py
[2022-12-16T12:07:29.564+0000] {processor.py:756} INFO - Processing file /opt/airflow/dags/ENG_hourly_process_dag.py for tasks to queue
[2022-12-16T12:07:29.565+0000] {logging_mixin.py:120} INFO - [2022-12-16T12:07:29.564+0000] {dagbag.py:537} INFO - Filling up the DagBag from /opt/airflow/dags/ENG_hourly_process_dag.py
[2022-12-16T12:07:31.964+0000] {processor.py:766} INFO - DAG(s) dict_keys(['ENG_hourly_process_v1']) retrieved from /opt/airflow/dags/ENG_hourly_process_dag.py
[2022-12-16T12:07:31.985+0000] {logging_mixin.py:120} INFO - [2022-12-16T12:07:31.985+0000] {dag.py:2585} INFO - Sync 1 DAGs
[2022-12-16T12:07:32.007+0000] {logging_mixin.py:120} INFO - [2022-12-16T12:07:32.007+0000] {dag.py:3340} INFO - Setting next_dagrun for ENG_hourly_process_v1 to 2022-10-26T00:05:00+00:00, run_after=2022-10-26T01:05:00+00:00
[2022-12-16T12:07:32.023+0000] {processor.py:176} INFO - Processing /opt/airflow/dags/ENG_hourly_process_dag.py took 2.462 seconds
[2022-12-16T12:08:02.200+0000] {processor.py:154} INFO - Started process (PID=706) to work on /opt/airflow/dags/ENG_hourly_process_dag.py
[2022-12-16T12:08:02.201+0000] {processor.py:756} INFO - Processing file /opt/airflow/dags/ENG_hourly_process_dag.py for tasks to queue
[2022-12-16T12:08:02.202+0000] {logging_mixin.py:120} INFO - [2022-12-16T12:08:02.202+0000] {dagbag.py:537} INFO - Filling up the DagBag from /opt/airflow/dags/ENG_hourly_process_dag.py
[2022-12-16T12:08:05.563+0000] {processor.py:766} INFO - DAG(s) dict_keys(['ENG_hourly_process_v1']) retrieved from /opt/airflow/dags/ENG_hourly_process_dag.py
[2022-12-16T12:08:05.588+0000] {logging_mixin.py:120} INFO - [2022-12-16T12:08:05.588+0000] {dag.py:2585} INFO - Sync 1 DAGs
[2022-12-16T12:08:05.615+0000] {logging_mixin.py:120} INFO - [2022-12-16T12:08:05.615+0000] {dag.py:3340} INFO - Setting next_dagrun for ENG_hourly_process_v1 to 2022-10-26T00:05:00+00:00, run_after=2022-10-26T01:05:00+00:00
[2022-12-16T12:08:05.637+0000] {processor.py:176} INFO - Processing /opt/airflow/dags/ENG_hourly_process_dag.py took 3.440 seconds
[2022-12-16T12:08:35.838+0000] {processor.py:154} INFO - Started process (PID=758) to work on /opt/airflow/dags/ENG_hourly_process_dag.py
[2022-12-16T12:08:35.848+0000] {processor.py:756} INFO - Processing file /opt/airflow/dags/ENG_hourly_process_dag.py for tasks to queue
[2022-12-16T12:08:35.849+0000] {logging_mixin.py:120} INFO - [2022-12-16T12:08:35.849+0000] {dagbag.py:537} INFO - Filling up the DagBag from /opt/airflow/dags/ENG_hourly_process_dag.py
[2022-12-16T12:08:38.544+0000] {processor.py:766} INFO - DAG(s) dict_keys(['ENG_hourly_process_v1']) retrieved from /opt/airflow/dags/ENG_hourly_process_dag.py
[2022-12-16T12:08:38.566+0000] {logging_mixin.py:120} INFO - [2022-12-16T12:08:38.565+0000] {dag.py:2585} INFO - Sync 1 DAGs
[2022-12-16T12:08:38.588+0000] {logging_mixin.py:120} INFO - [2022-12-16T12:08:38.588+0000] {dag.py:3340} INFO - Setting next_dagrun for ENG_hourly_process_v1 to 2022-10-26T00:05:00+00:00, run_after=2022-10-26T01:05:00+00:00
[2022-12-16T12:08:38.605+0000] {processor.py:176} INFO - Processing /opt/airflow/dags/ENG_hourly_process_dag.py took 2.770 seconds
[2022-12-16T12:09:08.853+0000] {processor.py:154} INFO - Started process (PID=821) to work on /opt/airflow/dags/ENG_hourly_process_dag.py
[2022-12-16T12:09:08.864+0000] {processor.py:756} INFO - Processing file /opt/airflow/dags/ENG_hourly_process_dag.py for tasks to queue
[2022-12-16T12:09:08.864+0000] {logging_mixin.py:120} INFO - [2022-12-16T12:09:08.864+0000] {dagbag.py:537} INFO - Filling up the DagBag from /opt/airflow/dags/ENG_hourly_process_dag.py
[2022-12-16T12:09:11.248+0000] {processor.py:766} INFO - DAG(s) dict_keys(['ENG_hourly_process_v1']) retrieved from /opt/airflow/dags/ENG_hourly_process_dag.py
[2022-12-16T12:09:11.271+0000] {logging_mixin.py:120} INFO - [2022-12-16T12:09:11.271+0000] {dag.py:2585} INFO - Sync 1 DAGs
[2022-12-16T12:09:11.294+0000] {logging_mixin.py:120} INFO - [2022-12-16T12:09:11.294+0000] {dag.py:3340} INFO - Setting next_dagrun for ENG_hourly_process_v1 to 2022-10-26T00:05:00+00:00, run_after=2022-10-26T01:05:00+00:00
[2022-12-16T12:09:11.311+0000] {processor.py:176} INFO - Processing /opt/airflow/dags/ENG_hourly_process_dag.py took 2.462 seconds
[2022-12-16T12:09:41.649+0000] {processor.py:154} INFO - Started process (PID=882) to work on /opt/airflow/dags/ENG_hourly_process_dag.py
[2022-12-16T12:09:41.649+0000] {processor.py:756} INFO - Processing file /opt/airflow/dags/ENG_hourly_process_dag.py for tasks to queue
[2022-12-16T12:09:41.650+0000] {logging_mixin.py:120} INFO - [2022-12-16T12:09:41.650+0000] {dagbag.py:537} INFO - Filling up the DagBag from /opt/airflow/dags/ENG_hourly_process_dag.py
[2022-12-16T12:09:43.966+0000] {processor.py:766} INFO - DAG(s) dict_keys(['ENG_hourly_process_v1']) retrieved from /opt/airflow/dags/ENG_hourly_process_dag.py
[2022-12-16T12:09:43.989+0000] {logging_mixin.py:120} INFO - [2022-12-16T12:09:43.989+0000] {dag.py:2585} INFO - Sync 1 DAGs
[2022-12-16T12:09:44.010+0000] {logging_mixin.py:120} INFO - [2022-12-16T12:09:44.010+0000] {dag.py:3340} INFO - Setting next_dagrun for ENG_hourly_process_v1 to 2022-10-26T00:05:00+00:00, run_after=2022-10-26T01:05:00+00:00
[2022-12-16T12:09:44.027+0000] {processor.py:176} INFO - Processing /opt/airflow/dags/ENG_hourly_process_dag.py took 2.383 seconds
[2022-12-16T12:10:14.646+0000] {processor.py:154} INFO - Started process (PID=943) to work on /opt/airflow/dags/ENG_hourly_process_dag.py
[2022-12-16T12:10:14.647+0000] {processor.py:756} INFO - Processing file /opt/airflow/dags/ENG_hourly_process_dag.py for tasks to queue
[2022-12-16T12:10:14.648+0000] {logging_mixin.py:120} INFO - [2022-12-16T12:10:14.647+0000] {dagbag.py:537} INFO - Filling up the DagBag from /opt/airflow/dags/ENG_hourly_process_dag.py
[2022-12-16T12:10:16.983+0000] {processor.py:766} INFO - DAG(s) dict_keys(['ENG_hourly_process_v1']) retrieved from /opt/airflow/dags/ENG_hourly_process_dag.py
[2022-12-16T12:10:17.003+0000] {logging_mixin.py:120} INFO - [2022-12-16T12:10:17.003+0000] {dag.py:2585} INFO - Sync 1 DAGs
[2022-12-16T12:10:17.026+0000] {logging_mixin.py:120} INFO - [2022-12-16T12:10:17.026+0000] {dag.py:3340} INFO - Setting next_dagrun for ENG_hourly_process_v1 to 2022-10-26T00:05:00+00:00, run_after=2022-10-26T01:05:00+00:00
[2022-12-16T12:10:17.055+0000] {processor.py:176} INFO - Processing /opt/airflow/dags/ENG_hourly_process_dag.py took 2.413 seconds
[2022-12-16T12:10:47.659+0000] {processor.py:154} INFO - Started process (PID=1004) to work on /opt/airflow/dags/ENG_hourly_process_dag.py
[2022-12-16T12:10:47.670+0000] {processor.py:756} INFO - Processing file /opt/airflow/dags/ENG_hourly_process_dag.py for tasks to queue
[2022-12-16T12:10:47.670+0000] {logging_mixin.py:120} INFO - [2022-12-16T12:10:47.670+0000] {dagbag.py:537} INFO - Filling up the DagBag from /opt/airflow/dags/ENG_hourly_process_dag.py
[2022-12-16T12:10:49.983+0000] {processor.py:766} INFO - DAG(s) dict_keys(['ENG_hourly_process_v1']) retrieved from /opt/airflow/dags/ENG_hourly_process_dag.py
[2022-12-16T12:10:50.005+0000] {logging_mixin.py:120} INFO - [2022-12-16T12:10:50.004+0000] {dag.py:2585} INFO - Sync 1 DAGs
[2022-12-16T12:10:50.026+0000] {logging_mixin.py:120} INFO - [2022-12-16T12:10:50.026+0000] {dag.py:3340} INFO - Setting next_dagrun for ENG_hourly_process_v1 to 2022-10-26T00:05:00+00:00, run_after=2022-10-26T01:05:00+00:00
[2022-12-16T12:10:50.053+0000] {processor.py:176} INFO - Processing /opt/airflow/dags/ENG_hourly_process_dag.py took 2.399 seconds
[2022-12-16T12:11:20.198+0000] {processor.py:154} INFO - Started process (PID=1066) to work on /opt/airflow/dags/ENG_hourly_process_dag.py
[2022-12-16T12:11:20.209+0000] {processor.py:756} INFO - Processing file /opt/airflow/dags/ENG_hourly_process_dag.py for tasks to queue
[2022-12-16T12:11:20.209+0000] {logging_mixin.py:120} INFO - [2022-12-16T12:11:20.209+0000] {dagbag.py:537} INFO - Filling up the DagBag from /opt/airflow/dags/ENG_hourly_process_dag.py
[2022-12-16T12:11:22.614+0000] {processor.py:766} INFO - DAG(s) dict_keys(['ENG_hourly_process_v1']) retrieved from /opt/airflow/dags/ENG_hourly_process_dag.py
[2022-12-16T12:11:22.636+0000] {logging_mixin.py:120} INFO - [2022-12-16T12:11:22.635+0000] {dag.py:2585} INFO - Sync 1 DAGs
[2022-12-16T12:11:22.657+0000] {logging_mixin.py:120} INFO - [2022-12-16T12:11:22.657+0000] {dag.py:3340} INFO - Setting next_dagrun for ENG_hourly_process_v1 to 2022-10-26T00:05:00+00:00, run_after=2022-10-26T01:05:00+00:00
[2022-12-16T12:11:22.674+0000] {processor.py:176} INFO - Processing /opt/airflow/dags/ENG_hourly_process_dag.py took 2.479 seconds
[2022-12-16T12:11:53.315+0000] {processor.py:154} INFO - Started process (PID=1128) to work on /opt/airflow/dags/ENG_hourly_process_dag.py
[2022-12-16T12:11:53.316+0000] {processor.py:756} INFO - Processing file /opt/airflow/dags/ENG_hourly_process_dag.py for tasks to queue
[2022-12-16T12:11:53.316+0000] {logging_mixin.py:120} INFO - [2022-12-16T12:11:53.316+0000] {dagbag.py:537} INFO - Filling up the DagBag from /opt/airflow/dags/ENG_hourly_process_dag.py
[2022-12-16T12:11:55.769+0000] {processor.py:766} INFO - DAG(s) dict_keys(['ENG_hourly_process_v1']) retrieved from /opt/airflow/dags/ENG_hourly_process_dag.py
[2022-12-16T12:11:55.793+0000] {logging_mixin.py:120} INFO - [2022-12-16T12:11:55.793+0000] {dag.py:2585} INFO - Sync 1 DAGs
[2022-12-16T12:11:55.817+0000] {logging_mixin.py:120} INFO - [2022-12-16T12:11:55.817+0000] {dag.py:3340} INFO - Setting next_dagrun for ENG_hourly_process_v1 to 2022-10-26T00:05:00+00:00, run_after=2022-10-26T01:05:00+00:00
[2022-12-16T12:11:55.846+0000] {processor.py:176} INFO - Processing /opt/airflow/dags/ENG_hourly_process_dag.py took 2.534 seconds
[2022-12-16T12:12:26.288+0000] {processor.py:154} INFO - Started process (PID=1189) to work on /opt/airflow/dags/ENG_hourly_process_dag.py
[2022-12-16T12:12:26.289+0000] {processor.py:756} INFO - Processing file /opt/airflow/dags/ENG_hourly_process_dag.py for tasks to queue
[2022-12-16T12:12:26.289+0000] {logging_mixin.py:120} INFO - [2022-12-16T12:12:26.289+0000] {dagbag.py:537} INFO - Filling up the DagBag from /opt/airflow/dags/ENG_hourly_process_dag.py
[2022-12-16T12:12:28.607+0000] {processor.py:766} INFO - DAG(s) dict_keys(['ENG_hourly_process_v1']) retrieved from /opt/airflow/dags/ENG_hourly_process_dag.py
[2022-12-16T12:12:28.629+0000] {logging_mixin.py:120} INFO - [2022-12-16T12:12:28.628+0000] {dag.py:2585} INFO - Sync 1 DAGs
[2022-12-16T12:12:28.650+0000] {logging_mixin.py:120} INFO - [2022-12-16T12:12:28.649+0000] {dag.py:3340} INFO - Setting next_dagrun for ENG_hourly_process_v1 to 2022-10-26T00:05:00+00:00, run_after=2022-10-26T01:05:00+00:00
[2022-12-16T12:12:28.667+0000] {processor.py:176} INFO - Processing /opt/airflow/dags/ENG_hourly_process_dag.py took 2.382 seconds
[2022-12-16T12:12:59.141+0000] {processor.py:154} INFO - Started process (PID=1241) to work on /opt/airflow/dags/ENG_hourly_process_dag.py
[2022-12-16T12:12:59.141+0000] {processor.py:756} INFO - Processing file /opt/airflow/dags/ENG_hourly_process_dag.py for tasks to queue
[2022-12-16T12:12:59.142+0000] {logging_mixin.py:120} INFO - [2022-12-16T12:12:59.142+0000] {dagbag.py:537} INFO - Filling up the DagBag from /opt/airflow/dags/ENG_hourly_process_dag.py
[2022-12-16T12:13:01.546+0000] {processor.py:766} INFO - DAG(s) dict_keys(['ENG_hourly_process_v1']) retrieved from /opt/airflow/dags/ENG_hourly_process_dag.py
[2022-12-16T12:13:01.567+0000] {logging_mixin.py:120} INFO - [2022-12-16T12:13:01.566+0000] {dag.py:2585} INFO - Sync 1 DAGs
[2022-12-16T12:13:01.592+0000] {logging_mixin.py:120} INFO - [2022-12-16T12:13:01.591+0000] {dag.py:3340} INFO - Setting next_dagrun for ENG_hourly_process_v1 to 2022-10-26T00:05:00+00:00, run_after=2022-10-26T01:05:00+00:00
[2022-12-16T12:13:01.610+0000] {processor.py:176} INFO - Processing /opt/airflow/dags/ENG_hourly_process_dag.py took 2.472 seconds
[2022-12-16T12:13:31.951+0000] {processor.py:154} INFO - Started process (PID=1302) to work on /opt/airflow/dags/ENG_hourly_process_dag.py
[2022-12-16T12:13:31.962+0000] {processor.py:756} INFO - Processing file /opt/airflow/dags/ENG_hourly_process_dag.py for tasks to queue
[2022-12-16T12:13:31.963+0000] {logging_mixin.py:120} INFO - [2022-12-16T12:13:31.963+0000] {dagbag.py:537} INFO - Filling up the DagBag from /opt/airflow/dags/ENG_hourly_process_dag.py
[2022-12-16T12:13:34.309+0000] {processor.py:766} INFO - DAG(s) dict_keys(['ENG_hourly_process_v1']) retrieved from /opt/airflow/dags/ENG_hourly_process_dag.py
[2022-12-16T12:13:34.330+0000] {logging_mixin.py:120} INFO - [2022-12-16T12:13:34.330+0000] {dag.py:2585} INFO - Sync 1 DAGs
[2022-12-16T12:13:34.352+0000] {logging_mixin.py:120} INFO - [2022-12-16T12:13:34.352+0000] {dag.py:3340} INFO - Setting next_dagrun for ENG_hourly_process_v1 to 2022-10-26T00:05:00+00:00, run_after=2022-10-26T01:05:00+00:00
[2022-12-16T12:13:34.371+0000] {processor.py:176} INFO - Processing /opt/airflow/dags/ENG_hourly_process_dag.py took 2.422 seconds
[2022-12-16T12:14:04.662+0000] {processor.py:154} INFO - Started process (PID=1363) to work on /opt/airflow/dags/ENG_hourly_process_dag.py
[2022-12-16T12:14:04.662+0000] {processor.py:756} INFO - Processing file /opt/airflow/dags/ENG_hourly_process_dag.py for tasks to queue
[2022-12-16T12:14:04.662+0000] {logging_mixin.py:120} INFO - [2022-12-16T12:14:04.662+0000] {dagbag.py:537} INFO - Filling up the DagBag from /opt/airflow/dags/ENG_hourly_process_dag.py
[2022-12-16T12:14:06.952+0000] {processor.py:766} INFO - DAG(s) dict_keys(['ENG_hourly_process_v1']) retrieved from /opt/airflow/dags/ENG_hourly_process_dag.py
[2022-12-16T12:14:06.974+0000] {logging_mixin.py:120} INFO - [2022-12-16T12:14:06.973+0000] {dag.py:2585} INFO - Sync 1 DAGs
[2022-12-16T12:14:06.996+0000] {logging_mixin.py:120} INFO - [2022-12-16T12:14:06.996+0000] {dag.py:3340} INFO - Setting next_dagrun for ENG_hourly_process_v1 to 2022-10-26T00:05:00+00:00, run_after=2022-10-26T01:05:00+00:00
[2022-12-16T12:14:07.025+0000] {processor.py:176} INFO - Processing /opt/airflow/dags/ENG_hourly_process_dag.py took 2.366 seconds
[2022-12-16T12:14:37.100+0000] {processor.py:154} INFO - Started process (PID=1424) to work on /opt/airflow/dags/ENG_hourly_process_dag.py
[2022-12-16T12:14:37.101+0000] {processor.py:756} INFO - Processing file /opt/airflow/dags/ENG_hourly_process_dag.py for tasks to queue
[2022-12-16T12:14:37.101+0000] {logging_mixin.py:120} INFO - [2022-12-16T12:14:37.101+0000] {dagbag.py:537} INFO - Filling up the DagBag from /opt/airflow/dags/ENG_hourly_process_dag.py
[2022-12-16T12:14:39.426+0000] {processor.py:766} INFO - DAG(s) dict_keys(['ENG_hourly_process_v1']) retrieved from /opt/airflow/dags/ENG_hourly_process_dag.py
[2022-12-16T12:14:39.448+0000] {logging_mixin.py:120} INFO - [2022-12-16T12:14:39.448+0000] {dag.py:2585} INFO - Sync 1 DAGs
[2022-12-16T12:14:39.473+0000] {logging_mixin.py:120} INFO - [2022-12-16T12:14:39.473+0000] {dag.py:3340} INFO - Setting next_dagrun for ENG_hourly_process_v1 to 2022-10-26T00:05:00+00:00, run_after=2022-10-26T01:05:00+00:00
[2022-12-16T12:14:39.492+0000] {processor.py:176} INFO - Processing /opt/airflow/dags/ENG_hourly_process_dag.py took 2.394 seconds
[2022-12-16T12:15:09.917+0000] {processor.py:154} INFO - Started process (PID=1486) to work on /opt/airflow/dags/ENG_hourly_process_dag.py
[2022-12-16T12:15:09.928+0000] {processor.py:756} INFO - Processing file /opt/airflow/dags/ENG_hourly_process_dag.py for tasks to queue
[2022-12-16T12:15:09.928+0000] {logging_mixin.py:120} INFO - [2022-12-16T12:15:09.928+0000] {dagbag.py:537} INFO - Filling up the DagBag from /opt/airflow/dags/ENG_hourly_process_dag.py
[2022-12-16T12:15:12.635+0000] {processor.py:766} INFO - DAG(s) dict_keys(['ENG_hourly_process_v1']) retrieved from /opt/airflow/dags/ENG_hourly_process_dag.py
[2022-12-16T12:15:12.663+0000] {logging_mixin.py:120} INFO - [2022-12-16T12:15:12.662+0000] {dag.py:2585} INFO - Sync 1 DAGs
[2022-12-16T12:15:12.699+0000] {logging_mixin.py:120} INFO - [2022-12-16T12:15:12.699+0000] {dag.py:3340} INFO - Setting next_dagrun for ENG_hourly_process_v1 to 2022-10-26T00:05:00+00:00, run_after=2022-10-26T01:05:00+00:00
[2022-12-16T12:15:12.730+0000] {processor.py:176} INFO - Processing /opt/airflow/dags/ENG_hourly_process_dag.py took 2.817 seconds
[2022-12-16T12:15:43.003+0000] {processor.py:154} INFO - Started process (PID=1547) to work on /opt/airflow/dags/ENG_hourly_process_dag.py
[2022-12-16T12:15:43.004+0000] {processor.py:756} INFO - Processing file /opt/airflow/dags/ENG_hourly_process_dag.py for tasks to queue
[2022-12-16T12:15:43.004+0000] {logging_mixin.py:120} INFO - [2022-12-16T12:15:43.004+0000] {dagbag.py:537} INFO - Filling up the DagBag from /opt/airflow/dags/ENG_hourly_process_dag.py
[2022-12-16T12:15:46.580+0000] {processor.py:766} INFO - DAG(s) dict_keys(['ENG_hourly_process_v1']) retrieved from /opt/airflow/dags/ENG_hourly_process_dag.py
[2022-12-16T12:15:46.602+0000] {logging_mixin.py:120} INFO - [2022-12-16T12:15:46.601+0000] {dag.py:2585} INFO - Sync 1 DAGs
[2022-12-16T12:15:46.624+0000] {logging_mixin.py:120} INFO - [2022-12-16T12:15:46.624+0000] {dag.py:3340} INFO - Setting next_dagrun for ENG_hourly_process_v1 to 2022-10-26T00:05:00+00:00, run_after=2022-10-26T01:05:00+00:00
[2022-12-16T12:15:46.651+0000] {processor.py:176} INFO - Processing /opt/airflow/dags/ENG_hourly_process_dag.py took 3.651 seconds
[2022-12-16T12:16:16.705+0000] {processor.py:154} INFO - Started process (PID=1612) to work on /opt/airflow/dags/ENG_hourly_process_dag.py
[2022-12-16T12:16:16.706+0000] {processor.py:756} INFO - Processing file /opt/airflow/dags/ENG_hourly_process_dag.py for tasks to queue
[2022-12-16T12:16:16.706+0000] {logging_mixin.py:120} INFO - [2022-12-16T12:16:16.706+0000] {dagbag.py:537} INFO - Filling up the DagBag from /opt/airflow/dags/ENG_hourly_process_dag.py
[2022-12-16T12:16:19.369+0000] {processor.py:766} INFO - DAG(s) dict_keys(['ENG_hourly_process_v1']) retrieved from /opt/airflow/dags/ENG_hourly_process_dag.py
[2022-12-16T12:16:19.391+0000] {logging_mixin.py:120} INFO - [2022-12-16T12:16:19.390+0000] {dag.py:2585} INFO - Sync 1 DAGs
[2022-12-16T12:16:19.415+0000] {logging_mixin.py:120} INFO - [2022-12-16T12:16:19.415+0000] {dag.py:3340} INFO - Setting next_dagrun for ENG_hourly_process_v1 to 2022-10-26T00:05:00+00:00, run_after=2022-10-26T01:05:00+00:00
[2022-12-16T12:16:19.433+0000] {processor.py:176} INFO - Processing /opt/airflow/dags/ENG_hourly_process_dag.py took 2.731 seconds
[2022-12-16T12:16:49.682+0000] {processor.py:154} INFO - Started process (PID=1675) to work on /opt/airflow/dags/ENG_hourly_process_dag.py
[2022-12-16T12:16:49.683+0000] {processor.py:756} INFO - Processing file /opt/airflow/dags/ENG_hourly_process_dag.py for tasks to queue
[2022-12-16T12:16:49.686+0000] {logging_mixin.py:120} INFO - [2022-12-16T12:16:49.685+0000] {dagbag.py:537} INFO - Filling up the DagBag from /opt/airflow/dags/ENG_hourly_process_dag.py
[2022-12-16T12:16:52.464+0000] {processor.py:766} INFO - DAG(s) dict_keys(['ENG_hourly_process_v1']) retrieved from /opt/airflow/dags/ENG_hourly_process_dag.py
[2022-12-16T12:16:52.488+0000] {logging_mixin.py:120} INFO - [2022-12-16T12:16:52.488+0000] {dag.py:2585} INFO - Sync 1 DAGs
[2022-12-16T12:16:52.510+0000] {logging_mixin.py:120} INFO - [2022-12-16T12:16:52.510+0000] {dag.py:3340} INFO - Setting next_dagrun for ENG_hourly_process_v1 to 2022-10-26T00:05:00+00:00, run_after=2022-10-26T01:05:00+00:00
[2022-12-16T12:16:52.528+0000] {processor.py:176} INFO - Processing /opt/airflow/dags/ENG_hourly_process_dag.py took 2.849 seconds
[2022-12-16T12:17:22.572+0000] {processor.py:154} INFO - Started process (PID=1727) to work on /opt/airflow/dags/ENG_hourly_process_dag.py
[2022-12-16T12:17:22.573+0000] {processor.py:756} INFO - Processing file /opt/airflow/dags/ENG_hourly_process_dag.py for tasks to queue
[2022-12-16T12:17:22.573+0000] {logging_mixin.py:120} INFO - [2022-12-16T12:17:22.573+0000] {dagbag.py:537} INFO - Filling up the DagBag from /opt/airflow/dags/ENG_hourly_process_dag.py
[2022-12-16T12:17:24.940+0000] {processor.py:766} INFO - DAG(s) dict_keys(['ENG_hourly_process_v1']) retrieved from /opt/airflow/dags/ENG_hourly_process_dag.py
[2022-12-16T12:17:24.962+0000] {logging_mixin.py:120} INFO - [2022-12-16T12:17:24.961+0000] {dag.py:2585} INFO - Sync 1 DAGs
[2022-12-16T12:17:24.983+0000] {logging_mixin.py:120} INFO - [2022-12-16T12:17:24.983+0000] {dag.py:3340} INFO - Setting next_dagrun for ENG_hourly_process_v1 to 2022-10-26T00:05:00+00:00, run_after=2022-10-26T01:05:00+00:00
[2022-12-16T12:17:25.000+0000] {processor.py:176} INFO - Processing /opt/airflow/dags/ENG_hourly_process_dag.py took 2.431 seconds
[2022-12-16T12:17:55.085+0000] {processor.py:154} INFO - Started process (PID=1788) to work on /opt/airflow/dags/ENG_hourly_process_dag.py
[2022-12-16T12:17:55.085+0000] {processor.py:756} INFO - Processing file /opt/airflow/dags/ENG_hourly_process_dag.py for tasks to queue
[2022-12-16T12:17:55.086+0000] {logging_mixin.py:120} INFO - [2022-12-16T12:17:55.086+0000] {dagbag.py:537} INFO - Filling up the DagBag from /opt/airflow/dags/ENG_hourly_process_dag.py
[2022-12-16T12:17:57.761+0000] {processor.py:766} INFO - DAG(s) dict_keys(['ENG_hourly_process_v1']) retrieved from /opt/airflow/dags/ENG_hourly_process_dag.py
[2022-12-16T12:17:57.812+0000] {logging_mixin.py:120} INFO - [2022-12-16T12:17:57.811+0000] {dag.py:2585} INFO - Sync 1 DAGs
[2022-12-16T12:17:57.850+0000] {logging_mixin.py:120} INFO - [2022-12-16T12:17:57.850+0000] {dag.py:3340} INFO - Setting next_dagrun for ENG_hourly_process_v1 to 2022-10-26T00:05:00+00:00, run_after=2022-10-26T01:05:00+00:00
[2022-12-16T12:17:57.879+0000] {processor.py:176} INFO - Processing /opt/airflow/dags/ENG_hourly_process_dag.py took 2.798 seconds
[2022-12-16T12:18:28.036+0000] {processor.py:154} INFO - Started process (PID=1851) to work on /opt/airflow/dags/ENG_hourly_process_dag.py
[2022-12-16T12:18:28.037+0000] {processor.py:756} INFO - Processing file /opt/airflow/dags/ENG_hourly_process_dag.py for tasks to queue
[2022-12-16T12:18:28.038+0000] {logging_mixin.py:120} INFO - [2022-12-16T12:18:28.037+0000] {dagbag.py:537} INFO - Filling up the DagBag from /opt/airflow/dags/ENG_hourly_process_dag.py
[2022-12-16T12:18:30.905+0000] {processor.py:766} INFO - DAG(s) dict_keys(['ENG_hourly_process_v1']) retrieved from /opt/airflow/dags/ENG_hourly_process_dag.py
[2022-12-16T12:18:30.929+0000] {logging_mixin.py:120} INFO - [2022-12-16T12:18:30.928+0000] {dag.py:2585} INFO - Sync 1 DAGs
[2022-12-16T12:18:30.955+0000] {logging_mixin.py:120} INFO - [2022-12-16T12:18:30.955+0000] {dag.py:3340} INFO - Setting next_dagrun for ENG_hourly_process_v1 to 2022-10-26T00:05:00+00:00, run_after=2022-10-26T01:05:00+00:00
[2022-12-16T12:18:30.975+0000] {processor.py:176} INFO - Processing /opt/airflow/dags/ENG_hourly_process_dag.py took 2.942 seconds
[2022-12-16T12:19:01.235+0000] {processor.py:154} INFO - Started process (PID=1913) to work on /opt/airflow/dags/ENG_hourly_process_dag.py
[2022-12-16T12:19:01.236+0000] {processor.py:756} INFO - Processing file /opt/airflow/dags/ENG_hourly_process_dag.py for tasks to queue
[2022-12-16T12:19:01.238+0000] {logging_mixin.py:120} INFO - [2022-12-16T12:19:01.238+0000] {dagbag.py:537} INFO - Filling up the DagBag from /opt/airflow/dags/ENG_hourly_process_dag.py
[2022-12-16T12:19:03.779+0000] {processor.py:766} INFO - DAG(s) dict_keys(['ENG_hourly_process_v1']) retrieved from /opt/airflow/dags/ENG_hourly_process_dag.py
[2022-12-16T12:19:03.801+0000] {logging_mixin.py:120} INFO - [2022-12-16T12:19:03.800+0000] {dag.py:2585} INFO - Sync 1 DAGs
[2022-12-16T12:19:03.823+0000] {logging_mixin.py:120} INFO - [2022-12-16T12:19:03.823+0000] {dag.py:3340} INFO - Setting next_dagrun for ENG_hourly_process_v1 to 2022-10-26T00:05:00+00:00, run_after=2022-10-26T01:05:00+00:00
[2022-12-16T12:19:03.851+0000] {processor.py:176} INFO - Processing /opt/airflow/dags/ENG_hourly_process_dag.py took 2.620 seconds
[2022-12-16T12:19:34.390+0000] {processor.py:154} INFO - Started process (PID=1972) to work on /opt/airflow/dags/ENG_hourly_process_dag.py
[2022-12-16T12:19:34.393+0000] {processor.py:756} INFO - Processing file /opt/airflow/dags/ENG_hourly_process_dag.py for tasks to queue
[2022-12-16T12:19:34.394+0000] {logging_mixin.py:120} INFO - [2022-12-16T12:19:34.394+0000] {dagbag.py:537} INFO - Filling up the DagBag from /opt/airflow/dags/ENG_hourly_process_dag.py
[2022-12-16T12:19:37.593+0000] {processor.py:766} INFO - DAG(s) dict_keys(['ENG_hourly_process_v1']) retrieved from /opt/airflow/dags/ENG_hourly_process_dag.py
[2022-12-16T12:19:37.633+0000] {logging_mixin.py:120} INFO - [2022-12-16T12:19:37.632+0000] {dag.py:2585} INFO - Sync 1 DAGs
[2022-12-16T12:19:37.670+0000] {logging_mixin.py:120} INFO - [2022-12-16T12:19:37.670+0000] {dag.py:3340} INFO - Setting next_dagrun for ENG_hourly_process_v1 to 2022-10-26T00:05:00+00:00, run_after=2022-10-26T01:05:00+00:00
[2022-12-16T12:19:37.693+0000] {processor.py:176} INFO - Processing /opt/airflow/dags/ENG_hourly_process_dag.py took 3.310 seconds
[2022-12-16T12:20:07.877+0000] {processor.py:154} INFO - Started process (PID=2024) to work on /opt/airflow/dags/ENG_hourly_process_dag.py
[2022-12-16T12:20:07.887+0000] {processor.py:756} INFO - Processing file /opt/airflow/dags/ENG_hourly_process_dag.py for tasks to queue
[2022-12-16T12:20:07.888+0000] {logging_mixin.py:120} INFO - [2022-12-16T12:20:07.888+0000] {dagbag.py:537} INFO - Filling up the DagBag from /opt/airflow/dags/ENG_hourly_process_dag.py
[2022-12-16T12:20:10.499+0000] {processor.py:766} INFO - DAG(s) dict_keys(['ENG_hourly_process_v1']) retrieved from /opt/airflow/dags/ENG_hourly_process_dag.py
[2022-12-16T12:20:10.519+0000] {logging_mixin.py:120} INFO - [2022-12-16T12:20:10.518+0000] {dag.py:2585} INFO - Sync 1 DAGs
[2022-12-16T12:20:10.540+0000] {logging_mixin.py:120} INFO - [2022-12-16T12:20:10.540+0000] {dag.py:3340} INFO - Setting next_dagrun for ENG_hourly_process_v1 to 2022-10-26T00:05:00+00:00, run_after=2022-10-26T01:05:00+00:00
[2022-12-16T12:20:10.558+0000] {processor.py:176} INFO - Processing /opt/airflow/dags/ENG_hourly_process_dag.py took 2.685 seconds
[2022-12-16T12:20:40.655+0000] {processor.py:154} INFO - Started process (PID=2085) to work on /opt/airflow/dags/ENG_hourly_process_dag.py
[2022-12-16T12:20:40.655+0000] {processor.py:756} INFO - Processing file /opt/airflow/dags/ENG_hourly_process_dag.py for tasks to queue
[2022-12-16T12:20:40.656+0000] {logging_mixin.py:120} INFO - [2022-12-16T12:20:40.656+0000] {dagbag.py:537} INFO - Filling up the DagBag from /opt/airflow/dags/ENG_hourly_process_dag.py
[2022-12-16T12:20:43.177+0000] {processor.py:766} INFO - DAG(s) dict_keys(['ENG_hourly_process_v1']) retrieved from /opt/airflow/dags/ENG_hourly_process_dag.py
[2022-12-16T12:20:43.200+0000] {logging_mixin.py:120} INFO - [2022-12-16T12:20:43.200+0000] {dag.py:2585} INFO - Sync 1 DAGs
[2022-12-16T12:20:43.228+0000] {logging_mixin.py:120} INFO - [2022-12-16T12:20:43.227+0000] {dag.py:3340} INFO - Setting next_dagrun for ENG_hourly_process_v1 to 2022-10-26T00:05:00+00:00, run_after=2022-10-26T01:05:00+00:00
[2022-12-16T12:20:43.256+0000] {processor.py:176} INFO - Processing /opt/airflow/dags/ENG_hourly_process_dag.py took 2.605 seconds
[2022-12-16T12:21:13.473+0000] {processor.py:154} INFO - Started process (PID=2146) to work on /opt/airflow/dags/ENG_hourly_process_dag.py
[2022-12-16T12:21:13.473+0000] {processor.py:756} INFO - Processing file /opt/airflow/dags/ENG_hourly_process_dag.py for tasks to queue
[2022-12-16T12:21:13.474+0000] {logging_mixin.py:120} INFO - [2022-12-16T12:21:13.473+0000] {dagbag.py:537} INFO - Filling up the DagBag from /opt/airflow/dags/ENG_hourly_process_dag.py
[2022-12-16T12:21:16.251+0000] {processor.py:766} INFO - DAG(s) dict_keys(['ENG_hourly_process_v1']) retrieved from /opt/airflow/dags/ENG_hourly_process_dag.py
[2022-12-16T12:21:16.275+0000] {logging_mixin.py:120} INFO - [2022-12-16T12:21:16.274+0000] {dag.py:2585} INFO - Sync 1 DAGs
[2022-12-16T12:21:16.297+0000] {logging_mixin.py:120} INFO - [2022-12-16T12:21:16.296+0000] {dag.py:3340} INFO - Setting next_dagrun for ENG_hourly_process_v1 to 2022-10-26T00:05:00+00:00, run_after=2022-10-26T01:05:00+00:00
[2022-12-16T12:21:16.314+0000] {processor.py:176} INFO - Processing /opt/airflow/dags/ENG_hourly_process_dag.py took 2.844 seconds
[2022-12-16T12:21:46.668+0000] {processor.py:154} INFO - Started process (PID=2207) to work on /opt/airflow/dags/ENG_hourly_process_dag.py
[2022-12-16T12:21:46.669+0000] {processor.py:756} INFO - Processing file /opt/airflow/dags/ENG_hourly_process_dag.py for tasks to queue
[2022-12-16T12:21:46.670+0000] {logging_mixin.py:120} INFO - [2022-12-16T12:21:46.669+0000] {dagbag.py:537} INFO - Filling up the DagBag from /opt/airflow/dags/ENG_hourly_process_dag.py
[2022-12-16T12:21:49.158+0000] {processor.py:766} INFO - DAG(s) dict_keys(['ENG_hourly_process_v1']) retrieved from /opt/airflow/dags/ENG_hourly_process_dag.py
[2022-12-16T12:21:49.182+0000] {logging_mixin.py:120} INFO - [2022-12-16T12:21:49.182+0000] {dag.py:2585} INFO - Sync 1 DAGs
[2022-12-16T12:21:49.206+0000] {logging_mixin.py:120} INFO - [2022-12-16T12:21:49.206+0000] {dag.py:3340} INFO - Setting next_dagrun for ENG_hourly_process_v1 to 2022-10-26T00:05:00+00:00, run_after=2022-10-26T01:05:00+00:00
[2022-12-16T12:21:49.225+0000] {processor.py:176} INFO - Processing /opt/airflow/dags/ENG_hourly_process_dag.py took 2.561 seconds
[2022-12-16T12:22:19.679+0000] {processor.py:154} INFO - Started process (PID=2268) to work on /opt/airflow/dags/ENG_hourly_process_dag.py
[2022-12-16T12:22:19.680+0000] {processor.py:756} INFO - Processing file /opt/airflow/dags/ENG_hourly_process_dag.py for tasks to queue
[2022-12-16T12:22:19.681+0000] {logging_mixin.py:120} INFO - [2022-12-16T12:22:19.681+0000] {dagbag.py:537} INFO - Filling up the DagBag from /opt/airflow/dags/ENG_hourly_process_dag.py
[2022-12-16T12:22:22.757+0000] {processor.py:766} INFO - DAG(s) dict_keys(['ENG_hourly_process_v1']) retrieved from /opt/airflow/dags/ENG_hourly_process_dag.py
[2022-12-16T12:22:22.778+0000] {logging_mixin.py:120} INFO - [2022-12-16T12:22:22.777+0000] {dag.py:2585} INFO - Sync 1 DAGs
[2022-12-16T12:22:22.800+0000] {logging_mixin.py:120} INFO - [2022-12-16T12:22:22.800+0000] {dag.py:3340} INFO - Setting next_dagrun for ENG_hourly_process_v1 to 2022-10-26T00:05:00+00:00, run_after=2022-10-26T01:05:00+00:00
[2022-12-16T12:22:22.818+0000] {processor.py:176} INFO - Processing /opt/airflow/dags/ENG_hourly_process_dag.py took 3.142 seconds
[2022-12-16T12:22:53.228+0000] {processor.py:154} INFO - Started process (PID=2329) to work on /opt/airflow/dags/ENG_hourly_process_dag.py
[2022-12-16T12:22:53.228+0000] {processor.py:756} INFO - Processing file /opt/airflow/dags/ENG_hourly_process_dag.py for tasks to queue
[2022-12-16T12:22:53.229+0000] {logging_mixin.py:120} INFO - [2022-12-16T12:22:53.229+0000] {dagbag.py:537} INFO - Filling up the DagBag from /opt/airflow/dags/ENG_hourly_process_dag.py
[2022-12-16T12:22:55.609+0000] {processor.py:766} INFO - DAG(s) dict_keys(['ENG_hourly_process_v1']) retrieved from /opt/airflow/dags/ENG_hourly_process_dag.py
[2022-12-16T12:22:55.631+0000] {logging_mixin.py:120} INFO - [2022-12-16T12:22:55.630+0000] {dag.py:2585} INFO - Sync 1 DAGs
[2022-12-16T12:22:55.655+0000] {logging_mixin.py:120} INFO - [2022-12-16T12:22:55.655+0000] {dag.py:3340} INFO - Setting next_dagrun for ENG_hourly_process_v1 to 2022-10-26T00:05:00+00:00, run_after=2022-10-26T01:05:00+00:00
[2022-12-16T12:22:55.682+0000] {processor.py:176} INFO - Processing /opt/airflow/dags/ENG_hourly_process_dag.py took 2.457 seconds
[2022-12-16T12:23:25.887+0000] {processor.py:154} INFO - Started process (PID=2390) to work on /opt/airflow/dags/ENG_hourly_process_dag.py
[2022-12-16T12:23:25.887+0000] {processor.py:756} INFO - Processing file /opt/airflow/dags/ENG_hourly_process_dag.py for tasks to queue
[2022-12-16T12:23:25.888+0000] {logging_mixin.py:120} INFO - [2022-12-16T12:23:25.888+0000] {dagbag.py:537} INFO - Filling up the DagBag from /opt/airflow/dags/ENG_hourly_process_dag.py
[2022-12-16T12:23:28.605+0000] {processor.py:766} INFO - DAG(s) dict_keys(['ENG_hourly_process_v1']) retrieved from /opt/airflow/dags/ENG_hourly_process_dag.py
[2022-12-16T12:23:28.630+0000] {logging_mixin.py:120} INFO - [2022-12-16T12:23:28.630+0000] {dag.py:2585} INFO - Sync 1 DAGs
[2022-12-16T12:23:28.655+0000] {logging_mixin.py:120} INFO - [2022-12-16T12:23:28.654+0000] {dag.py:3340} INFO - Setting next_dagrun for ENG_hourly_process_v1 to 2022-10-26T00:05:00+00:00, run_after=2022-10-26T01:05:00+00:00
[2022-12-16T12:23:28.684+0000] {processor.py:176} INFO - Processing /opt/airflow/dags/ENG_hourly_process_dag.py took 2.801 seconds
[2022-12-16T12:23:59.225+0000] {processor.py:154} INFO - Started process (PID=2451) to work on /opt/airflow/dags/ENG_hourly_process_dag.py
[2022-12-16T12:23:59.225+0000] {processor.py:756} INFO - Processing file /opt/airflow/dags/ENG_hourly_process_dag.py for tasks to queue
[2022-12-16T12:23:59.226+0000] {logging_mixin.py:120} INFO - [2022-12-16T12:23:59.226+0000] {dagbag.py:537} INFO - Filling up the DagBag from /opt/airflow/dags/ENG_hourly_process_dag.py
[2022-12-16T12:24:01.731+0000] {processor.py:766} INFO - DAG(s) dict_keys(['ENG_hourly_process_v1']) retrieved from /opt/airflow/dags/ENG_hourly_process_dag.py
[2022-12-16T12:24:01.753+0000] {logging_mixin.py:120} INFO - [2022-12-16T12:24:01.753+0000] {dag.py:2585} INFO - Sync 1 DAGs
[2022-12-16T12:24:01.776+0000] {logging_mixin.py:120} INFO - [2022-12-16T12:24:01.776+0000] {dag.py:3340} INFO - Setting next_dagrun for ENG_hourly_process_v1 to 2022-10-26T00:05:00+00:00, run_after=2022-10-26T01:05:00+00:00
[2022-12-16T12:24:01.804+0000] {processor.py:176} INFO - Processing /opt/airflow/dags/ENG_hourly_process_dag.py took 2.583 seconds
[2022-12-16T12:24:32.295+0000] {processor.py:154} INFO - Started process (PID=2512) to work on /opt/airflow/dags/ENG_hourly_process_dag.py
[2022-12-16T12:24:32.295+0000] {processor.py:756} INFO - Processing file /opt/airflow/dags/ENG_hourly_process_dag.py for tasks to queue
[2022-12-16T12:24:32.296+0000] {logging_mixin.py:120} INFO - [2022-12-16T12:24:32.296+0000] {dagbag.py:537} INFO - Filling up the DagBag from /opt/airflow/dags/ENG_hourly_process_dag.py
[2022-12-16T12:24:34.998+0000] {processor.py:766} INFO - DAG(s) dict_keys(['ENG_hourly_process_v1']) retrieved from /opt/airflow/dags/ENG_hourly_process_dag.py
[2022-12-16T12:24:35.023+0000] {logging_mixin.py:120} INFO - [2022-12-16T12:24:35.022+0000] {dag.py:2585} INFO - Sync 1 DAGs
[2022-12-16T12:24:35.051+0000] {logging_mixin.py:120} INFO - [2022-12-16T12:24:35.051+0000] {dag.py:3340} INFO - Setting next_dagrun for ENG_hourly_process_v1 to 2022-10-26T00:05:00+00:00, run_after=2022-10-26T01:05:00+00:00
[2022-12-16T12:24:35.071+0000] {processor.py:176} INFO - Processing /opt/airflow/dags/ENG_hourly_process_dag.py took 2.780 seconds
[2022-12-16T12:25:05.447+0000] {processor.py:154} INFO - Started process (PID=2566) to work on /opt/airflow/dags/ENG_hourly_process_dag.py
[2022-12-16T12:25:05.448+0000] {processor.py:756} INFO - Processing file /opt/airflow/dags/ENG_hourly_process_dag.py for tasks to queue
[2022-12-16T12:25:05.448+0000] {logging_mixin.py:120} INFO - [2022-12-16T12:25:05.448+0000] {dagbag.py:537} INFO - Filling up the DagBag from /opt/airflow/dags/ENG_hourly_process_dag.py
[2022-12-16T12:25:07.832+0000] {processor.py:766} INFO - DAG(s) dict_keys(['ENG_hourly_process_v1']) retrieved from /opt/airflow/dags/ENG_hourly_process_dag.py
[2022-12-16T12:25:07.854+0000] {logging_mixin.py:120} INFO - [2022-12-16T12:25:07.853+0000] {dag.py:2585} INFO - Sync 1 DAGs
[2022-12-16T12:25:07.875+0000] {logging_mixin.py:120} INFO - [2022-12-16T12:25:07.875+0000] {dag.py:3340} INFO - Setting next_dagrun for ENG_hourly_process_v1 to 2022-10-26T00:05:00+00:00, run_after=2022-10-26T01:05:00+00:00
[2022-12-16T12:25:07.891+0000] {processor.py:176} INFO - Processing /opt/airflow/dags/ENG_hourly_process_dag.py took 2.447 seconds
[2022-12-16T12:25:38.175+0000] {processor.py:154} INFO - Started process (PID=2627) to work on /opt/airflow/dags/ENG_hourly_process_dag.py
[2022-12-16T12:25:38.176+0000] {processor.py:756} INFO - Processing file /opt/airflow/dags/ENG_hourly_process_dag.py for tasks to queue
[2022-12-16T12:25:38.176+0000] {logging_mixin.py:120} INFO - [2022-12-16T12:25:38.176+0000] {dagbag.py:537} INFO - Filling up the DagBag from /opt/airflow/dags/ENG_hourly_process_dag.py
[2022-12-16T12:25:40.746+0000] {processor.py:766} INFO - DAG(s) dict_keys(['ENG_hourly_process_v1']) retrieved from /opt/airflow/dags/ENG_hourly_process_dag.py
[2022-12-16T12:25:40.770+0000] {logging_mixin.py:120} INFO - [2022-12-16T12:25:40.770+0000] {dag.py:2585} INFO - Sync 1 DAGs
[2022-12-16T12:25:40.794+0000] {logging_mixin.py:120} INFO - [2022-12-16T12:25:40.793+0000] {dag.py:3340} INFO - Setting next_dagrun for ENG_hourly_process_v1 to 2022-10-26T00:05:00+00:00, run_after=2022-10-26T01:05:00+00:00
[2022-12-16T12:25:40.815+0000] {processor.py:176} INFO - Processing /opt/airflow/dags/ENG_hourly_process_dag.py took 2.642 seconds
[2022-12-16T12:26:10.950+0000] {processor.py:154} INFO - Started process (PID=2686) to work on /opt/airflow/dags/ENG_hourly_process_dag.py
[2022-12-16T12:26:10.950+0000] {processor.py:756} INFO - Processing file /opt/airflow/dags/ENG_hourly_process_dag.py for tasks to queue
[2022-12-16T12:26:10.951+0000] {logging_mixin.py:120} INFO - [2022-12-16T12:26:10.951+0000] {dagbag.py:537} INFO - Filling up the DagBag from /opt/airflow/dags/ENG_hourly_process_dag.py
[2022-12-16T12:26:13.327+0000] {processor.py:766} INFO - DAG(s) dict_keys(['ENG_hourly_process_v1']) retrieved from /opt/airflow/dags/ENG_hourly_process_dag.py
[2022-12-16T12:26:13.348+0000] {logging_mixin.py:120} INFO - [2022-12-16T12:26:13.348+0000] {dag.py:2585} INFO - Sync 1 DAGs
[2022-12-16T12:26:13.371+0000] {logging_mixin.py:120} INFO - [2022-12-16T12:26:13.370+0000] {dag.py:3340} INFO - Setting next_dagrun for ENG_hourly_process_v1 to 2022-10-26T00:05:00+00:00, run_after=2022-10-26T01:05:00+00:00
[2022-12-16T12:26:13.404+0000] {processor.py:176} INFO - Processing /opt/airflow/dags/ENG_hourly_process_dag.py took 2.457 seconds
[2022-12-16T12:26:43.617+0000] {processor.py:154} INFO - Started process (PID=2747) to work on /opt/airflow/dags/ENG_hourly_process_dag.py
[2022-12-16T12:26:43.618+0000] {processor.py:756} INFO - Processing file /opt/airflow/dags/ENG_hourly_process_dag.py for tasks to queue
[2022-12-16T12:26:43.619+0000] {logging_mixin.py:120} INFO - [2022-12-16T12:26:43.619+0000] {dagbag.py:537} INFO - Filling up the DagBag from /opt/airflow/dags/ENG_hourly_process_dag.py
[2022-12-16T12:26:46.270+0000] {processor.py:766} INFO - DAG(s) dict_keys(['ENG_hourly_process_v1']) retrieved from /opt/airflow/dags/ENG_hourly_process_dag.py
[2022-12-16T12:26:46.295+0000] {logging_mixin.py:120} INFO - [2022-12-16T12:26:46.294+0000] {dag.py:2585} INFO - Sync 1 DAGs
[2022-12-16T12:26:46.322+0000] {logging_mixin.py:120} INFO - [2022-12-16T12:26:46.322+0000] {dag.py:3340} INFO - Setting next_dagrun for ENG_hourly_process_v1 to 2022-10-26T00:05:00+00:00, run_after=2022-10-26T01:05:00+00:00
[2022-12-16T12:26:46.341+0000] {processor.py:176} INFO - Processing /opt/airflow/dags/ENG_hourly_process_dag.py took 2.727 seconds
[2022-12-16T12:27:16.518+0000] {processor.py:154} INFO - Started process (PID=2808) to work on /opt/airflow/dags/ENG_hourly_process_dag.py
[2022-12-16T12:27:16.519+0000] {processor.py:756} INFO - Processing file /opt/airflow/dags/ENG_hourly_process_dag.py for tasks to queue
[2022-12-16T12:27:16.519+0000] {logging_mixin.py:120} INFO - [2022-12-16T12:27:16.519+0000] {dagbag.py:537} INFO - Filling up the DagBag from /opt/airflow/dags/ENG_hourly_process_dag.py
[2022-12-16T12:27:18.995+0000] {processor.py:766} INFO - DAG(s) dict_keys(['ENG_hourly_process_v1']) retrieved from /opt/airflow/dags/ENG_hourly_process_dag.py
[2022-12-16T12:27:19.017+0000] {logging_mixin.py:120} INFO - [2022-12-16T12:27:19.016+0000] {dag.py:2585} INFO - Sync 1 DAGs
[2022-12-16T12:27:19.038+0000] {logging_mixin.py:120} INFO - [2022-12-16T12:27:19.038+0000] {dag.py:3340} INFO - Setting next_dagrun for ENG_hourly_process_v1 to 2022-10-26T00:05:00+00:00, run_after=2022-10-26T01:05:00+00:00
[2022-12-16T12:27:19.065+0000] {processor.py:176} INFO - Processing /opt/airflow/dags/ENG_hourly_process_dag.py took 2.549 seconds
[2022-12-16T12:27:49.111+0000] {processor.py:154} INFO - Started process (PID=2869) to work on /opt/airflow/dags/ENG_hourly_process_dag.py
[2022-12-16T12:27:49.111+0000] {processor.py:756} INFO - Processing file /opt/airflow/dags/ENG_hourly_process_dag.py for tasks to queue
[2022-12-16T12:27:49.112+0000] {logging_mixin.py:120} INFO - [2022-12-16T12:27:49.111+0000] {dagbag.py:537} INFO - Filling up the DagBag from /opt/airflow/dags/ENG_hourly_process_dag.py
[2022-12-16T12:27:51.525+0000] {processor.py:766} INFO - DAG(s) dict_keys(['ENG_hourly_process_v1']) retrieved from /opt/airflow/dags/ENG_hourly_process_dag.py
[2022-12-16T12:27:51.547+0000] {logging_mixin.py:120} INFO - [2022-12-16T12:27:51.547+0000] {dag.py:2585} INFO - Sync 1 DAGs
[2022-12-16T12:27:51.567+0000] {logging_mixin.py:120} INFO - [2022-12-16T12:27:51.567+0000] {dag.py:3340} INFO - Setting next_dagrun for ENG_hourly_process_v1 to 2022-10-26T00:05:00+00:00, run_after=2022-10-26T01:05:00+00:00
[2022-12-16T12:27:51.585+0000] {processor.py:176} INFO - Processing /opt/airflow/dags/ENG_hourly_process_dag.py took 2.477 seconds
[2022-12-16T12:28:21.806+0000] {processor.py:154} INFO - Started process (PID=2930) to work on /opt/airflow/dags/ENG_hourly_process_dag.py
[2022-12-16T12:28:21.807+0000] {processor.py:756} INFO - Processing file /opt/airflow/dags/ENG_hourly_process_dag.py for tasks to queue
[2022-12-16T12:28:21.810+0000] {logging_mixin.py:120} INFO - [2022-12-16T12:28:21.810+0000] {dagbag.py:537} INFO - Filling up the DagBag from /opt/airflow/dags/ENG_hourly_process_dag.py
[2022-12-16T12:28:24.279+0000] {processor.py:766} INFO - DAG(s) dict_keys(['ENG_hourly_process_v1']) retrieved from /opt/airflow/dags/ENG_hourly_process_dag.py
[2022-12-16T12:28:24.301+0000] {logging_mixin.py:120} INFO - [2022-12-16T12:28:24.301+0000] {dag.py:2585} INFO - Sync 1 DAGs
[2022-12-16T12:28:24.322+0000] {logging_mixin.py:120} INFO - [2022-12-16T12:28:24.322+0000] {dag.py:3340} INFO - Setting next_dagrun for ENG_hourly_process_v1 to 2022-10-26T00:05:00+00:00, run_after=2022-10-26T01:05:00+00:00
[2022-12-16T12:28:24.339+0000] {processor.py:176} INFO - Processing /opt/airflow/dags/ENG_hourly_process_dag.py took 2.537 seconds
[2022-12-16T12:28:54.412+0000] {processor.py:154} INFO - Started process (PID=2982) to work on /opt/airflow/dags/ENG_hourly_process_dag.py
[2022-12-16T12:28:54.413+0000] {processor.py:756} INFO - Processing file /opt/airflow/dags/ENG_hourly_process_dag.py for tasks to queue
[2022-12-16T12:28:54.414+0000] {logging_mixin.py:120} INFO - [2022-12-16T12:28:54.414+0000] {dagbag.py:537} INFO - Filling up the DagBag from /opt/airflow/dags/ENG_hourly_process_dag.py
[2022-12-16T12:28:56.936+0000] {processor.py:766} INFO - DAG(s) dict_keys(['ENG_hourly_process_v1']) retrieved from /opt/airflow/dags/ENG_hourly_process_dag.py
[2022-12-16T12:28:56.958+0000] {logging_mixin.py:120} INFO - [2022-12-16T12:28:56.957+0000] {dag.py:2585} INFO - Sync 1 DAGs
[2022-12-16T12:28:56.979+0000] {logging_mixin.py:120} INFO - [2022-12-16T12:28:56.978+0000] {dag.py:3340} INFO - Setting next_dagrun for ENG_hourly_process_v1 to 2022-10-26T00:05:00+00:00, run_after=2022-10-26T01:05:00+00:00
[2022-12-16T12:28:56.997+0000] {processor.py:176} INFO - Processing /opt/airflow/dags/ENG_hourly_process_dag.py took 2.589 seconds
[2022-12-16T12:29:27.123+0000] {processor.py:154} INFO - Started process (PID=3043) to work on /opt/airflow/dags/ENG_hourly_process_dag.py
[2022-12-16T12:29:27.130+0000] {processor.py:756} INFO - Processing file /opt/airflow/dags/ENG_hourly_process_dag.py for tasks to queue
[2022-12-16T12:29:27.130+0000] {logging_mixin.py:120} INFO - [2022-12-16T12:29:27.130+0000] {dagbag.py:537} INFO - Filling up the DagBag from /opt/airflow/dags/ENG_hourly_process_dag.py
[2022-12-16T12:29:29.769+0000] {processor.py:766} INFO - DAG(s) dict_keys(['ENG_hourly_process_v1']) retrieved from /opt/airflow/dags/ENG_hourly_process_dag.py
[2022-12-16T12:29:29.790+0000] {logging_mixin.py:120} INFO - [2022-12-16T12:29:29.790+0000] {dag.py:2585} INFO - Sync 1 DAGs
[2022-12-16T12:29:29.815+0000] {logging_mixin.py:120} INFO - [2022-12-16T12:29:29.815+0000] {dag.py:3340} INFO - Setting next_dagrun for ENG_hourly_process_v1 to 2022-10-26T00:05:00+00:00, run_after=2022-10-26T01:05:00+00:00
[2022-12-16T12:29:29.843+0000] {processor.py:176} INFO - Processing /opt/airflow/dags/ENG_hourly_process_dag.py took 2.723 seconds
[2022-12-16T12:30:00.180+0000] {processor.py:154} INFO - Started process (PID=3104) to work on /opt/airflow/dags/ENG_hourly_process_dag.py
[2022-12-16T12:30:00.181+0000] {processor.py:756} INFO - Processing file /opt/airflow/dags/ENG_hourly_process_dag.py for tasks to queue
[2022-12-16T12:30:00.181+0000] {logging_mixin.py:120} INFO - [2022-12-16T12:30:00.181+0000] {dagbag.py:537} INFO - Filling up the DagBag from /opt/airflow/dags/ENG_hourly_process_dag.py
[2022-12-16T12:30:02.743+0000] {processor.py:766} INFO - DAG(s) dict_keys(['ENG_hourly_process_v1']) retrieved from /opt/airflow/dags/ENG_hourly_process_dag.py
[2022-12-16T12:30:02.765+0000] {logging_mixin.py:120} INFO - [2022-12-16T12:30:02.765+0000] {dag.py:2585} INFO - Sync 1 DAGs
[2022-12-16T12:30:02.789+0000] {logging_mixin.py:120} INFO - [2022-12-16T12:30:02.789+0000] {dag.py:3340} INFO - Setting next_dagrun for ENG_hourly_process_v1 to 2022-10-26T00:05:00+00:00, run_after=2022-10-26T01:05:00+00:00
[2022-12-16T12:30:02.806+0000] {processor.py:176} INFO - Processing /opt/airflow/dags/ENG_hourly_process_dag.py took 2.631 seconds
[2022-12-16T12:30:33.790+0000] {processor.py:154} INFO - Started process (PID=3165) to work on /opt/airflow/dags/ENG_hourly_process_dag.py
[2022-12-16T12:30:33.791+0000] {processor.py:756} INFO - Processing file /opt/airflow/dags/ENG_hourly_process_dag.py for tasks to queue
[2022-12-16T12:30:33.791+0000] {logging_mixin.py:120} INFO - [2022-12-16T12:30:33.791+0000] {dagbag.py:537} INFO - Filling up the DagBag from /opt/airflow/dags/ENG_hourly_process_dag.py
[2022-12-16T12:30:36.332+0000] {processor.py:766} INFO - DAG(s) dict_keys(['ENG_hourly_process_v1']) retrieved from /opt/airflow/dags/ENG_hourly_process_dag.py
[2022-12-16T12:30:36.355+0000] {logging_mixin.py:120} INFO - [2022-12-16T12:30:36.355+0000] {dag.py:2585} INFO - Sync 1 DAGs
[2022-12-16T12:30:36.377+0000] {logging_mixin.py:120} INFO - [2022-12-16T12:30:36.377+0000] {dag.py:3340} INFO - Setting next_dagrun for ENG_hourly_process_v1 to 2022-10-26T00:05:00+00:00, run_after=2022-10-26T01:05:00+00:00
[2022-12-16T12:30:36.395+0000] {processor.py:176} INFO - Processing /opt/airflow/dags/ENG_hourly_process_dag.py took 2.608 seconds
[2022-12-16T12:31:06.450+0000] {processor.py:154} INFO - Started process (PID=3227) to work on /opt/airflow/dags/ENG_hourly_process_dag.py
[2022-12-16T12:31:06.461+0000] {processor.py:756} INFO - Processing file /opt/airflow/dags/ENG_hourly_process_dag.py for tasks to queue
[2022-12-16T12:31:06.462+0000] {logging_mixin.py:120} INFO - [2022-12-16T12:31:06.461+0000] {dagbag.py:537} INFO - Filling up the DagBag from /opt/airflow/dags/ENG_hourly_process_dag.py
[2022-12-16T12:31:08.858+0000] {processor.py:766} INFO - DAG(s) dict_keys(['ENG_hourly_process_v1']) retrieved from /opt/airflow/dags/ENG_hourly_process_dag.py
[2022-12-16T12:31:08.880+0000] {logging_mixin.py:120} INFO - [2022-12-16T12:31:08.879+0000] {dag.py:2585} INFO - Sync 1 DAGs
[2022-12-16T12:31:08.901+0000] {logging_mixin.py:120} INFO - [2022-12-16T12:31:08.901+0000] {dag.py:3340} INFO - Setting next_dagrun for ENG_hourly_process_v1 to 2022-10-26T00:05:00+00:00, run_after=2022-10-26T01:05:00+00:00
[2022-12-16T12:31:08.918+0000] {processor.py:176} INFO - Processing /opt/airflow/dags/ENG_hourly_process_dag.py took 2.471 seconds
[2022-12-16T12:31:39.022+0000] {processor.py:154} INFO - Started process (PID=3288) to work on /opt/airflow/dags/ENG_hourly_process_dag.py
[2022-12-16T12:31:39.033+0000] {processor.py:756} INFO - Processing file /opt/airflow/dags/ENG_hourly_process_dag.py for tasks to queue
[2022-12-16T12:31:39.034+0000] {logging_mixin.py:120} INFO - [2022-12-16T12:31:39.033+0000] {dagbag.py:537} INFO - Filling up the DagBag from /opt/airflow/dags/ENG_hourly_process_dag.py
[2022-12-16T12:31:41.471+0000] {processor.py:766} INFO - DAG(s) dict_keys(['ENG_hourly_process_v1']) retrieved from /opt/airflow/dags/ENG_hourly_process_dag.py
[2022-12-16T12:31:41.492+0000] {logging_mixin.py:120} INFO - [2022-12-16T12:31:41.492+0000] {dag.py:2585} INFO - Sync 1 DAGs
[2022-12-16T12:31:41.512+0000] {logging_mixin.py:120} INFO - [2022-12-16T12:31:41.512+0000] {dag.py:3340} INFO - Setting next_dagrun for ENG_hourly_process_v1 to 2022-10-26T00:05:00+00:00, run_after=2022-10-26T01:05:00+00:00
[2022-12-16T12:31:41.539+0000] {processor.py:176} INFO - Processing /opt/airflow/dags/ENG_hourly_process_dag.py took 2.514 seconds
[2022-12-16T12:32:11.724+0000] {processor.py:154} INFO - Started process (PID=3349) to work on /opt/airflow/dags/ENG_hourly_process_dag.py
[2022-12-16T12:32:11.725+0000] {processor.py:756} INFO - Processing file /opt/airflow/dags/ENG_hourly_process_dag.py for tasks to queue
[2022-12-16T12:32:11.725+0000] {logging_mixin.py:120} INFO - [2022-12-16T12:32:11.725+0000] {dagbag.py:537} INFO - Filling up the DagBag from /opt/airflow/dags/ENG_hourly_process_dag.py
[2022-12-16T12:32:14.706+0000] {processor.py:766} INFO - DAG(s) dict_keys(['ENG_hourly_process_v1']) retrieved from /opt/airflow/dags/ENG_hourly_process_dag.py
[2022-12-16T12:32:14.736+0000] {logging_mixin.py:120} INFO - [2022-12-16T12:32:14.735+0000] {dag.py:2585} INFO - Sync 1 DAGs
[2022-12-16T12:32:14.760+0000] {logging_mixin.py:120} INFO - [2022-12-16T12:32:14.760+0000] {dag.py:3340} INFO - Setting next_dagrun for ENG_hourly_process_v1 to 2022-10-26T00:05:00+00:00, run_after=2022-10-26T01:05:00+00:00
[2022-12-16T12:32:14.782+0000] {processor.py:176} INFO - Processing /opt/airflow/dags/ENG_hourly_process_dag.py took 3.060 seconds
[2022-12-16T12:32:45.667+0000] {processor.py:154} INFO - Started process (PID=3410) to work on /opt/airflow/dags/ENG_hourly_process_dag.py
[2022-12-16T12:32:45.668+0000] {processor.py:756} INFO - Processing file /opt/airflow/dags/ENG_hourly_process_dag.py for tasks to queue
[2022-12-16T12:32:45.668+0000] {logging_mixin.py:120} INFO - [2022-12-16T12:32:45.668+0000] {dagbag.py:537} INFO - Filling up the DagBag from /opt/airflow/dags/ENG_hourly_process_dag.py
[2022-12-16T12:32:48.511+0000] {processor.py:766} INFO - DAG(s) dict_keys(['ENG_hourly_process_v1']) retrieved from /opt/airflow/dags/ENG_hourly_process_dag.py
[2022-12-16T12:32:48.533+0000] {logging_mixin.py:120} INFO - [2022-12-16T12:32:48.532+0000] {dag.py:2585} INFO - Sync 1 DAGs
[2022-12-16T12:32:48.555+0000] {logging_mixin.py:120} INFO - [2022-12-16T12:32:48.555+0000] {dag.py:3340} INFO - Setting next_dagrun for ENG_hourly_process_v1 to 2022-10-26T00:05:00+00:00, run_after=2022-10-26T01:05:00+00:00
[2022-12-16T12:32:48.573+0000] {processor.py:176} INFO - Processing /opt/airflow/dags/ENG_hourly_process_dag.py took 2.909 seconds
[2022-12-16T12:33:18.930+0000] {processor.py:154} INFO - Started process (PID=3462) to work on /opt/airflow/dags/ENG_hourly_process_dag.py
[2022-12-16T12:33:18.931+0000] {processor.py:756} INFO - Processing file /opt/airflow/dags/ENG_hourly_process_dag.py for tasks to queue
[2022-12-16T12:33:18.932+0000] {logging_mixin.py:120} INFO - [2022-12-16T12:33:18.932+0000] {dagbag.py:537} INFO - Filling up the DagBag from /opt/airflow/dags/ENG_hourly_process_dag.py
[2022-12-16T12:33:23.503+0000] {processor.py:766} INFO - DAG(s) dict_keys(['ENG_hourly_process_v1']) retrieved from /opt/airflow/dags/ENG_hourly_process_dag.py
[2022-12-16T12:33:23.528+0000] {logging_mixin.py:120} INFO - [2022-12-16T12:33:23.528+0000] {dag.py:2585} INFO - Sync 1 DAGs
[2022-12-16T12:33:23.557+0000] {logging_mixin.py:120} INFO - [2022-12-16T12:33:23.557+0000] {dag.py:3340} INFO - Setting next_dagrun for ENG_hourly_process_v1 to 2022-10-26T00:05:00+00:00, run_after=2022-10-26T01:05:00+00:00
[2022-12-16T12:33:23.577+0000] {processor.py:176} INFO - Processing /opt/airflow/dags/ENG_hourly_process_dag.py took 4.651 seconds
[2022-12-16T12:33:53.899+0000] {processor.py:154} INFO - Started process (PID=3523) to work on /opt/airflow/dags/ENG_hourly_process_dag.py
[2022-12-16T12:33:53.900+0000] {processor.py:756} INFO - Processing file /opt/airflow/dags/ENG_hourly_process_dag.py for tasks to queue
[2022-12-16T12:33:53.900+0000] {logging_mixin.py:120} INFO - [2022-12-16T12:33:53.900+0000] {dagbag.py:537} INFO - Filling up the DagBag from /opt/airflow/dags/ENG_hourly_process_dag.py
[2022-12-16T12:33:56.990+0000] {processor.py:766} INFO - DAG(s) dict_keys(['ENG_hourly_process_v1']) retrieved from /opt/airflow/dags/ENG_hourly_process_dag.py
[2022-12-16T12:33:57.016+0000] {logging_mixin.py:120} INFO - [2022-12-16T12:33:57.016+0000] {dag.py:2585} INFO - Sync 1 DAGs
[2022-12-16T12:33:57.048+0000] {logging_mixin.py:120} INFO - [2022-12-16T12:33:57.048+0000] {dag.py:3340} INFO - Setting next_dagrun for ENG_hourly_process_v1 to 2022-10-26T00:05:00+00:00, run_after=2022-10-26T01:05:00+00:00
                                                                                                                                   [2022-12-16T12:45:22.794+0000] {processor.py:154} INFO - Started process (PID=214) to work on /opt/airflow/dags/ENG_hourly_process_dag.py
[2022-12-16T12:45:22.796+0000] {processor.py:756} INFO - Processing file /opt/airflow/dags/ENG_hourly_process_dag.py for tasks to queue
[2022-12-16T12:45:22.797+0000] {logging_mixin.py:120} INFO - [2022-12-16T12:45:22.796+0000] {dagbag.py:537} INFO - Filling up the DagBag from /opt/airflow/dags/ENG_hourly_process_dag.py
[2022-12-16T12:45:27.568+0000] {processor.py:766} INFO - DAG(s) dict_keys(['ENG_hourly_process_v1']) retrieved from /opt/airflow/dags/ENG_hourly_process_dag.py
[2022-12-16T12:45:27.684+0000] {logging_mixin.py:120} INFO - [2022-12-16T12:45:27.683+0000] {dag.py:2585} INFO - Sync 1 DAGs
[2022-12-16T12:45:27.737+0000] {logging_mixin.py:120} INFO - [2022-12-16T12:45:27.737+0000] {dag.py:3340} INFO - Setting next_dagrun for ENG_hourly_process_v1 to 2022-10-26T00:05:00+00:00, run_after=2022-10-26T01:05:00+00:00
[2022-12-16T12:45:27.774+0000] {processor.py:176} INFO - Processing /opt/airflow/dags/ENG_hourly_process_dag.py took 4.984 seconds
[2022-12-16T12:45:58.590+0000] {processor.py:154} INFO - Started process (PID=277) to work on /opt/airflow/dags/ENG_hourly_process_dag.py
[2022-12-16T12:45:58.592+0000] {processor.py:756} INFO - Processing file /opt/airflow/dags/ENG_hourly_process_dag.py for tasks to queue
[2022-12-16T12:45:58.594+0000] {logging_mixin.py:120} INFO - [2022-12-16T12:45:58.593+0000] {dagbag.py:537} INFO - Filling up the DagBag from /opt/airflow/dags/ENG_hourly_process_dag.py
[2022-12-16T12:46:00.909+0000] {processor.py:766} INFO - DAG(s) dict_keys(['ENG_hourly_process_v1']) retrieved from /opt/airflow/dags/ENG_hourly_process_dag.py
[2022-12-16T12:46:00.945+0000] {logging_mixin.py:120} INFO - [2022-12-16T12:46:00.944+0000] {dag.py:2585} INFO - Sync 1 DAGs
[2022-12-16T12:46:00.974+0000] {logging_mixin.py:120} INFO - [2022-12-16T12:46:00.973+0000] {dag.py:3340} INFO - Setting next_dagrun for ENG_hourly_process_v1 to 2022-10-26T00:05:00+00:00, run_after=2022-10-26T01:05:00+00:00
[2022-12-16T12:46:00.990+0000] {processor.py:176} INFO - Processing /opt/airflow/dags/ENG_hourly_process_dag.py took 2.411 seconds
[2022-12-16T12:47:46.201+0000] {processor.py:154} INFO - Started process (PID=213) to work on /opt/airflow/dags/ENG_hourly_process_dag.py
[2022-12-16T12:47:46.203+0000] {processor.py:756} INFO - Processing file /opt/airflow/dags/ENG_hourly_process_dag.py for tasks to queue
[2022-12-16T12:47:46.204+0000] {logging_mixin.py:120} INFO - [2022-12-16T12:47:46.204+0000] {dagbag.py:537} INFO - Filling up the DagBag from /opt/airflow/dags/ENG_hourly_process_dag.py
[2022-12-16T12:47:50.941+0000] {processor.py:766} INFO - DAG(s) dict_keys(['ENG_hourly_process_v1']) retrieved from /opt/airflow/dags/ENG_hourly_process_dag.py
[2022-12-16T12:47:51.082+0000] {logging_mixin.py:120} INFO - [2022-12-16T12:47:51.081+0000] {dag.py:2585} INFO - Sync 1 DAGs
[2022-12-16T12:47:51.120+0000] {logging_mixin.py:120} INFO - [2022-12-16T12:47:51.120+0000] {dag.py:3340} INFO - Setting next_dagrun for ENG_hourly_process_v1 to 2022-10-26T00:05:00+00:00, run_after=2022-10-26T01:05:00+00:00
[2022-12-16T12:47:51.148+0000] {processor.py:176} INFO - Processing /opt/airflow/dags/ENG_hourly_process_dag.py took 4.951 seconds
[2022-12-16T12:48:27.704+0000] {processor.py:154} INFO - Started process (PID=325) to work on /opt/airflow/dags/ENG_hourly_process_dag.py
[2022-12-16T12:48:27.707+0000] {processor.py:756} INFO - Processing file /opt/airflow/dags/ENG_hourly_process_dag.py for tasks to queue
[2022-12-16T12:48:27.726+0000] {logging_mixin.py:120} INFO - [2022-12-16T12:48:27.725+0000] {dagbag.py:537} INFO - Filling up the DagBag from /opt/airflow/dags/ENG_hourly_process_dag.py
[2022-12-16T12:48:44.695+0000] {processor.py:766} INFO - DAG(s) dict_keys(['ENG_hourly_process_v1']) retrieved from /opt/airflow/dags/ENG_hourly_process_dag.py
[2022-12-16T12:48:44.967+0000] {logging_mixin.py:120} INFO - [2022-12-16T12:48:44.966+0000] {dag.py:2585} INFO - Sync 1 DAGs
[2022-12-16T12:48:45.066+0000] {logging_mixin.py:120} INFO - [2022-12-16T12:48:45.065+0000] {dag.py:3340} INFO - Setting next_dagrun for ENG_hourly_process_v1 to 2022-10-26T00:05:00+00:00, run_after=2022-10-26T01:05:00+00:00
[2022-12-16T12:48:45.129+0000] {processor.py:176} INFO - Processing /opt/airflow/dags/ENG_hourly_process_dag.py took 17.414 seconds
[2022-12-16T12:49:15.485+0000] {processor.py:154} INFO - Started process (PID=410) to work on /opt/airflow/dags/ENG_hourly_process_dag.py
[2022-12-16T12:49:15.486+0000] {processor.py:756} INFO - Processing file /opt/airflow/dags/ENG_hourly_process_dag.py for tasks to queue
[2022-12-16T12:49:15.486+0000] {logging_mixin.py:120} INFO - [2022-12-16T12:49:15.486+0000] {dagbag.py:537} INFO - Filling up the DagBag from /opt/airflow/dags/ENG_hourly_process_dag.py
[2022-12-16T12:49:19.320+0000] {processor.py:766} INFO - DAG(s) dict_keys(['ENG_hourly_process_v1']) retrieved from /opt/airflow/dags/ENG_hourly_process_dag.py
[2022-12-16T12:49:19.371+0000] {logging_mixin.py:120} INFO - [2022-12-16T12:49:19.370+0000] {dag.py:2585} INFO - Sync 1 DAGs
[2022-12-16T12:49:19.411+0000] {logging_mixin.py:120} INFO - [2022-12-16T12:49:19.411+0000] {dag.py:3340} INFO - Setting next_dagrun for ENG_hourly_process_v1 to 2022-10-26T00:05:00+00:00, run_after=2022-10-26T01:05:00+00:00
[2022-12-16T12:49:19.435+0000] {processor.py:176} INFO - Processing /opt/airflow/dags/ENG_hourly_process_dag.py took 3.953 seconds
[2022-12-16T12:49:49.560+0000] {processor.py:154} INFO - Started process (PID=471) to work on /opt/airflow/dags/ENG_hourly_process_dag.py
[2022-12-16T12:49:49.561+0000] {processor.py:756} INFO - Processing file /opt/airflow/dags/ENG_hourly_process_dag.py for tasks to queue
[2022-12-16T12:49:49.562+0000] {logging_mixin.py:120} INFO - [2022-12-16T12:49:49.562+0000] {dagbag.py:537} INFO - Filling up the DagBag from /opt/airflow/dags/ENG_hourly_process_dag.py
[2022-12-16T12:49:51.761+0000] {processor.py:766} INFO - DAG(s) dict_keys(['ENG_hourly_process_v1']) retrieved from /opt/airflow/dags/ENG_hourly_process_dag.py
[2022-12-16T12:49:51.790+0000] {logging_mixin.py:120} INFO - [2022-12-16T12:49:51.790+0000] {dag.py:2585} INFO - Sync 1 DAGs
[2022-12-16T12:49:51.814+0000] {logging_mixin.py:120} INFO - [2022-12-16T12:49:51.814+0000] {dag.py:3340} INFO - Setting next_dagrun for ENG_hourly_process_v1 to 2022-10-26T00:05:00+00:00, run_after=2022-10-26T01:05:00+00:00
[2022-12-16T12:49:51.841+0000] {processor.py:176} INFO - Processing /opt/airflow/dags/ENG_hourly_process_dag.py took 2.286 seconds
[2022-12-16T12:50:22.754+0000] {processor.py:154} INFO - Started process (PID=532) to work on /opt/airflow/dags/ENG_hourly_process_dag.py
[2022-12-16T12:50:22.754+0000] {processor.py:756} INFO - Processing file /opt/airflow/dags/ENG_hourly_process_dag.py for tasks to queue
[2022-12-16T12:50:22.755+0000] {logging_mixin.py:120} INFO - [2022-12-16T12:50:22.755+0000] {dagbag.py:537} INFO - Filling up the DagBag from /opt/airflow/dags/ENG_hourly_process_dag.py
[2022-12-16T12:50:25.237+0000] {processor.py:766} INFO - DAG(s) dict_keys(['ENG_hourly_process_v1']) retrieved from /opt/airflow/dags/ENG_hourly_process_dag.py
[2022-12-16T12:50:25.278+0000] {logging_mixin.py:120} INFO - [2022-12-16T12:50:25.277+0000] {dag.py:2585} INFO - Sync 1 DAGs
[2022-12-16T12:50:25.311+0000] {logging_mixin.py:120} INFO - [2022-12-16T12:50:25.311+0000] {dag.py:3340} INFO - Setting next_dagrun for ENG_hourly_process_v1 to 2022-10-26T00:05:00+00:00, run_after=2022-10-26T01:05:00+00:00
[2022-12-16T12:50:25.334+0000] {processor.py:176} INFO - Processing /opt/airflow/dags/ENG_hourly_process_dag.py took 2.585 seconds
[2022-12-16T12:50:55.890+0000] {processor.py:154} INFO - Started process (PID=648) to work on /opt/airflow/dags/ENG_hourly_process_dag.py
[2022-12-16T12:50:55.891+0000] {processor.py:756} INFO - Processing file /opt/airflow/dags/ENG_hourly_process_dag.py for tasks to queue
[2022-12-16T12:50:55.893+0000] {logging_mixin.py:120} INFO - [2022-12-16T12:50:55.893+0000] {dagbag.py:537} INFO - Filling up the DagBag from /opt/airflow/dags/ENG_hourly_process_dag.py
[2022-12-16T12:51:02.766+0000] {processor.py:766} INFO - DAG(s) dict_keys(['ENG_hourly_process_v1']) retrieved from /opt/airflow/dags/ENG_hourly_process_dag.py
[2022-12-16T12:51:02.850+0000] {logging_mixin.py:120} INFO - [2022-12-16T12:51:02.849+0000] {dag.py:2585} INFO - Sync 1 DAGs
[2022-12-16T12:51:02.896+0000] {logging_mixin.py:120} INFO - [2022-12-16T12:51:02.896+0000] {dag.py:3340} INFO - Setting next_dagrun for ENG_hourly_process_v1 to 2022-10-26T00:05:00+00:00, run_after=2022-10-26T01:05:00+00:00
[2022-12-16T12:51:02.943+0000] {processor.py:176} INFO - Processing /opt/airflow/dags/ENG_hourly_process_dag.py took 7.066 seconds
[2022-12-16T12:51:33.951+0000] {processor.py:154} INFO - Started process (PID=720) to work on /opt/airflow/dags/ENG_hourly_process_dag.py
[2022-12-16T12:51:33.953+0000] {processor.py:756} INFO - Processing file /opt/airflow/dags/ENG_hourly_process_dag.py for tasks to queue
[2022-12-16T12:51:33.953+0000] {logging_mixin.py:120} INFO - [2022-12-16T12:51:33.953+0000] {dagbag.py:537} INFO - Filling up the DagBag from /opt/airflow/dags/ENG_hourly_process_dag.py
[2022-12-16T12:51:36.424+0000] {processor.py:766} INFO - DAG(s) dict_keys(['ENG_hourly_process_v1']) retrieved from /opt/airflow/dags/ENG_hourly_process_dag.py
[2022-12-16T12:51:36.455+0000] {logging_mixin.py:120} INFO - [2022-12-16T12:51:36.455+0000] {dag.py:2585} INFO - Sync 1 DAGs
[2022-12-16T12:51:36.483+0000] {logging_mixin.py:120} INFO - [2022-12-16T12:51:36.483+0000] {dag.py:3340} INFO - Setting next_dagrun for ENG_hourly_process_v1 to 2022-10-26T00:05:00+00:00, run_after=2022-10-26T01:05:00+00:00
[2022-12-16T12:51:36.520+0000] {processor.py:176} INFO - Processing /opt/airflow/dags/ENG_hourly_process_dag.py took 2.572 seconds
[2022-12-16T12:52:07.269+0000] {processor.py:154} INFO - Started process (PID=773) to work on /opt/airflow/dags/ENG_hourly_process_dag.py
[2022-12-16T12:52:07.270+0000] {processor.py:756} INFO - Processing file /opt/airflow/dags/ENG_hourly_process_dag.py for tasks to queue
[2022-12-16T12:52:07.270+0000] {logging_mixin.py:120} INFO - [2022-12-16T12:52:07.270+0000] {dagbag.py:537} INFO - Filling up the DagBag from /opt/airflow/dags/ENG_hourly_process_dag.py
[2022-12-16T12:52:09.637+0000] {processor.py:766} INFO - DAG(s) dict_keys(['ENG_hourly_process_v1']) retrieved from /opt/airflow/dags/ENG_hourly_process_dag.py
[2022-12-16T12:52:09.671+0000] {logging_mixin.py:120} INFO - [2022-12-16T12:52:09.670+0000] {dag.py:2585} INFO - Sync 1 DAGs
[2022-12-16T12:52:09.695+0000] {logging_mixin.py:120} INFO - [2022-12-16T12:52:09.695+0000] {dag.py:3340} INFO - Setting next_dagrun for ENG_hourly_process_v1 to 2022-10-26T00:05:00+00:00, run_after=2022-10-26T01:05:00+00:00
[2022-12-16T12:52:09.715+0000] {processor.py:176} INFO - Processing /opt/airflow/dags/ENG_hourly_process_dag.py took 2.449 seconds
[2022-12-16T12:52:40.005+0000] {processor.py:154} INFO - Started process (PID=834) to work on /opt/airflow/dags/ENG_hourly_process_dag.py
[2022-12-16T12:52:40.006+0000] {processor.py:756} INFO - Processing file /opt/airflow/dags/ENG_hourly_process_dag.py for tasks to queue
[2022-12-16T12:52:40.006+0000] {logging_mixin.py:120} INFO - [2022-12-16T12:52:40.006+0000] {dagbag.py:537} INFO - Filling up the DagBag from /opt/airflow/dags/ENG_hourly_process_dag.py
[2022-12-16T12:52:45.428+0000] {processor.py:766} INFO - DAG(s) dict_keys(['ENG_hourly_process_v1']) retrieved from /opt/airflow/dags/ENG_hourly_process_dag.py
[2022-12-16T12:52:45.504+0000] {logging_mixin.py:120} INFO - [2022-12-16T12:52:45.503+0000] {dag.py:2585} INFO - Sync 1 DAGs
[2022-12-16T12:52:45.562+0000] {logging_mixin.py:120} INFO - [2022-12-16T12:52:45.562+0000] {dag.py:3340} INFO - Setting next_dagrun for ENG_hourly_process_v1 to 2022-10-26T00:05:00+00:00, run_after=2022-10-26T01:05:00+00:00
[2022-12-16T12:52:45.609+0000] {processor.py:176} INFO - Processing /opt/airflow/dags/ENG_hourly_process_dag.py took 5.596 seconds
[2022-12-16T12:53:16.018+0000] {processor.py:154} INFO - Started process (PID=895) to work on /opt/airflow/dags/ENG_hourly_process_dag.py
[2022-12-16T12:53:16.019+0000] {processor.py:756} INFO - Processing file /opt/airflow/dags/ENG_hourly_process_dag.py for tasks to queue
[2022-12-16T12:53:16.020+0000] {logging_mixin.py:120} INFO - [2022-12-16T12:53:16.019+0000] {dagbag.py:537} INFO - Filling up the DagBag from /opt/airflow/dags/ENG_hourly_process_dag.py
[2022-12-16T12:53:18.403+0000] {processor.py:766} INFO - DAG(s) dict_keys(['ENG_hourly_process_v1']) retrieved from /opt/airflow/dags/ENG_hourly_process_dag.py
[2022-12-16T12:53:18.437+0000] {logging_mixin.py:120} INFO - [2022-12-16T12:53:18.436+0000] {dag.py:2585} INFO - Sync 1 DAGs
[2022-12-16T12:53:18.465+0000] {logging_mixin.py:120} INFO - [2022-12-16T12:53:18.464+0000] {dag.py:3340} INFO - Setting next_dagrun for ENG_hourly_process_v1 to 2022-10-26T00:05:00+00:00, run_after=2022-10-26T01:05:00+00:00
[2022-12-16T12:53:18.497+0000] {processor.py:176} INFO - Processing /opt/airflow/dags/ENG_hourly_process_dag.py took 2.481 seconds
[2022-12-16T12:53:49.051+0000] {processor.py:154} INFO - Started process (PID=956) to work on /opt/airflow/dags/ENG_hourly_process_dag.py
[2022-12-16T12:53:49.052+0000] {processor.py:756} INFO - Processing file /opt/airflow/dags/ENG_hourly_process_dag.py for tasks to queue
[2022-12-16T12:53:49.053+0000] {logging_mixin.py:120} INFO - [2022-12-16T12:53:49.052+0000] {dagbag.py:537} INFO - Filling up the DagBag from /opt/airflow/dags/ENG_hourly_process_dag.py
[2022-12-16T12:53:51.415+0000] {processor.py:766} INFO - DAG(s) dict_keys(['ENG_hourly_process_v1']) retrieved from /opt/airflow/dags/ENG_hourly_process_dag.py
[2022-12-16T12:53:51.456+0000] {logging_mixin.py:120} INFO - [2022-12-16T12:53:51.455+0000] {dag.py:2585} INFO - Sync 1 DAGs
[2022-12-16T12:53:51.488+0000] {logging_mixin.py:120} INFO - [2022-12-16T12:53:51.487+0000] {dag.py:3340} INFO - Setting next_dagrun for ENG_hourly_process_v1 to 2022-10-26T00:05:00+00:00, run_after=2022-10-26T01:05:00+00:00
[2022-12-16T12:53:51.512+0000] {processor.py:176} INFO - Processing /opt/airflow/dags/ENG_hourly_process_dag.py took 2.464 seconds
[2022-12-16T12:54:21.766+0000] {processor.py:154} INFO - Started process (PID=1018) to work on /opt/airflow/dags/ENG_hourly_process_dag.py
[2022-12-16T12:54:21.766+0000] {processor.py:756} INFO - Processing file /opt/airflow/dags/ENG_hourly_process_dag.py for tasks to queue
[2022-12-16T12:54:21.766+0000] {logging_mixin.py:120} INFO - [2022-12-16T12:54:21.766+0000] {dagbag.py:537} INFO - Filling up the DagBag from /opt/airflow/dags/ENG_hourly_process_dag.py
[2022-12-16T12:54:24.259+0000] {processor.py:766} INFO - DAG(s) dict_keys(['ENG_hourly_process_v1']) retrieved from /opt/airflow/dags/ENG_hourly_process_dag.py
[2022-12-16T12:54:24.292+0000] {logging_mixin.py:120} INFO - [2022-12-16T12:54:24.292+0000] {dag.py:2585} INFO - Sync 1 DAGs
[2022-12-16T12:54:24.316+0000] {logging_mixin.py:120} INFO - [2022-12-16T12:54:24.316+0000] {dag.py:3340} INFO - Setting next_dagrun for ENG_hourly_process_v1 to 2022-10-26T00:05:00+00:00, run_after=2022-10-26T01:05:00+00:00
[2022-12-16T12:54:24.334+0000] {processor.py:176} INFO - Processing /opt/airflow/dags/ENG_hourly_process_dag.py took 2.572 seconds
[2022-12-16T12:54:54.502+0000] {processor.py:154} INFO - Started process (PID=1079) to work on /opt/airflow/dags/ENG_hourly_process_dag.py
[2022-12-16T12:54:54.503+0000] {processor.py:756} INFO - Processing file /opt/airflow/dags/ENG_hourly_process_dag.py for tasks to queue
[2022-12-16T12:54:54.503+0000] {logging_mixin.py:120} INFO - [2022-12-16T12:54:54.503+0000] {dagbag.py:537} INFO - Filling up the DagBag from /opt/airflow/dags/ENG_hourly_process_dag.py
[2022-12-16T12:54:56.878+0000] {processor.py:766} INFO - DAG(s) dict_keys(['ENG_hourly_process_v1']) retrieved from /opt/airflow/dags/ENG_hourly_process_dag.py
[2022-12-16T12:54:56.912+0000] {logging_mixin.py:120} INFO - [2022-12-16T12:54:56.911+0000] {dag.py:2585} INFO - Sync 1 DAGs
[2022-12-16T12:54:56.936+0000] {logging_mixin.py:120} INFO - [2022-12-16T12:54:56.936+0000] {dag.py:3340} INFO - Setting next_dagrun for ENG_hourly_process_v1 to 2022-10-26T00:05:00+00:00, run_after=2022-10-26T01:05:00+00:00
[2022-12-16T12:54:56.955+0000] {processor.py:176} INFO - Processing /opt/airflow/dags/ENG_hourly_process_dag.py took 2.457 seconds
[2022-12-16T12:55:27.082+0000] {processor.py:154} INFO - Started process (PID=1140) to work on /opt/airflow/dags/ENG_hourly_process_dag.py
[2022-12-16T12:55:27.083+0000] {processor.py:756} INFO - Processing file /opt/airflow/dags/ENG_hourly_process_dag.py for tasks to queue
[2022-12-16T12:55:27.084+0000] {logging_mixin.py:120} INFO - [2022-12-16T12:55:27.083+0000] {dagbag.py:537} INFO - Filling up the DagBag from /opt/airflow/dags/ENG_hourly_process_dag.py
[2022-12-16T12:55:29.747+0000] {processor.py:766} INFO - DAG(s) dict_keys(['ENG_hourly_process_v1']) retrieved from /opt/airflow/dags/ENG_hourly_process_dag.py
[2022-12-16T12:55:29.787+0000] {logging_mixin.py:120} INFO - [2022-12-16T12:55:29.786+0000] {dag.py:2585} INFO - Sync 1 DAGs
[2022-12-16T12:55:29.820+0000] {logging_mixin.py:120} INFO - [2022-12-16T12:55:29.820+0000] {dag.py:3340} INFO - Setting next_dagrun for ENG_hourly_process_v1 to 2022-10-26T00:05:00+00:00, run_after=2022-10-26T01:05:00+00:00
[2022-12-16T12:55:29.845+0000] {processor.py:176} INFO - Processing /opt/airflow/dags/ENG_hourly_process_dag.py took 2.768 seconds
[2022-12-16T12:56:00.674+0000] {processor.py:154} INFO - Started process (PID=1201) to work on /opt/airflow/dags/ENG_hourly_process_dag.py
[2022-12-16T12:56:00.675+0000] {processor.py:756} INFO - Processing file /opt/airflow/dags/ENG_hourly_process_dag.py for tasks to queue
[2022-12-16T12:56:00.677+0000] {logging_mixin.py:120} INFO - [2022-12-16T12:56:00.677+0000] {dagbag.py:537} INFO - Filling up the DagBag from /opt/airflow/dags/ENG_hourly_process_dag.py
[2022-12-16T12:56:03.489+0000] {processor.py:766} INFO - DAG(s) dict_keys(['ENG_hourly_process_v1']) retrieved from /opt/airflow/dags/ENG_hourly_process_dag.py
[2022-12-16T12:56:03.532+0000] {logging_mixin.py:120} INFO - [2022-12-16T12:56:03.532+0000] {dag.py:2585} INFO - Sync 1 DAGs
[2022-12-16T12:56:03.558+0000] {logging_mixin.py:120} INFO - [2022-12-16T12:56:03.558+0000] {dag.py:3340} INFO - Setting next_dagrun for ENG_hourly_process_v1 to 2022-10-26T00:05:00+00:00, run_after=2022-10-26T01:05:00+00:00
[2022-12-16T12:56:03.575+0000] {processor.py:176} INFO - Processing /opt/airflow/dags/ENG_hourly_process_dag.py took 2.912 seconds
[2022-12-16T12:56:33.674+0000] {processor.py:154} INFO - Started process (PID=1262) to work on /opt/airflow/dags/ENG_hourly_process_dag.py
[2022-12-16T12:56:33.675+0000] {processor.py:756} INFO - Processing file /opt/airflow/dags/ENG_hourly_process_dag.py for tasks to queue
[2022-12-16T12:56:33.675+0000] {logging_mixin.py:120} INFO - [2022-12-16T12:56:33.675+0000] {dagbag.py:537} INFO - Filling up the DagBag from /opt/airflow/dags/ENG_hourly_process_dag.py
[2022-12-16T12:56:36.657+0000] {processor.py:766} INFO - DAG(s) dict_keys(['ENG_hourly_process_v1']) retrieved from /opt/airflow/dags/ENG_hourly_process_dag.py
[2022-12-16T12:56:36.693+0000] {logging_mixin.py:120} INFO - [2022-12-16T12:56:36.692+0000] {dag.py:2585} INFO - Sync 1 DAGs
[2022-12-16T12:56:36.721+0000] {logging_mixin.py:120} INFO - [2022-12-16T12:56:36.720+0000] {dag.py:3340} INFO - Setting next_dagrun for ENG_hourly_process_v1 to 2022-10-26T00:05:00+00:00, run_after=2022-10-26T01:05:00+00:00
[2022-12-16T12:56:36.743+0000] {processor.py:176} INFO - Processing /opt/airflow/dags/ENG_hourly_process_dag.py took 3.071 seconds
[2022-12-16T12:57:07.048+0000] {processor.py:154} INFO - Started process (PID=1317) to work on /opt/airflow/dags/ENG_hourly_process_dag.py
[2022-12-16T12:57:07.048+0000] {processor.py:756} INFO - Processing file /opt/airflow/dags/ENG_hourly_process_dag.py for tasks to queue
[2022-12-16T12:57:07.049+0000] {logging_mixin.py:120} INFO - [2022-12-16T12:57:07.049+0000] {dagbag.py:537} INFO - Filling up the DagBag from /opt/airflow/dags/ENG_hourly_process_dag.py
[2022-12-16T12:57:09.915+0000] {processor.py:766} INFO - DAG(s) dict_keys(['ENG_hourly_process_v1']) retrieved from /opt/airflow/dags/ENG_hourly_process_dag.py
[2022-12-16T12:57:09.948+0000] {logging_mixin.py:120} INFO - [2022-12-16T12:57:09.948+0000] {dag.py:2585} INFO - Sync 1 DAGs
[2022-12-16T12:57:09.974+0000] {logging_mixin.py:120} INFO - [2022-12-16T12:57:09.974+0000] {dag.py:3340} INFO - Setting next_dagrun for ENG_hourly_process_v1 to 2022-10-26T00:05:00+00:00, run_after=2022-10-26T01:05:00+00:00
[2022-12-16T12:57:09.993+0000] {processor.py:176} INFO - Processing /opt/airflow/dags/ENG_hourly_process_dag.py took 2.950 seconds
[2022-12-16T12:57:40.664+0000] {processor.py:154} INFO - Started process (PID=1381) to work on /opt/airflow/dags/ENG_hourly_process_dag.py
[2022-12-16T12:57:40.665+0000] {processor.py:756} INFO - Processing file /opt/airflow/dags/ENG_hourly_process_dag.py for tasks to queue
[2022-12-16T12:57:40.665+0000] {logging_mixin.py:120} INFO - [2022-12-16T12:57:40.665+0000] {dagbag.py:537} INFO - Filling up the DagBag from /opt/airflow/dags/ENG_hourly_process_dag.py
[2022-12-16T12:57:43.370+0000] {processor.py:766} INFO - DAG(s) dict_keys(['ENG_hourly_process_v1']) retrieved from /opt/airflow/dags/ENG_hourly_process_dag.py
[2022-12-16T12:57:43.413+0000] {logging_mixin.py:120} INFO - [2022-12-16T12:57:43.413+0000] {dag.py:2585} INFO - Sync 1 DAGs
[2022-12-16T12:57:43.454+0000] {logging_mixin.py:120} INFO - [2022-12-16T12:57:43.454+0000] {dag.py:3340} INFO - Setting next_dagrun for ENG_hourly_process_v1 to 2022-10-26T00:05:00+00:00, run_after=2022-10-26T01:05:00+00:00
[2022-12-16T12:57:43.482+0000] {processor.py:176} INFO - Processing /opt/airflow/dags/ENG_hourly_process_dag.py took 2.821 seconds
[2022-12-16T12:58:13.955+0000] {processor.py:154} INFO - Started process (PID=1439) to work on /opt/airflow/dags/ENG_hourly_process_dag.py
[2022-12-16T12:58:13.956+0000] {processor.py:756} INFO - Processing file /opt/airflow/dags/ENG_hourly_process_dag.py for tasks to queue
[2022-12-16T12:58:13.957+0000] {logging_mixin.py:120} INFO - [2022-12-16T12:58:13.957+0000] {dagbag.py:537} INFO - Filling up the DagBag from /opt/airflow/dags/ENG_hourly_process_dag.py
[2022-12-16T12:58:16.182+0000] {processor.py:766} INFO - DAG(s) dict_keys(['ENG_hourly_process_v1']) retrieved from /opt/airflow/dags/ENG_hourly_process_dag.py
[2022-12-16T12:58:16.214+0000] {logging_mixin.py:120} INFO - [2022-12-16T12:58:16.213+0000] {dag.py:2585} INFO - Sync 1 DAGs
[2022-12-16T12:58:16.236+0000] {logging_mixin.py:120} INFO - [2022-12-16T12:58:16.236+0000] {dag.py:3340} INFO - Setting next_dagrun for ENG_hourly_process_v1 to 2022-10-26T00:05:00+00:00, run_after=2022-10-26T01:05:00+00:00
[2022-12-16T12:58:16.266+0000] {processor.py:176} INFO - Processing /opt/airflow/dags/ENG_hourly_process_dag.py took 2.313 seconds
