[2022-12-16T00:04:46.623+0000] {processor.py:154} INFO - Started process (PID=32201) to work on /opt/airflow/dags/hourly_demand_dag.py
[2022-12-16T00:04:46.628+0000] {processor.py:756} INFO - Processing file /opt/airflow/dags/hourly_demand_dag.py for tasks to queue
[2022-12-16T00:04:46.733+0000] {logging_mixin.py:120} INFO - [2022-12-16T00:04:46.731+0000] {dagbag.py:537} INFO - Filling up the DagBag from /opt/airflow/dags/hourly_demand_dag.py
[2022-12-16T00:05:31.193+0000] {logging_mixin.py:120} INFO - [2022-12-16T00:05:31.015+0000] {timeout.py:68} ERROR - Process timed out, PID: 32201
[2022-12-16T00:05:31.262+0000] {logging_mixin.py:120} INFO - [2022-12-16T00:05:31.196+0000] {dagbag.py:342} ERROR - Failed to import: /opt/airflow/dags/hourly_demand_dag.py
Traceback (most recent call last):
  File "/home/airflow/.local/lib/python3.7/site-packages/airflow/models/dagbag.py", line 338, in parse
    loader.exec_module(new_module)
  File "<frozen importlib._bootstrap_external>", line 728, in exec_module
  File "<frozen importlib._bootstrap>", line 219, in _call_with_frames_removed
  File "/opt/airflow/dags/hourly_demand_dag.py", line 13, in <module>
    from energy import _get_hourly_demand
  File "/opt/airflow/dags/energy.py", line 23, in <module>
    import tensorflow as tf
  File "/home/airflow/.local/lib/python3.7/site-packages/tensorflow/__init__.py", line 37, in <module>
    from tensorflow.python.tools import module_util as _module_util
  File "/home/airflow/.local/lib/python3.7/site-packages/tensorflow/python/__init__.py", line 36, in <module>
    from tensorflow.python import pywrap_tensorflow as _pywrap_tensorflow
  File "/home/airflow/.local/lib/python3.7/site-packages/tensorflow/python/pywrap_tensorflow.py", line 62, in <module>
    from tensorflow.python._pywrap_tensorflow_internal import *
  File "/home/airflow/.local/lib/python3.7/site-packages/airflow/utils/timeout.py", line 69, in handle_timeout
    raise AirflowTaskTimeout(self.error_message)
airflow.exceptions.AirflowTaskTimeout: DagBag import timeout for /opt/airflow/dags/hourly_demand_dag.py after 30.0s.
Please take a look at these docs to improve your DAG import time:
* https://airflow.apache.org/docs/apache-airflow/2.4.2/best-practices.html#top-level-python-code
* https://airflow.apache.org/docs/apache-airflow/2.4.2/best-practices.html#reducing-dag-complexity, PID: 32201
[2022-12-16T00:05:31.291+0000] {processor.py:768} WARNING - No viable dags retrieved from /opt/airflow/dags/hourly_demand_dag.py
[2022-12-16T00:05:31.795+0000] {processor.py:176} INFO - Processing /opt/airflow/dags/hourly_demand_dag.py took 45.430 seconds
[2022-12-16T00:06:23.480+0000] {processor.py:154} INFO - Started process (PID=32277) to work on /opt/airflow/dags/hourly_demand_dag.py
[2022-12-16T00:06:23.579+0000] {processor.py:756} INFO - Processing file /opt/airflow/dags/hourly_demand_dag.py for tasks to queue
[2022-12-16T00:06:23.676+0000] {logging_mixin.py:120} INFO - [2022-12-16T00:06:23.674+0000] {dagbag.py:537} INFO - Filling up the DagBag from /opt/airflow/dags/hourly_demand_dag.py
[2022-12-16T11:59:47.192+0000] {processor.py:154} INFO - Started process (PID=32321) to work on /opt/airflow/dags/hourly_demand_dag.py
[2022-12-16T11:59:47.268+0000] {processor.py:756} INFO - Processing file /opt/airflow/dags/hourly_demand_dag.py for tasks to queue
[2022-12-16T11:59:47.269+0000] {logging_mixin.py:120} INFO - [2022-12-16T11:59:47.269+0000] {dagbag.py:537} INFO - Filling up the DagBag from /opt/airflow/dags/hourly_demand_dag.py
[2022-12-16T11:59:58.852+0000] {processor.py:766} INFO - DAG(s) dict_keys(['get_hourly_demand_v2']) retrieved from /opt/airflow/dags/hourly_demand_dag.py
[2022-12-16T11:59:59.047+0000] {logging_mixin.py:120} INFO - [2022-12-16T11:59:59.046+0000] {dag.py:2585} INFO - Sync 1 DAGs
[2022-12-16T11:59:59.106+0000] {logging_mixin.py:120} INFO - [2022-12-16T11:59:59.106+0000] {dag.py:3340} INFO - Setting next_dagrun for get_hourly_demand_v2 to 2022-10-26T00:05:00+00:00, run_after=2022-10-26T01:05:00+00:00
[2022-12-16T11:59:59.171+0000] {processor.py:176} INFO - Processing /opt/airflow/dags/hourly_demand_dag.py took 11.996 seconds
[2022-12-16T12:00:29.421+0000] {processor.py:154} INFO - Started process (PID=32379) to work on /opt/airflow/dags/hourly_demand_dag.py
[2022-12-16T12:00:29.422+0000] {processor.py:756} INFO - Processing file /opt/airflow/dags/hourly_demand_dag.py for tasks to queue
[2022-12-16T12:00:29.423+0000] {logging_mixin.py:120} INFO - [2022-12-16T12:00:29.423+0000] {dagbag.py:537} INFO - Filling up the DagBag from /opt/airflow/dags/hourly_demand_dag.py
[2022-12-16T12:00:39.042+0000] {processor.py:766} INFO - DAG(s) dict_keys(['get_hourly_demand_v2']) retrieved from /opt/airflow/dags/hourly_demand_dag.py
[2022-12-16T12:00:39.101+0000] {logging_mixin.py:120} INFO - [2022-12-16T12:00:39.100+0000] {dag.py:2585} INFO - Sync 1 DAGs
[2022-12-16T12:00:39.188+0000] {logging_mixin.py:120} INFO - [2022-12-16T12:00:39.188+0000] {dag.py:3340} INFO - Setting next_dagrun for get_hourly_demand_v2 to 2022-10-26T00:05:00+00:00, run_after=2022-10-26T01:05:00+00:00
[2022-12-16T12:00:39.244+0000] {processor.py:176} INFO - Processing /opt/airflow/dags/hourly_demand_dag.py took 9.827 seconds
[2022-12-16T12:01:09.856+0000] {processor.py:154} INFO - Started process (PID=32441) to work on /opt/airflow/dags/hourly_demand_dag.py
[2022-12-16T12:01:09.868+0000] {processor.py:756} INFO - Processing file /opt/airflow/dags/hourly_demand_dag.py for tasks to queue
[2022-12-16T12:01:09.868+0000] {logging_mixin.py:120} INFO - [2022-12-16T12:01:09.868+0000] {dagbag.py:537} INFO - Filling up the DagBag from /opt/airflow/dags/hourly_demand_dag.py
[2022-12-16T12:01:12.648+0000] {processor.py:766} INFO - DAG(s) dict_keys(['get_hourly_demand_v2']) retrieved from /opt/airflow/dags/hourly_demand_dag.py
[2022-12-16T12:01:12.671+0000] {logging_mixin.py:120} INFO - [2022-12-16T12:01:12.670+0000] {dag.py:2585} INFO - Sync 1 DAGs
[2022-12-16T12:01:12.694+0000] {logging_mixin.py:120} INFO - [2022-12-16T12:01:12.694+0000] {dag.py:3340} INFO - Setting next_dagrun for get_hourly_demand_v2 to 2022-10-26T00:05:00+00:00, run_after=2022-10-26T01:05:00+00:00
[2022-12-16T12:01:12.724+0000] {processor.py:176} INFO - Processing /opt/airflow/dags/hourly_demand_dag.py took 2.872 seconds
[2022-12-16T12:01:43.228+0000] {processor.py:154} INFO - Started process (PID=32501) to work on /opt/airflow/dags/hourly_demand_dag.py
[2022-12-16T12:01:43.229+0000] {processor.py:756} INFO - Processing file /opt/airflow/dags/hourly_demand_dag.py for tasks to queue
[2022-12-16T12:01:43.230+0000] {logging_mixin.py:120} INFO - [2022-12-16T12:01:43.230+0000] {dagbag.py:537} INFO - Filling up the DagBag from /opt/airflow/dags/hourly_demand_dag.py
[2022-12-16T12:01:47.606+0000] {processor.py:766} INFO - DAG(s) dict_keys(['get_hourly_demand_v2']) retrieved from /opt/airflow/dags/hourly_demand_dag.py
[2022-12-16T12:01:47.646+0000] {logging_mixin.py:120} INFO - [2022-12-16T12:01:47.645+0000] {dag.py:2585} INFO - Sync 1 DAGs
[2022-12-16T12:01:47.691+0000] {logging_mixin.py:120} INFO - [2022-12-16T12:01:47.691+0000] {dag.py:3340} INFO - Setting next_dagrun for get_hourly_demand_v2 to 2022-10-26T00:05:00+00:00, run_after=2022-10-26T01:05:00+00:00
[2022-12-16T12:01:47.720+0000] {processor.py:176} INFO - Processing /opt/airflow/dags/hourly_demand_dag.py took 4.500 seconds
[2022-12-16T12:02:18.030+0000] {processor.py:154} INFO - Started process (PID=32562) to work on /opt/airflow/dags/hourly_demand_dag.py
[2022-12-16T12:02:18.030+0000] {processor.py:756} INFO - Processing file /opt/airflow/dags/hourly_demand_dag.py for tasks to queue
[2022-12-16T12:02:18.031+0000] {logging_mixin.py:120} INFO - [2022-12-16T12:02:18.031+0000] {dagbag.py:537} INFO - Filling up the DagBag from /opt/airflow/dags/hourly_demand_dag.py
[2022-12-16T12:02:23.892+0000] {processor.py:766} INFO - DAG(s) dict_keys(['get_hourly_demand_v2']) retrieved from /opt/airflow/dags/hourly_demand_dag.py
[2022-12-16T12:02:23.999+0000] {logging_mixin.py:120} INFO - [2022-12-16T12:02:23.988+0000] {dag.py:2585} INFO - Sync 1 DAGs
[2022-12-16T12:02:24.095+0000] {logging_mixin.py:120} INFO - [2022-12-16T12:02:24.095+0000] {dag.py:3340} INFO - Setting next_dagrun for get_hourly_demand_v2 to 2022-10-26T00:05:00+00:00, run_after=2022-10-26T01:05:00+00:00
[2022-12-16T12:02:24.161+0000] {processor.py:176} INFO - Processing /opt/airflow/dags/hourly_demand_dag.py took 6.138 seconds
[2022-12-16T12:02:54.365+0000] {processor.py:154} INFO - Started process (PID=32613) to work on /opt/airflow/dags/hourly_demand_dag.py
[2022-12-16T12:02:54.365+0000] {processor.py:756} INFO - Processing file /opt/airflow/dags/hourly_demand_dag.py for tasks to queue
[2022-12-16T12:02:54.366+0000] {logging_mixin.py:120} INFO - [2022-12-16T12:02:54.366+0000] {dagbag.py:537} INFO - Filling up the DagBag from /opt/airflow/dags/hourly_demand_dag.py
[2022-12-16T12:02:58.140+0000] {processor.py:766} INFO - DAG(s) dict_keys(['get_hourly_demand_v2']) retrieved from /opt/airflow/dags/hourly_demand_dag.py
[2022-12-16T12:02:58.172+0000] {logging_mixin.py:120} INFO - [2022-12-16T12:02:58.170+0000] {dag.py:2585} INFO - Sync 1 DAGs
[2022-12-16T12:02:58.210+0000] {logging_mixin.py:120} INFO - [2022-12-16T12:02:58.210+0000] {dag.py:3340} INFO - Setting next_dagrun for get_hourly_demand_v2 to 2022-10-26T00:05:00+00:00, run_after=2022-10-26T01:05:00+00:00
[2022-12-16T12:02:58.233+0000] {processor.py:176} INFO - Processing /opt/airflow/dags/hourly_demand_dag.py took 3.872 seconds
[2022-12-16T12:03:28.690+0000] {processor.py:154} INFO - Started process (PID=32674) to work on /opt/airflow/dags/hourly_demand_dag.py
[2022-12-16T12:03:28.690+0000] {processor.py:756} INFO - Processing file /opt/airflow/dags/hourly_demand_dag.py for tasks to queue
[2022-12-16T12:03:28.691+0000] {logging_mixin.py:120} INFO - [2022-12-16T12:03:28.691+0000] {dagbag.py:537} INFO - Filling up the DagBag from /opt/airflow/dags/hourly_demand_dag.py
[2022-12-16T12:03:32.790+0000] {processor.py:766} INFO - DAG(s) dict_keys(['get_hourly_demand_v2']) retrieved from /opt/airflow/dags/hourly_demand_dag.py
[2022-12-16T12:03:32.819+0000] {logging_mixin.py:120} INFO - [2022-12-16T12:03:32.819+0000] {dag.py:2585} INFO - Sync 1 DAGs
[2022-12-16T12:03:32.849+0000] {logging_mixin.py:120} INFO - [2022-12-16T12:03:32.849+0000] {dag.py:3340} INFO - Setting next_dagrun for get_hourly_demand_v2 to 2022-10-26T00:05:00+00:00, run_after=2022-10-26T01:05:00+00:00
[2022-12-16T12:03:32.880+0000] {processor.py:176} INFO - Processing /opt/airflow/dags/hourly_demand_dag.py took 4.194 seconds
[2022-12-16T12:04:03.200+0000] {processor.py:154} INFO - Started process (PID=32735) to work on /opt/airflow/dags/hourly_demand_dag.py
[2022-12-16T12:04:03.201+0000] {processor.py:756} INFO - Processing file /opt/airflow/dags/hourly_demand_dag.py for tasks to queue
[2022-12-16T12:04:03.201+0000] {logging_mixin.py:120} INFO - [2022-12-16T12:04:03.201+0000] {dagbag.py:537} INFO - Filling up the DagBag from /opt/airflow/dags/hourly_demand_dag.py
[2022-12-16T12:04:05.783+0000] {processor.py:766} INFO - DAG(s) dict_keys(['get_hourly_demand_v2']) retrieved from /opt/airflow/dags/hourly_demand_dag.py
[2022-12-16T12:04:05.865+0000] {logging_mixin.py:120} INFO - [2022-12-16T12:04:05.863+0000] {dag.py:2585} INFO - Sync 1 DAGs
[2022-12-16T12:04:05.891+0000] {logging_mixin.py:120} INFO - [2022-12-16T12:04:05.891+0000] {dag.py:3340} INFO - Setting next_dagrun for get_hourly_demand_v2 to 2022-10-26T00:05:00+00:00, run_after=2022-10-26T01:05:00+00:00
[2022-12-16T12:04:05.915+0000] {processor.py:176} INFO - Processing /opt/airflow/dags/hourly_demand_dag.py took 2.719 seconds
[2022-12-16T12:04:36.576+0000] {processor.py:154} INFO - Started process (PID=328) to work on /opt/airflow/dags/hourly_demand_dag.py
[2022-12-16T12:04:36.577+0000] {processor.py:756} INFO - Processing file /opt/airflow/dags/hourly_demand_dag.py for tasks to queue
[2022-12-16T12:04:36.578+0000] {logging_mixin.py:120} INFO - [2022-12-16T12:04:36.577+0000] {dagbag.py:537} INFO - Filling up the DagBag from /opt/airflow/dags/hourly_demand_dag.py
[2022-12-16T12:04:39.217+0000] {processor.py:766} INFO - DAG(s) dict_keys(['get_hourly_demand_v2']) retrieved from /opt/airflow/dags/hourly_demand_dag.py
[2022-12-16T12:04:39.243+0000] {logging_mixin.py:120} INFO - [2022-12-16T12:04:39.242+0000] {dag.py:2585} INFO - Sync 1 DAGs
[2022-12-16T12:04:39.267+0000] {logging_mixin.py:120} INFO - [2022-12-16T12:04:39.267+0000] {dag.py:3340} INFO - Setting next_dagrun for get_hourly_demand_v2 to 2022-10-26T00:05:00+00:00, run_after=2022-10-26T01:05:00+00:00
[2022-12-16T12:04:39.290+0000] {processor.py:176} INFO - Processing /opt/airflow/dags/hourly_demand_dag.py took 2.718 seconds
[2022-12-16T12:05:09.920+0000] {processor.py:154} INFO - Started process (PID=389) to work on /opt/airflow/dags/hourly_demand_dag.py
[2022-12-16T12:05:09.929+0000] {processor.py:756} INFO - Processing file /opt/airflow/dags/hourly_demand_dag.py for tasks to queue
[2022-12-16T12:05:09.929+0000] {logging_mixin.py:120} INFO - [2022-12-16T12:05:09.929+0000] {dagbag.py:537} INFO - Filling up the DagBag from /opt/airflow/dags/hourly_demand_dag.py
[2022-12-16T12:05:12.588+0000] {processor.py:766} INFO - DAG(s) dict_keys(['get_hourly_demand_v2']) retrieved from /opt/airflow/dags/hourly_demand_dag.py
[2022-12-16T12:05:12.611+0000] {logging_mixin.py:120} INFO - [2022-12-16T12:05:12.611+0000] {dag.py:2585} INFO - Sync 1 DAGs
[2022-12-16T12:05:12.634+0000] {logging_mixin.py:120} INFO - [2022-12-16T12:05:12.634+0000] {dag.py:3340} INFO - Setting next_dagrun for get_hourly_demand_v2 to 2022-10-26T00:05:00+00:00, run_after=2022-10-26T01:05:00+00:00
[2022-12-16T12:05:12.664+0000] {processor.py:176} INFO - Processing /opt/airflow/dags/hourly_demand_dag.py took 2.748 seconds
[2022-12-16T12:05:42.708+0000] {processor.py:154} INFO - Started process (PID=448) to work on /opt/airflow/dags/hourly_demand_dag.py
[2022-12-16T12:05:42.709+0000] {processor.py:756} INFO - Processing file /opt/airflow/dags/hourly_demand_dag.py for tasks to queue
[2022-12-16T12:05:42.710+0000] {logging_mixin.py:120} INFO - [2022-12-16T12:05:42.710+0000] {dagbag.py:537} INFO - Filling up the DagBag from /opt/airflow/dags/hourly_demand_dag.py
[2022-12-16T12:05:46.577+0000] {processor.py:766} INFO - DAG(s) dict_keys(['get_hourly_demand_v2']) retrieved from /opt/airflow/dags/hourly_demand_dag.py
[2022-12-16T12:05:46.614+0000] {logging_mixin.py:120} INFO - [2022-12-16T12:05:46.612+0000] {dag.py:2585} INFO - Sync 1 DAGs
[2022-12-16T12:05:46.652+0000] {logging_mixin.py:120} INFO - [2022-12-16T12:05:46.652+0000] {dag.py:3340} INFO - Setting next_dagrun for get_hourly_demand_v2 to 2022-10-26T00:05:00+00:00, run_after=2022-10-26T01:05:00+00:00
[2022-12-16T12:05:46.682+0000] {processor.py:176} INFO - Processing /opt/airflow/dags/hourly_demand_dag.py took 3.977 seconds
[2022-12-16T12:06:17.162+0000] {processor.py:154} INFO - Started process (PID=502) to work on /opt/airflow/dags/hourly_demand_dag.py
[2022-12-16T12:06:17.163+0000] {processor.py:756} INFO - Processing file /opt/airflow/dags/hourly_demand_dag.py for tasks to queue
[2022-12-16T12:06:17.164+0000] {logging_mixin.py:120} INFO - [2022-12-16T12:06:17.164+0000] {dagbag.py:537} INFO - Filling up the DagBag from /opt/airflow/dags/hourly_demand_dag.py
[2022-12-16T12:06:20.304+0000] {processor.py:766} INFO - DAG(s) dict_keys(['get_hourly_demand_v2']) retrieved from /opt/airflow/dags/hourly_demand_dag.py
[2022-12-16T12:06:20.328+0000] {logging_mixin.py:120} INFO - [2022-12-16T12:06:20.327+0000] {dag.py:2585} INFO - Sync 1 DAGs
[2022-12-16T12:06:20.353+0000] {logging_mixin.py:120} INFO - [2022-12-16T12:06:20.353+0000] {dag.py:3340} INFO - Setting next_dagrun for get_hourly_demand_v2 to 2022-10-26T00:05:00+00:00, run_after=2022-10-26T01:05:00+00:00
[2022-12-16T12:06:20.390+0000] {processor.py:176} INFO - Processing /opt/airflow/dags/hourly_demand_dag.py took 3.231 seconds
[2022-12-16T12:06:50.748+0000] {processor.py:154} INFO - Started process (PID=563) to work on /opt/airflow/dags/hourly_demand_dag.py
[2022-12-16T12:06:50.749+0000] {processor.py:756} INFO - Processing file /opt/airflow/dags/hourly_demand_dag.py for tasks to queue
[2022-12-16T12:06:50.750+0000] {logging_mixin.py:120} INFO - [2022-12-16T12:06:50.749+0000] {dagbag.py:537} INFO - Filling up the DagBag from /opt/airflow/dags/hourly_demand_dag.py
[2022-12-16T12:06:53.311+0000] {processor.py:766} INFO - DAG(s) dict_keys(['get_hourly_demand_v2']) retrieved from /opt/airflow/dags/hourly_demand_dag.py
[2022-12-16T12:06:53.345+0000] {logging_mixin.py:120} INFO - [2022-12-16T12:06:53.345+0000] {dag.py:2585} INFO - Sync 1 DAGs
[2022-12-16T12:06:53.368+0000] {logging_mixin.py:120} INFO - [2022-12-16T12:06:53.367+0000] {dag.py:3340} INFO - Setting next_dagrun for get_hourly_demand_v2 to 2022-10-26T00:05:00+00:00, run_after=2022-10-26T01:05:00+00:00
[2022-12-16T12:06:53.385+0000] {processor.py:176} INFO - Processing /opt/airflow/dags/hourly_demand_dag.py took 2.642 seconds
[2022-12-16T12:07:23.533+0000] {processor.py:154} INFO - Started process (PID=624) to work on /opt/airflow/dags/hourly_demand_dag.py
[2022-12-16T12:07:23.533+0000] {processor.py:756} INFO - Processing file /opt/airflow/dags/hourly_demand_dag.py for tasks to queue
[2022-12-16T12:07:23.533+0000] {logging_mixin.py:120} INFO - [2022-12-16T12:07:23.533+0000] {dagbag.py:537} INFO - Filling up the DagBag from /opt/airflow/dags/hourly_demand_dag.py
[2022-12-16T12:07:25.829+0000] {processor.py:766} INFO - DAG(s) dict_keys(['get_hourly_demand_v2']) retrieved from /opt/airflow/dags/hourly_demand_dag.py
[2022-12-16T12:07:25.850+0000] {logging_mixin.py:120} INFO - [2022-12-16T12:07:25.849+0000] {dag.py:2585} INFO - Sync 1 DAGs
[2022-12-16T12:07:25.871+0000] {logging_mixin.py:120} INFO - [2022-12-16T12:07:25.871+0000] {dag.py:3340} INFO - Setting next_dagrun for get_hourly_demand_v2 to 2022-10-26T00:05:00+00:00, run_after=2022-10-26T01:05:00+00:00
[2022-12-16T12:07:25.898+0000] {processor.py:176} INFO - Processing /opt/airflow/dags/hourly_demand_dag.py took 2.368 seconds
[2022-12-16T12:07:56.154+0000] {processor.py:154} INFO - Started process (PID=685) to work on /opt/airflow/dags/hourly_demand_dag.py
[2022-12-16T12:07:56.164+0000] {processor.py:756} INFO - Processing file /opt/airflow/dags/hourly_demand_dag.py for tasks to queue
[2022-12-16T12:07:56.165+0000] {logging_mixin.py:120} INFO - [2022-12-16T12:07:56.165+0000] {dagbag.py:537} INFO - Filling up the DagBag from /opt/airflow/dags/hourly_demand_dag.py
[2022-12-16T12:07:58.600+0000] {processor.py:766} INFO - DAG(s) dict_keys(['get_hourly_demand_v2']) retrieved from /opt/airflow/dags/hourly_demand_dag.py
[2022-12-16T12:07:58.621+0000] {logging_mixin.py:120} INFO - [2022-12-16T12:07:58.620+0000] {dag.py:2585} INFO - Sync 1 DAGs
[2022-12-16T12:07:58.642+0000] {logging_mixin.py:120} INFO - [2022-12-16T12:07:58.642+0000] {dag.py:3340} INFO - Setting next_dagrun for get_hourly_demand_v2 to 2022-10-26T00:05:00+00:00, run_after=2022-10-26T01:05:00+00:00
[2022-12-16T12:07:58.677+0000] {processor.py:176} INFO - Processing /opt/airflow/dags/hourly_demand_dag.py took 2.527 seconds
[2022-12-16T12:08:28.798+0000] {processor.py:154} INFO - Started process (PID=746) to work on /opt/airflow/dags/hourly_demand_dag.py
[2022-12-16T12:08:28.808+0000] {processor.py:756} INFO - Processing file /opt/airflow/dags/hourly_demand_dag.py for tasks to queue
[2022-12-16T12:08:28.809+0000] {logging_mixin.py:120} INFO - [2022-12-16T12:08:28.809+0000] {dagbag.py:537} INFO - Filling up the DagBag from /opt/airflow/dags/hourly_demand_dag.py
[2022-12-16T12:08:31.178+0000] {processor.py:766} INFO - DAG(s) dict_keys(['get_hourly_demand_v2']) retrieved from /opt/airflow/dags/hourly_demand_dag.py
[2022-12-16T12:08:31.199+0000] {logging_mixin.py:120} INFO - [2022-12-16T12:08:31.199+0000] {dag.py:2585} INFO - Sync 1 DAGs
[2022-12-16T12:08:31.220+0000] {logging_mixin.py:120} INFO - [2022-12-16T12:08:31.219+0000] {dag.py:3340} INFO - Setting next_dagrun for get_hourly_demand_v2 to 2022-10-26T00:05:00+00:00, run_after=2022-10-26T01:05:00+00:00
[2022-12-16T12:08:31.236+0000] {processor.py:176} INFO - Processing /opt/airflow/dags/hourly_demand_dag.py took 2.443 seconds
[2022-12-16T12:09:01.283+0000] {processor.py:154} INFO - Started process (PID=807) to work on /opt/airflow/dags/hourly_demand_dag.py
[2022-12-16T12:09:01.284+0000] {processor.py:756} INFO - Processing file /opt/airflow/dags/hourly_demand_dag.py for tasks to queue
[2022-12-16T12:09:01.284+0000] {logging_mixin.py:120} INFO - [2022-12-16T12:09:01.284+0000] {dagbag.py:537} INFO - Filling up the DagBag from /opt/airflow/dags/hourly_demand_dag.py
[2022-12-16T12:09:03.727+0000] {processor.py:766} INFO - DAG(s) dict_keys(['get_hourly_demand_v2']) retrieved from /opt/airflow/dags/hourly_demand_dag.py
[2022-12-16T12:09:03.748+0000] {logging_mixin.py:120} INFO - [2022-12-16T12:09:03.747+0000] {dag.py:2585} INFO - Sync 1 DAGs
[2022-12-16T12:09:03.770+0000] {logging_mixin.py:120} INFO - [2022-12-16T12:09:03.770+0000] {dag.py:3340} INFO - Setting next_dagrun for get_hourly_demand_v2 to 2022-10-26T00:05:00+00:00, run_after=2022-10-26T01:05:00+00:00
[2022-12-16T12:09:03.788+0000] {processor.py:176} INFO - Processing /opt/airflow/dags/hourly_demand_dag.py took 2.508 seconds
[2022-12-16T12:09:34.501+0000] {processor.py:154} INFO - Started process (PID=866) to work on /opt/airflow/dags/hourly_demand_dag.py
[2022-12-16T12:09:34.501+0000] {processor.py:756} INFO - Processing file /opt/airflow/dags/hourly_demand_dag.py for tasks to queue
[2022-12-16T12:09:34.502+0000] {logging_mixin.py:120} INFO - [2022-12-16T12:09:34.502+0000] {dagbag.py:537} INFO - Filling up the DagBag from /opt/airflow/dags/hourly_demand_dag.py
[2022-12-16T12:09:36.966+0000] {processor.py:766} INFO - DAG(s) dict_keys(['get_hourly_demand_v2']) retrieved from /opt/airflow/dags/hourly_demand_dag.py
[2022-12-16T12:09:36.987+0000] {logging_mixin.py:120} INFO - [2022-12-16T12:09:36.986+0000] {dag.py:2585} INFO - Sync 1 DAGs
[2022-12-16T12:09:37.010+0000] {logging_mixin.py:120} INFO - [2022-12-16T12:09:37.010+0000] {dag.py:3340} INFO - Setting next_dagrun for get_hourly_demand_v2 to 2022-10-26T00:05:00+00:00, run_after=2022-10-26T01:05:00+00:00
[2022-12-16T12:09:37.028+0000] {processor.py:176} INFO - Processing /opt/airflow/dags/hourly_demand_dag.py took 2.529 seconds
[2022-12-16T12:10:07.245+0000] {processor.py:154} INFO - Started process (PID=920) to work on /opt/airflow/dags/hourly_demand_dag.py
[2022-12-16T12:10:07.246+0000] {processor.py:756} INFO - Processing file /opt/airflow/dags/hourly_demand_dag.py for tasks to queue
[2022-12-16T12:10:07.248+0000] {logging_mixin.py:120} INFO - [2022-12-16T12:10:07.247+0000] {dagbag.py:537} INFO - Filling up the DagBag from /opt/airflow/dags/hourly_demand_dag.py
[2022-12-16T12:10:09.679+0000] {processor.py:766} INFO - DAG(s) dict_keys(['get_hourly_demand_v2']) retrieved from /opt/airflow/dags/hourly_demand_dag.py
[2022-12-16T12:10:09.701+0000] {logging_mixin.py:120} INFO - [2022-12-16T12:10:09.701+0000] {dag.py:2585} INFO - Sync 1 DAGs
[2022-12-16T12:10:09.725+0000] {logging_mixin.py:120} INFO - [2022-12-16T12:10:09.725+0000] {dag.py:3340} INFO - Setting next_dagrun for get_hourly_demand_v2 to 2022-10-26T00:05:00+00:00, run_after=2022-10-26T01:05:00+00:00
[2022-12-16T12:10:09.754+0000] {processor.py:176} INFO - Processing /opt/airflow/dags/hourly_demand_dag.py took 2.508 seconds
[2022-12-16T12:10:40.592+0000] {processor.py:154} INFO - Started process (PID=981) to work on /opt/airflow/dags/hourly_demand_dag.py
[2022-12-16T12:10:40.604+0000] {processor.py:756} INFO - Processing file /opt/airflow/dags/hourly_demand_dag.py for tasks to queue
[2022-12-16T12:10:40.604+0000] {logging_mixin.py:120} INFO - [2022-12-16T12:10:40.604+0000] {dagbag.py:537} INFO - Filling up the DagBag from /opt/airflow/dags/hourly_demand_dag.py
[2022-12-16T12:10:42.950+0000] {processor.py:766} INFO - DAG(s) dict_keys(['get_hourly_demand_v2']) retrieved from /opt/airflow/dags/hourly_demand_dag.py
[2022-12-16T12:10:42.971+0000] {logging_mixin.py:120} INFO - [2022-12-16T12:10:42.971+0000] {dag.py:2585} INFO - Sync 1 DAGs
[2022-12-16T12:10:42.993+0000] {logging_mixin.py:120} INFO - [2022-12-16T12:10:42.993+0000] {dag.py:3340} INFO - Setting next_dagrun for get_hourly_demand_v2 to 2022-10-26T00:05:00+00:00, run_after=2022-10-26T01:05:00+00:00
[2022-12-16T12:10:43.020+0000] {processor.py:176} INFO - Processing /opt/airflow/dags/hourly_demand_dag.py took 2.432 seconds
[2022-12-16T12:11:13.277+0000] {processor.py:154} INFO - Started process (PID=1043) to work on /opt/airflow/dags/hourly_demand_dag.py
[2022-12-16T12:11:13.278+0000] {processor.py:756} INFO - Processing file /opt/airflow/dags/hourly_demand_dag.py for tasks to queue
[2022-12-16T12:11:13.279+0000] {logging_mixin.py:120} INFO - [2022-12-16T12:11:13.279+0000] {dagbag.py:537} INFO - Filling up the DagBag from /opt/airflow/dags/hourly_demand_dag.py
[2022-12-16T12:11:15.617+0000] {processor.py:766} INFO - DAG(s) dict_keys(['get_hourly_demand_v2']) retrieved from /opt/airflow/dags/hourly_demand_dag.py
[2022-12-16T12:11:15.640+0000] {logging_mixin.py:120} INFO - [2022-12-16T12:11:15.640+0000] {dag.py:2585} INFO - Sync 1 DAGs
[2022-12-16T12:11:15.663+0000] {logging_mixin.py:120} INFO - [2022-12-16T12:11:15.663+0000] {dag.py:3340} INFO - Setting next_dagrun for get_hourly_demand_v2 to 2022-10-26T00:05:00+00:00, run_after=2022-10-26T01:05:00+00:00
[2022-12-16T12:11:15.682+0000] {processor.py:176} INFO - Processing /opt/airflow/dags/hourly_demand_dag.py took 2.410 seconds
[2022-12-16T12:11:46.237+0000] {processor.py:154} INFO - Started process (PID=1104) to work on /opt/airflow/dags/hourly_demand_dag.py
[2022-12-16T12:11:46.237+0000] {processor.py:756} INFO - Processing file /opt/airflow/dags/hourly_demand_dag.py for tasks to queue
[2022-12-16T12:11:46.237+0000] {logging_mixin.py:120} INFO - [2022-12-16T12:11:46.237+0000] {dagbag.py:537} INFO - Filling up the DagBag from /opt/airflow/dags/hourly_demand_dag.py
[2022-12-16T12:11:48.879+0000] {processor.py:766} INFO - DAG(s) dict_keys(['get_hourly_demand_v2']) retrieved from /opt/airflow/dags/hourly_demand_dag.py
[2022-12-16T12:11:48.901+0000] {logging_mixin.py:120} INFO - [2022-12-16T12:11:48.900+0000] {dag.py:2585} INFO - Sync 1 DAGs
[2022-12-16T12:11:48.923+0000] {logging_mixin.py:120} INFO - [2022-12-16T12:11:48.923+0000] {dag.py:3340} INFO - Setting next_dagrun for get_hourly_demand_v2 to 2022-10-26T00:05:00+00:00, run_after=2022-10-26T01:05:00+00:00
[2022-12-16T12:11:48.941+0000] {processor.py:176} INFO - Processing /opt/airflow/dags/hourly_demand_dag.py took 2.708 seconds
[2022-12-16T12:12:19.546+0000] {processor.py:154} INFO - Started process (PID=1169) to work on /opt/airflow/dags/hourly_demand_dag.py
[2022-12-16T12:12:19.546+0000] {processor.py:756} INFO - Processing file /opt/airflow/dags/hourly_demand_dag.py for tasks to queue
[2022-12-16T12:12:19.547+0000] {logging_mixin.py:120} INFO - [2022-12-16T12:12:19.547+0000] {dagbag.py:537} INFO - Filling up the DagBag from /opt/airflow/dags/hourly_demand_dag.py
[2022-12-16T12:12:22.156+0000] {processor.py:766} INFO - DAG(s) dict_keys(['get_hourly_demand_v2']) retrieved from /opt/airflow/dags/hourly_demand_dag.py
[2022-12-16T12:12:22.178+0000] {logging_mixin.py:120} INFO - [2022-12-16T12:12:22.177+0000] {dag.py:2585} INFO - Sync 1 DAGs
[2022-12-16T12:12:22.199+0000] {logging_mixin.py:120} INFO - [2022-12-16T12:12:22.198+0000] {dag.py:3340} INFO - Setting next_dagrun for get_hourly_demand_v2 to 2022-10-26T00:05:00+00:00, run_after=2022-10-26T01:05:00+00:00
[2022-12-16T12:12:22.225+0000] {processor.py:176} INFO - Processing /opt/airflow/dags/hourly_demand_dag.py took 2.684 seconds
[2022-12-16T12:12:52.868+0000] {processor.py:154} INFO - Started process (PID=1233) to work on /opt/airflow/dags/hourly_demand_dag.py
[2022-12-16T12:12:52.869+0000] {processor.py:756} INFO - Processing file /opt/airflow/dags/hourly_demand_dag.py for tasks to queue
[2022-12-16T12:12:52.870+0000] {logging_mixin.py:120} INFO - [2022-12-16T12:12:52.870+0000] {dagbag.py:537} INFO - Filling up the DagBag from /opt/airflow/dags/hourly_demand_dag.py
[2022-12-16T12:12:55.336+0000] {processor.py:766} INFO - DAG(s) dict_keys(['get_hourly_demand_v2']) retrieved from /opt/airflow/dags/hourly_demand_dag.py
[2022-12-16T12:12:55.359+0000] {logging_mixin.py:120} INFO - [2022-12-16T12:12:55.358+0000] {dag.py:2585} INFO - Sync 1 DAGs
[2022-12-16T12:12:55.381+0000] {logging_mixin.py:120} INFO - [2022-12-16T12:12:55.381+0000] {dag.py:3340} INFO - Setting next_dagrun for get_hourly_demand_v2 to 2022-10-26T00:05:00+00:00, run_after=2022-10-26T01:05:00+00:00
[2022-12-16T12:12:55.400+0000] {processor.py:176} INFO - Processing /opt/airflow/dags/hourly_demand_dag.py took 2.536 seconds
[2022-12-16T12:13:25.612+0000] {processor.py:154} INFO - Started process (PID=1296) to work on /opt/airflow/dags/hourly_demand_dag.py
[2022-12-16T12:13:25.613+0000] {processor.py:756} INFO - Processing file /opt/airflow/dags/hourly_demand_dag.py for tasks to queue
[2022-12-16T12:13:25.613+0000] {logging_mixin.py:120} INFO - [2022-12-16T12:13:25.613+0000] {dagbag.py:537} INFO - Filling up the DagBag from /opt/airflow/dags/hourly_demand_dag.py
[2022-12-16T12:13:27.895+0000] {processor.py:766} INFO - DAG(s) dict_keys(['get_hourly_demand_v2']) retrieved from /opt/airflow/dags/hourly_demand_dag.py
[2022-12-16T12:13:27.971+0000] {logging_mixin.py:120} INFO - [2022-12-16T12:13:27.970+0000] {dag.py:2585} INFO - Sync 1 DAGs
[2022-12-16T12:13:27.999+0000] {logging_mixin.py:120} INFO - [2022-12-16T12:13:27.999+0000] {dag.py:3340} INFO - Setting next_dagrun for get_hourly_demand_v2 to 2022-10-26T00:05:00+00:00, run_after=2022-10-26T01:05:00+00:00
[2022-12-16T12:13:28.026+0000] {processor.py:176} INFO - Processing /opt/airflow/dags/hourly_demand_dag.py took 2.417 seconds
[2022-12-16T12:13:58.272+0000] {processor.py:154} INFO - Started process (PID=1357) to work on /opt/airflow/dags/hourly_demand_dag.py
[2022-12-16T12:13:58.283+0000] {processor.py:756} INFO - Processing file /opt/airflow/dags/hourly_demand_dag.py for tasks to queue
[2022-12-16T12:13:58.284+0000] {logging_mixin.py:120} INFO - [2022-12-16T12:13:58.284+0000] {dagbag.py:537} INFO - Filling up the DagBag from /opt/airflow/dags/hourly_demand_dag.py
[2022-12-16T12:14:00.584+0000] {processor.py:766} INFO - DAG(s) dict_keys(['get_hourly_demand_v2']) retrieved from /opt/airflow/dags/hourly_demand_dag.py
[2022-12-16T12:14:00.606+0000] {logging_mixin.py:120} INFO - [2022-12-16T12:14:00.605+0000] {dag.py:2585} INFO - Sync 1 DAGs
[2022-12-16T12:14:00.629+0000] {logging_mixin.py:120} INFO - [2022-12-16T12:14:00.629+0000] {dag.py:3340} INFO - Setting next_dagrun for get_hourly_demand_v2 to 2022-10-26T00:05:00+00:00, run_after=2022-10-26T01:05:00+00:00
[2022-12-16T12:14:00.647+0000] {processor.py:176} INFO - Processing /opt/airflow/dags/hourly_demand_dag.py took 2.377 seconds
[2022-12-16T12:14:31.056+0000] {processor.py:154} INFO - Started process (PID=1418) to work on /opt/airflow/dags/hourly_demand_dag.py
[2022-12-16T12:14:31.056+0000] {processor.py:756} INFO - Processing file /opt/airflow/dags/hourly_demand_dag.py for tasks to queue
[2022-12-16T12:14:31.057+0000] {logging_mixin.py:120} INFO - [2022-12-16T12:14:31.057+0000] {dagbag.py:537} INFO - Filling up the DagBag from /opt/airflow/dags/hourly_demand_dag.py
[2022-12-16T12:14:33.398+0000] {processor.py:766} INFO - DAG(s) dict_keys(['get_hourly_demand_v2']) retrieved from /opt/airflow/dags/hourly_demand_dag.py
[2022-12-16T12:14:33.421+0000] {logging_mixin.py:120} INFO - [2022-12-16T12:14:33.420+0000] {dag.py:2585} INFO - Sync 1 DAGs
[2022-12-16T12:14:33.441+0000] {logging_mixin.py:120} INFO - [2022-12-16T12:14:33.441+0000] {dag.py:3340} INFO - Setting next_dagrun for get_hourly_demand_v2 to 2022-10-26T00:05:00+00:00, run_after=2022-10-26T01:05:00+00:00
[2022-12-16T12:14:33.458+0000] {processor.py:176} INFO - Processing /opt/airflow/dags/hourly_demand_dag.py took 2.405 seconds
[2022-12-16T12:15:03.791+0000] {processor.py:154} INFO - Started process (PID=1471) to work on /opt/airflow/dags/hourly_demand_dag.py
[2022-12-16T12:15:03.791+0000] {processor.py:756} INFO - Processing file /opt/airflow/dags/hourly_demand_dag.py for tasks to queue
[2022-12-16T12:15:03.792+0000] {logging_mixin.py:120} INFO - [2022-12-16T12:15:03.792+0000] {dagbag.py:537} INFO - Filling up the DagBag from /opt/airflow/dags/hourly_demand_dag.py
[2022-12-16T12:15:06.184+0000] {processor.py:766} INFO - DAG(s) dict_keys(['get_hourly_demand_v2']) retrieved from /opt/airflow/dags/hourly_demand_dag.py
[2022-12-16T12:15:06.206+0000] {logging_mixin.py:120} INFO - [2022-12-16T12:15:06.205+0000] {dag.py:2585} INFO - Sync 1 DAGs
[2022-12-16T12:15:06.227+0000] {logging_mixin.py:120} INFO - [2022-12-16T12:15:06.226+0000] {dag.py:3340} INFO - Setting next_dagrun for get_hourly_demand_v2 to 2022-10-26T00:05:00+00:00, run_after=2022-10-26T01:05:00+00:00
[2022-12-16T12:15:06.244+0000] {processor.py:176} INFO - Processing /opt/airflow/dags/hourly_demand_dag.py took 2.457 seconds
[2022-12-16T12:15:36.955+0000] {processor.py:154} INFO - Started process (PID=1532) to work on /opt/airflow/dags/hourly_demand_dag.py
[2022-12-16T12:15:36.956+0000] {processor.py:756} INFO - Processing file /opt/airflow/dags/hourly_demand_dag.py for tasks to queue
[2022-12-16T12:15:36.956+0000] {logging_mixin.py:120} INFO - [2022-12-16T12:15:36.956+0000] {dagbag.py:537} INFO - Filling up the DagBag from /opt/airflow/dags/hourly_demand_dag.py
[2022-12-16T12:15:41.053+0000] {processor.py:766} INFO - DAG(s) dict_keys(['get_hourly_demand_v2']) retrieved from /opt/airflow/dags/hourly_demand_dag.py
[2022-12-16T12:15:41.086+0000] {logging_mixin.py:120} INFO - [2022-12-16T12:15:41.085+0000] {dag.py:2585} INFO - Sync 1 DAGs
[2022-12-16T12:15:41.131+0000] {logging_mixin.py:120} INFO - [2022-12-16T12:15:41.131+0000] {dag.py:3340} INFO - Setting next_dagrun for get_hourly_demand_v2 to 2022-10-26T00:05:00+00:00, run_after=2022-10-26T01:05:00+00:00
[2022-12-16T12:15:41.161+0000] {processor.py:176} INFO - Processing /opt/airflow/dags/hourly_demand_dag.py took 4.209 seconds
[2022-12-16T12:16:11.258+0000] {processor.py:154} INFO - Started process (PID=1593) to work on /opt/airflow/dags/hourly_demand_dag.py
[2022-12-16T12:16:11.258+0000] {processor.py:756} INFO - Processing file /opt/airflow/dags/hourly_demand_dag.py for tasks to queue
[2022-12-16T12:16:11.259+0000] {logging_mixin.py:120} INFO - [2022-12-16T12:16:11.258+0000] {dagbag.py:537} INFO - Filling up the DagBag from /opt/airflow/dags/hourly_demand_dag.py
[2022-12-16T12:16:13.568+0000] {processor.py:766} INFO - DAG(s) dict_keys(['get_hourly_demand_v2']) retrieved from /opt/airflow/dags/hourly_demand_dag.py
[2022-12-16T12:16:13.590+0000] {logging_mixin.py:120} INFO - [2022-12-16T12:16:13.589+0000] {dag.py:2585} INFO - Sync 1 DAGs
[2022-12-16T12:16:13.610+0000] {logging_mixin.py:120} INFO - [2022-12-16T12:16:13.610+0000] {dag.py:3340} INFO - Setting next_dagrun for get_hourly_demand_v2 to 2022-10-26T00:05:00+00:00, run_after=2022-10-26T01:05:00+00:00
[2022-12-16T12:16:13.648+0000] {processor.py:176} INFO - Processing /opt/airflow/dags/hourly_demand_dag.py took 2.393 seconds
[2022-12-16T12:16:44.637+0000] {processor.py:154} INFO - Started process (PID=1654) to work on /opt/airflow/dags/hourly_demand_dag.py
[2022-12-16T12:16:44.638+0000] {processor.py:756} INFO - Processing file /opt/airflow/dags/hourly_demand_dag.py for tasks to queue
[2022-12-16T12:16:44.639+0000] {logging_mixin.py:120} INFO - [2022-12-16T12:16:44.639+0000] {dagbag.py:537} INFO - Filling up the DagBag from /opt/airflow/dags/hourly_demand_dag.py
[2022-12-16T12:16:47.864+0000] {processor.py:766} INFO - DAG(s) dict_keys(['get_hourly_demand_v2']) retrieved from /opt/airflow/dags/hourly_demand_dag.py
[2022-12-16T12:16:47.906+0000] {logging_mixin.py:120} INFO - [2022-12-16T12:16:47.906+0000] {dag.py:2585} INFO - Sync 1 DAGs
[2022-12-16T12:16:47.951+0000] {logging_mixin.py:120} INFO - [2022-12-16T12:16:47.950+0000] {dag.py:3340} INFO - Setting next_dagrun for get_hourly_demand_v2 to 2022-10-26T00:05:00+00:00, run_after=2022-10-26T01:05:00+00:00
[2022-12-16T12:16:47.990+0000] {processor.py:176} INFO - Processing /opt/airflow/dags/hourly_demand_dag.py took 3.359 seconds
[2022-12-16T12:17:18.082+0000] {processor.py:154} INFO - Started process (PID=1715) to work on /opt/airflow/dags/hourly_demand_dag.py
[2022-12-16T12:17:18.083+0000] {processor.py:756} INFO - Processing file /opt/airflow/dags/hourly_demand_dag.py for tasks to queue
[2022-12-16T12:17:18.083+0000] {logging_mixin.py:120} INFO - [2022-12-16T12:17:18.083+0000] {dagbag.py:537} INFO - Filling up the DagBag from /opt/airflow/dags/hourly_demand_dag.py
[2022-12-16T12:17:20.458+0000] {processor.py:766} INFO - DAG(s) dict_keys(['get_hourly_demand_v2']) retrieved from /opt/airflow/dags/hourly_demand_dag.py
[2022-12-16T12:17:20.480+0000] {logging_mixin.py:120} INFO - [2022-12-16T12:17:20.480+0000] {dag.py:2585} INFO - Sync 1 DAGs
[2022-12-16T12:17:20.501+0000] {logging_mixin.py:120} INFO - [2022-12-16T12:17:20.501+0000] {dag.py:3340} INFO - Setting next_dagrun for get_hourly_demand_v2 to 2022-10-26T00:05:00+00:00, run_after=2022-10-26T01:05:00+00:00
[2022-12-16T12:17:20.526+0000] {processor.py:176} INFO - Processing /opt/airflow/dags/hourly_demand_dag.py took 2.448 seconds
[2022-12-16T12:17:50.683+0000] {processor.py:154} INFO - Started process (PID=1776) to work on /opt/airflow/dags/hourly_demand_dag.py
[2022-12-16T12:17:50.684+0000] {processor.py:756} INFO - Processing file /opt/airflow/dags/hourly_demand_dag.py for tasks to queue
[2022-12-16T12:17:50.684+0000] {logging_mixin.py:120} INFO - [2022-12-16T12:17:50.684+0000] {dagbag.py:537} INFO - Filling up the DagBag from /opt/airflow/dags/hourly_demand_dag.py
[2022-12-16T12:17:53.963+0000] {processor.py:766} INFO - DAG(s) dict_keys(['get_hourly_demand_v2']) retrieved from /opt/airflow/dags/hourly_demand_dag.py
[2022-12-16T12:17:53.991+0000] {logging_mixin.py:120} INFO - [2022-12-16T12:17:53.990+0000] {dag.py:2585} INFO - Sync 1 DAGs
[2022-12-16T12:17:54.018+0000] {logging_mixin.py:120} INFO - [2022-12-16T12:17:54.018+0000] {dag.py:3340} INFO - Setting next_dagrun for get_hourly_demand_v2 to 2022-10-26T00:05:00+00:00, run_after=2022-10-26T01:05:00+00:00
[2022-12-16T12:17:54.039+0000] {processor.py:176} INFO - Processing /opt/airflow/dags/hourly_demand_dag.py took 3.360 seconds
[2022-12-16T12:18:24.470+0000] {processor.py:154} INFO - Started process (PID=1837) to work on /opt/airflow/dags/hourly_demand_dag.py
[2022-12-16T12:18:24.480+0000] {processor.py:756} INFO - Processing file /opt/airflow/dags/hourly_demand_dag.py for tasks to queue
[2022-12-16T12:18:24.481+0000] {logging_mixin.py:120} INFO - [2022-12-16T12:18:24.481+0000] {dagbag.py:537} INFO - Filling up the DagBag from /opt/airflow/dags/hourly_demand_dag.py
[2022-12-16T12:18:26.926+0000] {processor.py:766} INFO - DAG(s) dict_keys(['get_hourly_demand_v2']) retrieved from /opt/airflow/dags/hourly_demand_dag.py
[2022-12-16T12:18:26.947+0000] {logging_mixin.py:120} INFO - [2022-12-16T12:18:26.946+0000] {dag.py:2585} INFO - Sync 1 DAGs
[2022-12-16T12:18:26.970+0000] {logging_mixin.py:120} INFO - [2022-12-16T12:18:26.970+0000] {dag.py:3340} INFO - Setting next_dagrun for get_hourly_demand_v2 to 2022-10-26T00:05:00+00:00, run_after=2022-10-26T01:05:00+00:00
[2022-12-16T12:18:26.991+0000] {processor.py:176} INFO - Processing /opt/airflow/dags/hourly_demand_dag.py took 2.524 seconds
[2022-12-16T12:18:57.283+0000] {processor.py:154} INFO - Started process (PID=1897) to work on /opt/airflow/dags/hourly_demand_dag.py
[2022-12-16T12:18:57.285+0000] {processor.py:756} INFO - Processing file /opt/airflow/dags/hourly_demand_dag.py for tasks to queue
[2022-12-16T12:18:57.286+0000] {logging_mixin.py:120} INFO - [2022-12-16T12:18:57.286+0000] {dagbag.py:537} INFO - Filling up the DagBag from /opt/airflow/dags/hourly_demand_dag.py
[2022-12-16T12:19:01.130+0000] {processor.py:766} INFO - DAG(s) dict_keys(['get_hourly_demand_v2']) retrieved from /opt/airflow/dags/hourly_demand_dag.py
[2022-12-16T12:19:01.152+0000] {logging_mixin.py:120} INFO - [2022-12-16T12:19:01.152+0000] {dag.py:2585} INFO - Sync 1 DAGs
[2022-12-16T12:19:01.173+0000] {logging_mixin.py:120} INFO - [2022-12-16T12:19:01.173+0000] {dag.py:3340} INFO - Setting next_dagrun for get_hourly_demand_v2 to 2022-10-26T00:05:00+00:00, run_after=2022-10-26T01:05:00+00:00
[2022-12-16T12:19:01.191+0000] {processor.py:176} INFO - Processing /opt/airflow/dags/hourly_demand_dag.py took 3.916 seconds
[2022-12-16T12:19:31.394+0000] {processor.py:154} INFO - Started process (PID=1954) to work on /opt/airflow/dags/hourly_demand_dag.py
[2022-12-16T12:19:31.395+0000] {processor.py:756} INFO - Processing file /opt/airflow/dags/hourly_demand_dag.py for tasks to queue
[2022-12-16T12:19:31.396+0000] {logging_mixin.py:120} INFO - [2022-12-16T12:19:31.396+0000] {dagbag.py:537} INFO - Filling up the DagBag from /opt/airflow/dags/hourly_demand_dag.py
[2022-12-16T12:19:35.284+0000] {processor.py:766} INFO - DAG(s) dict_keys(['get_hourly_demand_v2']) retrieved from /opt/airflow/dags/hourly_demand_dag.py
[2022-12-16T12:19:35.308+0000] {logging_mixin.py:120} INFO - [2022-12-16T12:19:35.308+0000] {dag.py:2585} INFO - Sync 1 DAGs
[2022-12-16T12:19:35.336+0000] {logging_mixin.py:120} INFO - [2022-12-16T12:19:35.336+0000] {dag.py:3340} INFO - Setting next_dagrun for get_hourly_demand_v2 to 2022-10-26T00:05:00+00:00, run_after=2022-10-26T01:05:00+00:00
[2022-12-16T12:19:35.358+0000] {processor.py:176} INFO - Processing /opt/airflow/dags/hourly_demand_dag.py took 3.974 seconds
[2022-12-16T12:20:05.715+0000] {processor.py:154} INFO - Started process (PID=2018) to work on /opt/airflow/dags/hourly_demand_dag.py
[2022-12-16T12:20:05.716+0000] {processor.py:756} INFO - Processing file /opt/airflow/dags/hourly_demand_dag.py for tasks to queue
[2022-12-16T12:20:05.717+0000] {logging_mixin.py:120} INFO - [2022-12-16T12:20:05.716+0000] {dagbag.py:537} INFO - Filling up the DagBag from /opt/airflow/dags/hourly_demand_dag.py
[2022-12-16T12:20:08.397+0000] {processor.py:766} INFO - DAG(s) dict_keys(['get_hourly_demand_v2']) retrieved from /opt/airflow/dags/hourly_demand_dag.py
[2022-12-16T12:20:08.419+0000] {logging_mixin.py:120} INFO - [2022-12-16T12:20:08.419+0000] {dag.py:2585} INFO - Sync 1 DAGs
[2022-12-16T12:20:08.443+0000] {logging_mixin.py:120} INFO - [2022-12-16T12:20:08.442+0000] {dag.py:3340} INFO - Setting next_dagrun for get_hourly_demand_v2 to 2022-10-26T00:05:00+00:00, run_after=2022-10-26T01:05:00+00:00
[2022-12-16T12:20:08.460+0000] {processor.py:176} INFO - Processing /opt/airflow/dags/hourly_demand_dag.py took 2.749 seconds
[2022-12-16T12:20:38.779+0000] {processor.py:154} INFO - Started process (PID=2079) to work on /opt/airflow/dags/hourly_demand_dag.py
[2022-12-16T12:20:38.780+0000] {processor.py:756} INFO - Processing file /opt/airflow/dags/hourly_demand_dag.py for tasks to queue
[2022-12-16T12:20:38.780+0000] {logging_mixin.py:120} INFO - [2022-12-16T12:20:38.780+0000] {dagbag.py:537} INFO - Filling up the DagBag from /opt/airflow/dags/hourly_demand_dag.py
[2022-12-16T12:20:41.248+0000] {processor.py:766} INFO - DAG(s) dict_keys(['get_hourly_demand_v2']) retrieved from /opt/airflow/dags/hourly_demand_dag.py
[2022-12-16T12:20:41.279+0000] {logging_mixin.py:120} INFO - [2022-12-16T12:20:41.279+0000] {dag.py:2585} INFO - Sync 1 DAGs
[2022-12-16T12:20:41.313+0000] {logging_mixin.py:120} INFO - [2022-12-16T12:20:41.313+0000] {dag.py:3340} INFO - Setting next_dagrun for get_hourly_demand_v2 to 2022-10-26T00:05:00+00:00, run_after=2022-10-26T01:05:00+00:00
[2022-12-16T12:20:41.334+0000] {processor.py:176} INFO - Processing /opt/airflow/dags/hourly_demand_dag.py took 2.559 seconds
[2022-12-16T12:21:11.458+0000] {processor.py:154} INFO - Started process (PID=2140) to work on /opt/airflow/dags/hourly_demand_dag.py
[2022-12-16T12:21:11.458+0000] {processor.py:756} INFO - Processing file /opt/airflow/dags/hourly_demand_dag.py for tasks to queue
[2022-12-16T12:21:11.459+0000] {logging_mixin.py:120} INFO - [2022-12-16T12:21:11.459+0000] {dagbag.py:537} INFO - Filling up the DagBag from /opt/airflow/dags/hourly_demand_dag.py
[2022-12-16T12:21:14.048+0000] {processor.py:766} INFO - DAG(s) dict_keys(['get_hourly_demand_v2']) retrieved from /opt/airflow/dags/hourly_demand_dag.py
[2022-12-16T12:21:14.081+0000] {logging_mixin.py:120} INFO - [2022-12-16T12:21:14.081+0000] {dag.py:2585} INFO - Sync 1 DAGs
[2022-12-16T12:21:14.105+0000] {logging_mixin.py:120} INFO - [2022-12-16T12:21:14.104+0000] {dag.py:3340} INFO - Setting next_dagrun for get_hourly_demand_v2 to 2022-10-26T00:05:00+00:00, run_after=2022-10-26T01:05:00+00:00
[2022-12-16T12:21:14.134+0000] {processor.py:176} INFO - Processing /opt/airflow/dags/hourly_demand_dag.py took 2.679 seconds
[2022-12-16T12:21:44.650+0000] {processor.py:154} INFO - Started process (PID=2203) to work on /opt/airflow/dags/hourly_demand_dag.py
[2022-12-16T12:21:44.651+0000] {processor.py:756} INFO - Processing file /opt/airflow/dags/hourly_demand_dag.py for tasks to queue
[2022-12-16T12:21:44.651+0000] {logging_mixin.py:120} INFO - [2022-12-16T12:21:44.651+0000] {dagbag.py:537} INFO - Filling up the DagBag from /opt/airflow/dags/hourly_demand_dag.py
[2022-12-16T12:21:47.406+0000] {processor.py:766} INFO - DAG(s) dict_keys(['get_hourly_demand_v2']) retrieved from /opt/airflow/dags/hourly_demand_dag.py
[2022-12-16T12:21:47.427+0000] {logging_mixin.py:120} INFO - [2022-12-16T12:21:47.427+0000] {dag.py:2585} INFO - Sync 1 DAGs
[2022-12-16T12:21:47.449+0000] {logging_mixin.py:120} INFO - [2022-12-16T12:21:47.449+0000] {dag.py:3340} INFO - Setting next_dagrun for get_hourly_demand_v2 to 2022-10-26T00:05:00+00:00, run_after=2022-10-26T01:05:00+00:00
[2022-12-16T12:21:47.477+0000] {processor.py:176} INFO - Processing /opt/airflow/dags/hourly_demand_dag.py took 2.830 seconds
[2022-12-16T12:22:17.666+0000] {processor.py:154} INFO - Started process (PID=2264) to work on /opt/airflow/dags/hourly_demand_dag.py
[2022-12-16T12:22:17.667+0000] {processor.py:756} INFO - Processing file /opt/airflow/dags/hourly_demand_dag.py for tasks to queue
[2022-12-16T12:22:17.668+0000] {logging_mixin.py:120} INFO - [2022-12-16T12:22:17.668+0000] {dagbag.py:537} INFO - Filling up the DagBag from /opt/airflow/dags/hourly_demand_dag.py
[2022-12-16T12:22:21.121+0000] {processor.py:766} INFO - DAG(s) dict_keys(['get_hourly_demand_v2']) retrieved from /opt/airflow/dags/hourly_demand_dag.py
[2022-12-16T12:22:21.148+0000] {logging_mixin.py:120} INFO - [2022-12-16T12:22:21.147+0000] {dag.py:2585} INFO - Sync 1 DAGs
[2022-12-16T12:22:21.181+0000] {logging_mixin.py:120} INFO - [2022-12-16T12:22:21.181+0000] {dag.py:3340} INFO - Setting next_dagrun for get_hourly_demand_v2 to 2022-10-26T00:05:00+00:00, run_after=2022-10-26T01:05:00+00:00
[2022-12-16T12:22:21.204+0000] {processor.py:176} INFO - Processing /opt/airflow/dags/hourly_demand_dag.py took 3.541 seconds
[2022-12-16T12:22:51.554+0000] {processor.py:154} INFO - Started process (PID=2325) to work on /opt/airflow/dags/hourly_demand_dag.py
[2022-12-16T12:22:51.565+0000] {processor.py:756} INFO - Processing file /opt/airflow/dags/hourly_demand_dag.py for tasks to queue
[2022-12-16T12:22:51.565+0000] {logging_mixin.py:120} INFO - [2022-12-16T12:22:51.565+0000] {dagbag.py:537} INFO - Filling up the DagBag from /opt/airflow/dags/hourly_demand_dag.py
[2022-12-16T12:22:53.905+0000] {processor.py:766} INFO - DAG(s) dict_keys(['get_hourly_demand_v2']) retrieved from /opt/airflow/dags/hourly_demand_dag.py
[2022-12-16T12:22:53.927+0000] {logging_mixin.py:120} INFO - [2022-12-16T12:22:53.926+0000] {dag.py:2585} INFO - Sync 1 DAGs
[2022-12-16T12:22:53.950+0000] {logging_mixin.py:120} INFO - [2022-12-16T12:22:53.950+0000] {dag.py:3340} INFO - Setting next_dagrun for get_hourly_demand_v2 to 2022-10-26T00:05:00+00:00, run_after=2022-10-26T01:05:00+00:00
[2022-12-16T12:22:53.978+0000] {processor.py:176} INFO - Processing /opt/airflow/dags/hourly_demand_dag.py took 2.426 seconds
[2022-12-16T12:23:24.330+0000] {processor.py:154} INFO - Started process (PID=2386) to work on /opt/airflow/dags/hourly_demand_dag.py
[2022-12-16T12:23:24.331+0000] {processor.py:756} INFO - Processing file /opt/airflow/dags/hourly_demand_dag.py for tasks to queue
[2022-12-16T12:23:24.332+0000] {logging_mixin.py:120} INFO - [2022-12-16T12:23:24.331+0000] {dagbag.py:537} INFO - Filling up the DagBag from /opt/airflow/dags/hourly_demand_dag.py
[2022-12-16T12:23:26.999+0000] {processor.py:766} INFO - DAG(s) dict_keys(['get_hourly_demand_v2']) retrieved from /opt/airflow/dags/hourly_demand_dag.py
[2022-12-16T12:23:27.022+0000] {logging_mixin.py:120} INFO - [2022-12-16T12:23:27.022+0000] {dag.py:2585} INFO - Sync 1 DAGs
[2022-12-16T12:23:27.046+0000] {logging_mixin.py:120} INFO - [2022-12-16T12:23:27.046+0000] {dag.py:3340} INFO - Setting next_dagrun for get_hourly_demand_v2 to 2022-10-26T00:05:00+00:00, run_after=2022-10-26T01:05:00+00:00
[2022-12-16T12:23:27.072+0000] {processor.py:176} INFO - Processing /opt/airflow/dags/hourly_demand_dag.py took 2.746 seconds
[2022-12-16T12:23:57.212+0000] {processor.py:154} INFO - Started process (PID=2445) to work on /opt/airflow/dags/hourly_demand_dag.py
[2022-12-16T12:23:57.212+0000] {processor.py:756} INFO - Processing file /opt/airflow/dags/hourly_demand_dag.py for tasks to queue
[2022-12-16T12:23:57.213+0000] {logging_mixin.py:120} INFO - [2022-12-16T12:23:57.213+0000] {dagbag.py:537} INFO - Filling up the DagBag from /opt/airflow/dags/hourly_demand_dag.py
[2022-12-16T12:23:59.746+0000] {processor.py:766} INFO - DAG(s) dict_keys(['get_hourly_demand_v2']) retrieved from /opt/airflow/dags/hourly_demand_dag.py
[2022-12-16T12:23:59.769+0000] {logging_mixin.py:120} INFO - [2022-12-16T12:23:59.769+0000] {dag.py:2585} INFO - Sync 1 DAGs
[2022-12-16T12:23:59.794+0000] {logging_mixin.py:120} INFO - [2022-12-16T12:23:59.794+0000] {dag.py:3340} INFO - Setting next_dagrun for get_hourly_demand_v2 to 2022-10-26T00:05:00+00:00, run_after=2022-10-26T01:05:00+00:00
[2022-12-16T12:23:59.813+0000] {processor.py:176} INFO - Processing /opt/airflow/dags/hourly_demand_dag.py took 2.604 seconds
[2022-12-16T12:24:30.283+0000] {processor.py:154} INFO - Started process (PID=2499) to work on /opt/airflow/dags/hourly_demand_dag.py
[2022-12-16T12:24:30.283+0000] {processor.py:756} INFO - Processing file /opt/airflow/dags/hourly_demand_dag.py for tasks to queue
[2022-12-16T12:24:30.284+0000] {logging_mixin.py:120} INFO - [2022-12-16T12:24:30.284+0000] {dagbag.py:537} INFO - Filling up the DagBag from /opt/airflow/dags/hourly_demand_dag.py
[2022-12-16T12:24:32.861+0000] {processor.py:766} INFO - DAG(s) dict_keys(['get_hourly_demand_v2']) retrieved from /opt/airflow/dags/hourly_demand_dag.py
[2022-12-16T12:24:32.883+0000] {logging_mixin.py:120} INFO - [2022-12-16T12:24:32.883+0000] {dag.py:2585} INFO - Sync 1 DAGs
[2022-12-16T12:24:32.905+0000] {logging_mixin.py:120} INFO - [2022-12-16T12:24:32.905+0000] {dag.py:3340} INFO - Setting next_dagrun for get_hourly_demand_v2 to 2022-10-26T00:05:00+00:00, run_after=2022-10-26T01:05:00+00:00
[2022-12-16T12:24:32.922+0000] {processor.py:176} INFO - Processing /opt/airflow/dags/hourly_demand_dag.py took 2.641 seconds
[2022-12-16T12:25:03.019+0000] {processor.py:154} INFO - Started process (PID=2560) to work on /opt/airflow/dags/hourly_demand_dag.py
[2022-12-16T12:25:03.021+0000] {processor.py:756} INFO - Processing file /opt/airflow/dags/hourly_demand_dag.py for tasks to queue
[2022-12-16T12:25:03.022+0000] {logging_mixin.py:120} INFO - [2022-12-16T12:25:03.021+0000] {dagbag.py:537} INFO - Filling up the DagBag from /opt/airflow/dags/hourly_demand_dag.py
[2022-12-16T12:25:05.340+0000] {processor.py:766} INFO - DAG(s) dict_keys(['get_hourly_demand_v2']) retrieved from /opt/airflow/dags/hourly_demand_dag.py
[2022-12-16T12:25:05.361+0000] {logging_mixin.py:120} INFO - [2022-12-16T12:25:05.361+0000] {dag.py:2585} INFO - Sync 1 DAGs
[2022-12-16T12:25:05.382+0000] {logging_mixin.py:120} INFO - [2022-12-16T12:25:05.382+0000] {dag.py:3340} INFO - Setting next_dagrun for get_hourly_demand_v2 to 2022-10-26T00:05:00+00:00, run_after=2022-10-26T01:05:00+00:00
[2022-12-16T12:25:05.410+0000] {processor.py:176} INFO - Processing /opt/airflow/dags/hourly_demand_dag.py took 2.397 seconds
[2022-12-16T12:25:35.533+0000] {processor.py:154} INFO - Started process (PID=2621) to work on /opt/airflow/dags/hourly_demand_dag.py
[2022-12-16T12:25:35.544+0000] {processor.py:756} INFO - Processing file /opt/airflow/dags/hourly_demand_dag.py for tasks to queue
[2022-12-16T12:25:35.544+0000] {logging_mixin.py:120} INFO - [2022-12-16T12:25:35.544+0000] {dagbag.py:537} INFO - Filling up the DagBag from /opt/airflow/dags/hourly_demand_dag.py
[2022-12-16T12:25:38.060+0000] {processor.py:766} INFO - DAG(s) dict_keys(['get_hourly_demand_v2']) retrieved from /opt/airflow/dags/hourly_demand_dag.py
[2022-12-16T12:25:38.090+0000] {logging_mixin.py:120} INFO - [2022-12-16T12:25:38.090+0000] {dag.py:2585} INFO - Sync 1 DAGs
[2022-12-16T12:25:38.116+0000] {logging_mixin.py:120} INFO - [2022-12-16T12:25:38.116+0000] {dag.py:3340} INFO - Setting next_dagrun for get_hourly_demand_v2 to 2022-10-26T00:05:00+00:00, run_after=2022-10-26T01:05:00+00:00
[2022-12-16T12:25:38.136+0000] {processor.py:176} INFO - Processing /opt/airflow/dags/hourly_demand_dag.py took 2.606 seconds
[2022-12-16T12:26:08.629+0000] {processor.py:154} INFO - Started process (PID=2682) to work on /opt/airflow/dags/hourly_demand_dag.py
[2022-12-16T12:26:08.630+0000] {processor.py:756} INFO - Processing file /opt/airflow/dags/hourly_demand_dag.py for tasks to queue
[2022-12-16T12:26:08.630+0000] {logging_mixin.py:120} INFO - [2022-12-16T12:26:08.630+0000] {dagbag.py:537} INFO - Filling up the DagBag from /opt/airflow/dags/hourly_demand_dag.py
[2022-12-16T12:26:11.061+0000] {processor.py:766} INFO - DAG(s) dict_keys(['get_hourly_demand_v2']) retrieved from /opt/airflow/dags/hourly_demand_dag.py
[2022-12-16T12:26:11.083+0000] {logging_mixin.py:120} INFO - [2022-12-16T12:26:11.083+0000] {dag.py:2585} INFO - Sync 1 DAGs
[2022-12-16T12:26:11.109+0000] {logging_mixin.py:120} INFO - [2022-12-16T12:26:11.109+0000] {dag.py:3340} INFO - Setting next_dagrun for get_hourly_demand_v2 to 2022-10-26T00:05:00+00:00, run_after=2022-10-26T01:05:00+00:00
[2022-12-16T12:26:11.128+0000] {processor.py:176} INFO - Processing /opt/airflow/dags/hourly_demand_dag.py took 2.502 seconds
[2022-12-16T12:26:41.609+0000] {processor.py:154} INFO - Started process (PID=2743) to work on /opt/airflow/dags/hourly_demand_dag.py
[2022-12-16T12:26:41.610+0000] {processor.py:756} INFO - Processing file /opt/airflow/dags/hourly_demand_dag.py for tasks to queue
[2022-12-16T12:26:41.611+0000] {logging_mixin.py:120} INFO - [2022-12-16T12:26:41.610+0000] {dagbag.py:537} INFO - Filling up the DagBag from /opt/airflow/dags/hourly_demand_dag.py
[2022-12-16T12:26:44.044+0000] {processor.py:766} INFO - DAG(s) dict_keys(['get_hourly_demand_v2']) retrieved from /opt/airflow/dags/hourly_demand_dag.py
[2022-12-16T12:26:44.069+0000] {logging_mixin.py:120} INFO - [2022-12-16T12:26:44.069+0000] {dag.py:2585} INFO - Sync 1 DAGs
[2022-12-16T12:26:44.099+0000] {logging_mixin.py:120} INFO - [2022-12-16T12:26:44.099+0000] {dag.py:3340} INFO - Setting next_dagrun for get_hourly_demand_v2 to 2022-10-26T00:05:00+00:00, run_after=2022-10-26T01:05:00+00:00
[2022-12-16T12:26:44.119+0000] {processor.py:176} INFO - Processing /opt/airflow/dags/hourly_demand_dag.py took 2.515 seconds
[2022-12-16T12:27:14.505+0000] {processor.py:154} INFO - Started process (PID=2804) to work on /opt/airflow/dags/hourly_demand_dag.py
[2022-12-16T12:27:14.505+0000] {processor.py:756} INFO - Processing file /opt/airflow/dags/hourly_demand_dag.py for tasks to queue
[2022-12-16T12:27:14.506+0000] {logging_mixin.py:120} INFO - [2022-12-16T12:27:14.506+0000] {dagbag.py:537} INFO - Filling up the DagBag from /opt/airflow/dags/hourly_demand_dag.py
[2022-12-16T12:27:16.982+0000] {processor.py:766} INFO - DAG(s) dict_keys(['get_hourly_demand_v2']) retrieved from /opt/airflow/dags/hourly_demand_dag.py
[2022-12-16T12:27:17.007+0000] {logging_mixin.py:120} INFO - [2022-12-16T12:27:17.006+0000] {dag.py:2585} INFO - Sync 1 DAGs
[2022-12-16T12:27:17.029+0000] {logging_mixin.py:120} INFO - [2022-12-16T12:27:17.028+0000] {dag.py:3340} INFO - Setting next_dagrun for get_hourly_demand_v2 to 2022-10-26T00:05:00+00:00, run_after=2022-10-26T01:05:00+00:00
[2022-12-16T12:27:17.047+0000] {processor.py:176} INFO - Processing /opt/airflow/dags/hourly_demand_dag.py took 2.546 seconds
[2022-12-16T12:27:47.097+0000] {processor.py:154} INFO - Started process (PID=2863) to work on /opt/airflow/dags/hourly_demand_dag.py
[2022-12-16T12:27:47.098+0000] {processor.py:756} INFO - Processing file /opt/airflow/dags/hourly_demand_dag.py for tasks to queue
[2022-12-16T12:27:47.099+0000] {logging_mixin.py:120} INFO - [2022-12-16T12:27:47.099+0000] {dagbag.py:537} INFO - Filling up the DagBag from /opt/airflow/dags/hourly_demand_dag.py
[2022-12-16T12:27:49.539+0000] {processor.py:766} INFO - DAG(s) dict_keys(['get_hourly_demand_v2']) retrieved from /opt/airflow/dags/hourly_demand_dag.py
[2022-12-16T12:27:49.561+0000] {logging_mixin.py:120} INFO - [2022-12-16T12:27:49.561+0000] {dag.py:2585} INFO - Sync 1 DAGs
[2022-12-16T12:27:49.583+0000] {logging_mixin.py:120} INFO - [2022-12-16T12:27:49.583+0000] {dag.py:3340} INFO - Setting next_dagrun for get_hourly_demand_v2 to 2022-10-26T00:05:00+00:00, run_after=2022-10-26T01:05:00+00:00
[2022-12-16T12:27:49.602+0000] {processor.py:176} INFO - Processing /opt/airflow/dags/hourly_demand_dag.py took 2.507 seconds
[2022-12-16T12:28:19.791+0000] {processor.py:154} INFO - Started process (PID=2917) to work on /opt/airflow/dags/hourly_demand_dag.py
[2022-12-16T12:28:19.791+0000] {processor.py:756} INFO - Processing file /opt/airflow/dags/hourly_demand_dag.py for tasks to queue
[2022-12-16T12:28:19.791+0000] {logging_mixin.py:120} INFO - [2022-12-16T12:28:19.791+0000] {dagbag.py:537} INFO - Filling up the DagBag from /opt/airflow/dags/hourly_demand_dag.py
[2022-12-16T12:28:22.381+0000] {processor.py:766} INFO - DAG(s) dict_keys(['get_hourly_demand_v2']) retrieved from /opt/airflow/dags/hourly_demand_dag.py
[2022-12-16T12:28:22.404+0000] {logging_mixin.py:120} INFO - [2022-12-16T12:28:22.403+0000] {dag.py:2585} INFO - Sync 1 DAGs
[2022-12-16T12:28:22.426+0000] {logging_mixin.py:120} INFO - [2022-12-16T12:28:22.426+0000] {dag.py:3340} INFO - Setting next_dagrun for get_hourly_demand_v2 to 2022-10-26T00:05:00+00:00, run_after=2022-10-26T01:05:00+00:00
[2022-12-16T12:28:22.443+0000] {processor.py:176} INFO - Processing /opt/airflow/dags/hourly_demand_dag.py took 2.656 seconds
[2022-12-16T12:28:53.176+0000] {processor.py:154} INFO - Started process (PID=2978) to work on /opt/airflow/dags/hourly_demand_dag.py
[2022-12-16T12:28:53.177+0000] {processor.py:756} INFO - Processing file /opt/airflow/dags/hourly_demand_dag.py for tasks to queue
[2022-12-16T12:28:53.177+0000] {logging_mixin.py:120} INFO - [2022-12-16T12:28:53.177+0000] {dagbag.py:537} INFO - Filling up the DagBag from /opt/airflow/dags/hourly_demand_dag.py
[2022-12-16T12:28:55.611+0000] {processor.py:766} INFO - DAG(s) dict_keys(['get_hourly_demand_v2']) retrieved from /opt/airflow/dags/hourly_demand_dag.py
[2022-12-16T12:28:55.634+0000] {logging_mixin.py:120} INFO - [2022-12-16T12:28:55.634+0000] {dag.py:2585} INFO - Sync 1 DAGs
[2022-12-16T12:28:55.658+0000] {logging_mixin.py:120} INFO - [2022-12-16T12:28:55.658+0000] {dag.py:3340} INFO - Setting next_dagrun for get_hourly_demand_v2 to 2022-10-26T00:05:00+00:00, run_after=2022-10-26T01:05:00+00:00
[2022-12-16T12:28:55.680+0000] {processor.py:176} INFO - Processing /opt/airflow/dags/hourly_demand_dag.py took 2.506 seconds
[2022-12-16T12:29:26.113+0000] {processor.py:154} INFO - Started process (PID=3039) to work on /opt/airflow/dags/hourly_demand_dag.py
[2022-12-16T12:29:26.113+0000] {processor.py:756} INFO - Processing file /opt/airflow/dags/hourly_demand_dag.py for tasks to queue
[2022-12-16T12:29:26.114+0000] {logging_mixin.py:120} INFO - [2022-12-16T12:29:26.114+0000] {dagbag.py:537} INFO - Filling up the DagBag from /opt/airflow/dags/hourly_demand_dag.py
[2022-12-16T12:29:28.822+0000] {processor.py:766} INFO - DAG(s) dict_keys(['get_hourly_demand_v2']) retrieved from /opt/airflow/dags/hourly_demand_dag.py
[2022-12-16T12:29:28.845+0000] {logging_mixin.py:120} INFO - [2022-12-16T12:29:28.844+0000] {dag.py:2585} INFO - Sync 1 DAGs
[2022-12-16T12:29:28.868+0000] {logging_mixin.py:120} INFO - [2022-12-16T12:29:28.868+0000] {dag.py:3340} INFO - Setting next_dagrun for get_hourly_demand_v2 to 2022-10-26T00:05:00+00:00, run_after=2022-10-26T01:05:00+00:00
[2022-12-16T12:29:28.886+0000] {processor.py:176} INFO - Processing /opt/airflow/dags/hourly_demand_dag.py took 2.777 seconds
[2022-12-16T12:29:59.166+0000] {processor.py:154} INFO - Started process (PID=3100) to work on /opt/airflow/dags/hourly_demand_dag.py
[2022-12-16T12:29:59.176+0000] {processor.py:756} INFO - Processing file /opt/airflow/dags/hourly_demand_dag.py for tasks to queue
[2022-12-16T12:29:59.177+0000] {logging_mixin.py:120} INFO - [2022-12-16T12:29:59.177+0000] {dagbag.py:537} INFO - Filling up the DagBag from /opt/airflow/dags/hourly_demand_dag.py
[2022-12-16T12:30:01.713+0000] {processor.py:766} INFO - DAG(s) dict_keys(['get_hourly_demand_v2']) retrieved from /opt/airflow/dags/hourly_demand_dag.py
[2022-12-16T12:30:01.737+0000] {logging_mixin.py:120} INFO - [2022-12-16T12:30:01.736+0000] {dag.py:2585} INFO - Sync 1 DAGs
[2022-12-16T12:30:01.763+0000] {logging_mixin.py:120} INFO - [2022-12-16T12:30:01.762+0000] {dag.py:3340} INFO - Setting next_dagrun for get_hourly_demand_v2 to 2022-10-26T00:05:00+00:00, run_after=2022-10-26T01:05:00+00:00
[2022-12-16T12:30:01.791+0000] {processor.py:176} INFO - Processing /opt/airflow/dags/hourly_demand_dag.py took 2.628 seconds
[2022-12-16T12:30:32.780+0000] {processor.py:154} INFO - Started process (PID=3161) to work on /opt/airflow/dags/hourly_demand_dag.py
[2022-12-16T12:30:32.781+0000] {processor.py:756} INFO - Processing file /opt/airflow/dags/hourly_demand_dag.py for tasks to queue
[2022-12-16T12:30:32.782+0000] {logging_mixin.py:120} INFO - [2022-12-16T12:30:32.781+0000] {dagbag.py:537} INFO - Filling up the DagBag from /opt/airflow/dags/hourly_demand_dag.py
[2022-12-16T12:30:35.201+0000] {processor.py:766} INFO - DAG(s) dict_keys(['get_hourly_demand_v2']) retrieved from /opt/airflow/dags/hourly_demand_dag.py
[2022-12-16T12:30:35.229+0000] {logging_mixin.py:120} INFO - [2022-12-16T12:30:35.229+0000] {dag.py:2585} INFO - Sync 1 DAGs
[2022-12-16T12:30:35.259+0000] {logging_mixin.py:120} INFO - [2022-12-16T12:30:35.259+0000] {dag.py:3340} INFO - Setting next_dagrun for get_hourly_demand_v2 to 2022-10-26T00:05:00+00:00, run_after=2022-10-26T01:05:00+00:00
[2022-12-16T12:30:35.294+0000] {processor.py:176} INFO - Processing /opt/airflow/dags/hourly_demand_dag.py took 2.517 seconds
[2022-12-16T12:31:05.441+0000] {processor.py:154} INFO - Started process (PID=3223) to work on /opt/airflow/dags/hourly_demand_dag.py
[2022-12-16T12:31:05.442+0000] {processor.py:756} INFO - Processing file /opt/airflow/dags/hourly_demand_dag.py for tasks to queue
[2022-12-16T12:31:05.442+0000] {logging_mixin.py:120} INFO - [2022-12-16T12:31:05.442+0000] {dagbag.py:537} INFO - Filling up the DagBag from /opt/airflow/dags/hourly_demand_dag.py
[2022-12-16T12:31:07.811+0000] {processor.py:766} INFO - DAG(s) dict_keys(['get_hourly_demand_v2']) retrieved from /opt/airflow/dags/hourly_demand_dag.py
[2022-12-16T12:31:07.833+0000] {logging_mixin.py:120} INFO - [2022-12-16T12:31:07.832+0000] {dag.py:2585} INFO - Sync 1 DAGs
[2022-12-16T12:31:07.860+0000] {logging_mixin.py:120} INFO - [2022-12-16T12:31:07.860+0000] {dag.py:3340} INFO - Setting next_dagrun for get_hourly_demand_v2 to 2022-10-26T00:05:00+00:00, run_after=2022-10-26T01:05:00+00:00
[2022-12-16T12:31:07.884+0000] {processor.py:176} INFO - Processing /opt/airflow/dags/hourly_demand_dag.py took 2.446 seconds
[2022-12-16T12:31:38.019+0000] {processor.py:154} INFO - Started process (PID=3284) to work on /opt/airflow/dags/hourly_demand_dag.py
[2022-12-16T12:31:38.019+0000] {processor.py:756} INFO - Processing file /opt/airflow/dags/hourly_demand_dag.py for tasks to queue
[2022-12-16T12:31:38.020+0000] {logging_mixin.py:120} INFO - [2022-12-16T12:31:38.019+0000] {dagbag.py:537} INFO - Filling up the DagBag from /opt/airflow/dags/hourly_demand_dag.py
[2022-12-16T12:31:40.446+0000] {processor.py:766} INFO - DAG(s) dict_keys(['get_hourly_demand_v2']) retrieved from /opt/airflow/dags/hourly_demand_dag.py
[2022-12-16T12:31:40.468+0000] {logging_mixin.py:120} INFO - [2022-12-16T12:31:40.468+0000] {dag.py:2585} INFO - Sync 1 DAGs
[2022-12-16T12:31:40.489+0000] {logging_mixin.py:120} INFO - [2022-12-16T12:31:40.489+0000] {dag.py:3340} INFO - Setting next_dagrun for get_hourly_demand_v2 to 2022-10-26T00:05:00+00:00, run_after=2022-10-26T01:05:00+00:00
[2022-12-16T12:31:40.506+0000] {processor.py:176} INFO - Processing /opt/airflow/dags/hourly_demand_dag.py took 2.485 seconds
[2022-12-16T12:32:10.714+0000] {processor.py:154} INFO - Started process (PID=3345) to work on /opt/airflow/dags/hourly_demand_dag.py
[2022-12-16T12:32:10.719+0000] {processor.py:756} INFO - Processing file /opt/airflow/dags/hourly_demand_dag.py for tasks to queue
[2022-12-16T12:32:10.719+0000] {logging_mixin.py:120} INFO - [2022-12-16T12:32:10.719+0000] {dagbag.py:537} INFO - Filling up the DagBag from /opt/airflow/dags/hourly_demand_dag.py
[2022-12-16T12:32:13.535+0000] {processor.py:766} INFO - DAG(s) dict_keys(['get_hourly_demand_v2']) retrieved from /opt/airflow/dags/hourly_demand_dag.py
[2022-12-16T12:32:13.557+0000] {logging_mixin.py:120} INFO - [2022-12-16T12:32:13.557+0000] {dag.py:2585} INFO - Sync 1 DAGs
[2022-12-16T12:32:13.586+0000] {logging_mixin.py:120} INFO - [2022-12-16T12:32:13.586+0000] {dag.py:3340} INFO - Setting next_dagrun for get_hourly_demand_v2 to 2022-10-26T00:05:00+00:00, run_after=2022-10-26T01:05:00+00:00
[2022-12-16T12:32:13.615+0000] {processor.py:176} INFO - Processing /opt/airflow/dags/hourly_demand_dag.py took 2.903 seconds
[2022-12-16T12:32:44.658+0000] {processor.py:154} INFO - Started process (PID=3397) to work on /opt/airflow/dags/hourly_demand_dag.py
[2022-12-16T12:32:44.668+0000] {processor.py:756} INFO - Processing file /opt/airflow/dags/hourly_demand_dag.py for tasks to queue
[2022-12-16T12:32:44.669+0000] {logging_mixin.py:120} INFO - [2022-12-16T12:32:44.669+0000] {dagbag.py:537} INFO - Filling up the DagBag from /opt/airflow/dags/hourly_demand_dag.py
[2022-12-16T12:32:47.570+0000] {processor.py:766} INFO - DAG(s) dict_keys(['get_hourly_demand_v2']) retrieved from /opt/airflow/dags/hourly_demand_dag.py
[2022-12-16T12:32:47.593+0000] {logging_mixin.py:120} INFO - [2022-12-16T12:32:47.593+0000] {dag.py:2585} INFO - Sync 1 DAGs
[2022-12-16T12:32:47.617+0000] {logging_mixin.py:120} INFO - [2022-12-16T12:32:47.617+0000] {dag.py:3340} INFO - Setting next_dagrun for get_hourly_demand_v2 to 2022-10-26T00:05:00+00:00, run_after=2022-10-26T01:05:00+00:00
[2022-12-16T12:32:47.645+0000] {processor.py:176} INFO - Processing /opt/airflow/dags/hourly_demand_dag.py took 2.991 seconds
[2022-12-16T12:33:17.873+0000] {processor.py:154} INFO - Started process (PID=3458) to work on /opt/airflow/dags/hourly_demand_dag.py
[2022-12-16T12:33:17.874+0000] {processor.py:756} INFO - Processing file /opt/airflow/dags/hourly_demand_dag.py for tasks to queue
[2022-12-16T12:33:17.874+0000] {logging_mixin.py:120} INFO - [2022-12-16T12:33:17.874+0000] {dagbag.py:537} INFO - Filling up the DagBag from /opt/airflow/dags/hourly_demand_dag.py
[2022-12-16T12:33:22.189+0000] {processor.py:766} INFO - DAG(s) dict_keys(['get_hourly_demand_v2']) retrieved from /opt/airflow/dags/hourly_demand_dag.py
[2022-12-16T12:33:22.246+0000] {logging_mixin.py:120} INFO - [2022-12-16T12:33:22.245+0000] {dag.py:2585} INFO - Sync 1 DAGs
[2022-12-16T12:33:22.312+0000] {logging_mixin.py:120} INFO - [2022-12-16T12:33:22.311+0000] {dag.py:3340} INFO - Setting next_dagrun for get_hourly_demand_v2 to 2022-10-26T00:05:00+00:00, run_after=2022-10-26T01:05:00+00:00
[2022-12-16T12:33:22.353+0000] {processor.py:176} INFO - Processing /opt/airflow/dags/hourly_demand_dag.py took 4.483 seconds
[2022-12-16T12:33:52.887+0000] {processor.py:154} INFO - Started process (PID=3519) to work on /opt/airflow/dags/hourly_demand_dag.py
[2022-12-16T12:33:52.888+0000] {processor.py:756} INFO - Processing file /opt/airflow/dags/hourly_demand_dag.py for tasks to queue
[2022-12-16T12:33:52.888+0000] {logging_mixin.py:120} INFO - [2022-12-16T12:33:52.888+0000] {dagbag.py:537} INFO - Filling up the DagBag from /opt/airflow/dags/hourly_demand_dag.py
[2022-12-16T12:33:55.607+0000] {processor.py:766} INFO - DAG(s) dict_keys(['get_hourly_demand_v2']) retrieved from /opt/airflow/dags/hourly_demand_dag.py
[2022-12-16T12:33:55.640+0000] {logging_mixin.py:120} INFO - [2022-12-16T12:33:55.639+0000] {dag.py:2585} INFO - Sync 1 DAGs
[2022-12-16T12:33:55.676+0000] {logging_mixin.py:120} INFO - [2022-12-16T12:33:55.676+0000] {dag.py:3340} INFO - Setting next_dagrun for get_hourly_demand_v2 to 2022-10-26T00:05:00+00:00, run_after=2022-10-26T01:05:00+00:00
[2022-12-16T12:33:55.702+0000] {processor.py:176} INFO - Processing /opt/airflow/dags/hourly_demand_dag.py took 2.818 seconds
[2022-12-16T12:45:14.616+0000] {processor.py:154} INFO - Started process (PID=193) to work on /opt/airflow/dags/hourly_demand_dag.py
[2022-12-16T12:45:14.618+0000] {processor.py:756} INFO - Processing file /opt/airflow/dags/hourly_demand_dag.py for tasks to queue
[2022-12-16T12:45:14.619+0000] {logging_mixin.py:120} INFO - [2022-12-16T12:45:14.618+0000] {dagbag.py:537} INFO - Filling up the DagBag from /opt/airflow/dags/hourly_demand_dag.py
[2022-12-16T12:45:22.661+0000] {processor.py:766} INFO - DAG(s) dict_keys(['get_hourly_demand_v2']) retrieved from /opt/airflow/dags/hourly_demand_dag.py
[2022-12-16T12:45:22.724+0000] {logging_mixin.py:120} INFO - [2022-12-16T12:45:22.723+0000] {dag.py:2585} INFO - Sync 1 DAGs
[2022-12-16T12:45:22.780+0000] {logging_mixin.py:120} INFO - [2022-12-16T12:45:22.780+0000] {dag.py:3340} INFO - Setting next_dagrun for get_hourly_demand_v2 to 2022-10-26T00:05:00+00:00, run_after=2022-10-26T01:05:00+00:00
[2022-12-16T12:45:22.818+0000] {processor.py:176} INFO - Processing /opt/airflow/dags/hourly_demand_dag.py took 8.205 seconds
[2022-12-16T12:45:52.894+0000] {processor.py:154} INFO - Started process (PID=259) to work on /opt/airflow/dags/hourly_demand_dag.py
[2022-12-16T12:45:52.895+0000] {processor.py:756} INFO - Processing file /opt/airflow/dags/hourly_demand_dag.py for tasks to queue
[2022-12-16T12:45:52.895+0000] {logging_mixin.py:120} INFO - [2022-12-16T12:45:52.895+0000] {dagbag.py:537} INFO - Filling up the DagBag from /opt/airflow/dags/hourly_demand_dag.py
[2022-12-16T12:45:55.443+0000] {processor.py:766} INFO - DAG(s) dict_keys(['get_hourly_demand_v2']) retrieved from /opt/airflow/dags/hourly_demand_dag.py
[2022-12-16T12:45:55.505+0000] {logging_mixin.py:120} INFO - [2022-12-16T12:45:55.505+0000] {dag.py:2585} INFO - Sync 1 DAGs
[2022-12-16T12:45:55.530+0000] {logging_mixin.py:120} INFO - [2022-12-16T12:45:55.530+0000] {dag.py:3340} INFO - Setting next_dagrun for get_hourly_demand_v2 to 2022-10-26T00:05:00+00:00, run_after=2022-10-26T01:05:00+00:00
[2022-12-16T12:45:55.547+0000] {processor.py:176} INFO - Processing /opt/airflow/dags/hourly_demand_dag.py took 2.656 seconds
[2022-12-16T12:47:41.654+0000] {processor.py:154} INFO - Started process (PID=194) to work on /opt/airflow/dags/hourly_demand_dag.py
[2022-12-16T12:47:41.654+0000] {processor.py:756} INFO - Processing file /opt/airflow/dags/hourly_demand_dag.py for tasks to queue
[2022-12-16T12:47:41.655+0000] {logging_mixin.py:120} INFO - [2022-12-16T12:47:41.655+0000] {dagbag.py:537} INFO - Filling up the DagBag from /opt/airflow/dags/hourly_demand_dag.py
[2022-12-16T12:47:46.141+0000] {processor.py:766} INFO - DAG(s) dict_keys(['get_hourly_demand_v2']) retrieved from /opt/airflow/dags/hourly_demand_dag.py
[2022-12-16T12:47:46.262+0000] {logging_mixin.py:120} INFO - [2022-12-16T12:47:46.261+0000] {dag.py:2585} INFO - Sync 1 DAGs
[2022-12-16T12:47:46.301+0000] {logging_mixin.py:120} INFO - [2022-12-16T12:47:46.300+0000] {dag.py:3340} INFO - Setting next_dagrun for get_hourly_demand_v2 to 2022-10-26T00:05:00+00:00, run_after=2022-10-26T01:05:00+00:00
[2022-12-16T12:47:46.330+0000] {processor.py:176} INFO - Processing /opt/airflow/dags/hourly_demand_dag.py took 4.680 seconds
[2022-12-16T12:48:16.449+0000] {processor.py:154} INFO - Started process (PID=261) to work on /opt/airflow/dags/hourly_demand_dag.py
[2022-12-16T12:48:16.450+0000] {processor.py:756} INFO - Processing file /opt/airflow/dags/hourly_demand_dag.py for tasks to queue
[2022-12-16T12:48:16.451+0000] {logging_mixin.py:120} INFO - [2022-12-16T12:48:16.451+0000] {dagbag.py:537} INFO - Filling up the DagBag from /opt/airflow/dags/hourly_demand_dag.py
[2022-12-16T12:48:26.842+0000] {processor.py:766} INFO - DAG(s) dict_keys(['get_hourly_demand_v2']) retrieved from /opt/airflow/dags/hourly_demand_dag.py
[2022-12-16T12:48:27.237+0000] {logging_mixin.py:120} INFO - [2022-12-16T12:48:27.235+0000] {dag.py:2585} INFO - Sync 1 DAGs
[2022-12-16T12:48:27.415+0000] {logging_mixin.py:120} INFO - [2022-12-16T12:48:27.415+0000] {dag.py:3340} INFO - Setting next_dagrun for get_hourly_demand_v2 to 2022-10-26T00:05:00+00:00, run_after=2022-10-26T01:05:00+00:00
[2022-12-16T12:48:27.553+0000] {processor.py:176} INFO - Processing /opt/airflow/dags/hourly_demand_dag.py took 11.106 seconds
[2022-12-16T12:48:58.459+0000] {processor.py:154} INFO - Started process (PID=393) to work on /opt/airflow/dags/hourly_demand_dag.py
[2022-12-16T12:48:58.460+0000] {processor.py:756} INFO - Processing file /opt/airflow/dags/hourly_demand_dag.py for tasks to queue
[2022-12-16T12:48:58.461+0000] {logging_mixin.py:120} INFO - [2022-12-16T12:48:58.461+0000] {dagbag.py:537} INFO - Filling up the DagBag from /opt/airflow/dags/hourly_demand_dag.py
[2022-12-16T12:49:02.336+0000] {processor.py:766} INFO - DAG(s) dict_keys(['get_hourly_demand_v2']) retrieved from /opt/airflow/dags/hourly_demand_dag.py
[2022-12-16T12:49:02.375+0000] {logging_mixin.py:120} INFO - [2022-12-16T12:49:02.375+0000] {dag.py:2585} INFO - Sync 1 DAGs
[2022-12-16T12:49:02.405+0000] {logging_mixin.py:120} INFO - [2022-12-16T12:49:02.405+0000] {dag.py:3340} INFO - Setting next_dagrun for get_hourly_demand_v2 to 2022-10-26T00:05:00+00:00, run_after=2022-10-26T01:05:00+00:00
[2022-12-16T12:49:02.427+0000] {processor.py:176} INFO - Processing /opt/airflow/dags/hourly_demand_dag.py took 3.974 seconds
[2022-12-16T12:49:32.819+0000] {processor.py:154} INFO - Started process (PID=454) to work on /opt/airflow/dags/hourly_demand_dag.py
[2022-12-16T12:49:32.819+0000] {processor.py:756} INFO - Processing file /opt/airflow/dags/hourly_demand_dag.py for tasks to queue
[2022-12-16T12:49:32.820+0000] {logging_mixin.py:120} INFO - [2022-12-16T12:49:32.820+0000] {dagbag.py:537} INFO - Filling up the DagBag from /opt/airflow/dags/hourly_demand_dag.py
[2022-12-16T12:49:35.507+0000] {processor.py:766} INFO - DAG(s) dict_keys(['get_hourly_demand_v2']) retrieved from /opt/airflow/dags/hourly_demand_dag.py
[2022-12-16T12:49:35.540+0000] {logging_mixin.py:120} INFO - [2022-12-16T12:49:35.540+0000] {dag.py:2585} INFO - Sync 1 DAGs
[2022-12-16T12:49:35.571+0000] {logging_mixin.py:120} INFO - [2022-12-16T12:49:35.571+0000] {dag.py:3340} INFO - Setting next_dagrun for get_hourly_demand_v2 to 2022-10-26T00:05:00+00:00, run_after=2022-10-26T01:05:00+00:00
[2022-12-16T12:49:35.603+0000] {processor.py:176} INFO - Processing /opt/airflow/dags/hourly_demand_dag.py took 2.787 seconds
[2022-12-16T12:50:06.137+0000] {processor.py:154} INFO - Started process (PID=506) to work on /opt/airflow/dags/hourly_demand_dag.py
[2022-12-16T12:50:06.137+0000] {processor.py:756} INFO - Processing file /opt/airflow/dags/hourly_demand_dag.py for tasks to queue
[2022-12-16T12:50:06.138+0000] {logging_mixin.py:120} INFO - [2022-12-16T12:50:06.138+0000] {dagbag.py:537} INFO - Filling up the DagBag from /opt/airflow/dags/hourly_demand_dag.py
[2022-12-16T12:50:09.565+0000] {processor.py:766} INFO - DAG(s) dict_keys(['get_hourly_demand_v2']) retrieved from /opt/airflow/dags/hourly_demand_dag.py
[2022-12-16T12:50:09.595+0000] {logging_mixin.py:120} INFO - [2022-12-16T12:50:09.595+0000] {dag.py:2585} INFO - Sync 1 DAGs
[2022-12-16T12:50:09.619+0000] {logging_mixin.py:120} INFO - [2022-12-16T12:50:09.619+0000] {dag.py:3340} INFO - Setting next_dagrun for get_hourly_demand_v2 to 2022-10-26T00:05:00+00:00, run_after=2022-10-26T01:05:00+00:00
[2022-12-16T12:50:09.647+0000] {processor.py:176} INFO - Processing /opt/airflow/dags/hourly_demand_dag.py took 3.514 seconds
[2022-12-16T12:50:39.696+0000] {processor.py:154} INFO - Started process (PID=567) to work on /opt/airflow/dags/hourly_demand_dag.py
[2022-12-16T12:50:39.696+0000] {processor.py:756} INFO - Processing file /opt/airflow/dags/hourly_demand_dag.py for tasks to queue
[2022-12-16T12:50:39.697+0000] {logging_mixin.py:120} INFO - [2022-12-16T12:50:39.696+0000] {dagbag.py:537} INFO - Filling up the DagBag from /opt/airflow/dags/hourly_demand_dag.py
[2022-12-16T12:50:42.696+0000] {processor.py:766} INFO - DAG(s) dict_keys(['get_hourly_demand_v2']) retrieved from /opt/airflow/dags/hourly_demand_dag.py
[2022-12-16T12:50:42.748+0000] {logging_mixin.py:120} INFO - [2022-12-16T12:50:42.747+0000] {dag.py:2585} INFO - Sync 1 DAGs
[2022-12-16T12:50:42.787+0000] {logging_mixin.py:120} INFO - [2022-12-16T12:50:42.787+0000] {dag.py:3340} INFO - Setting next_dagrun for get_hourly_demand_v2 to 2022-10-26T00:05:00+00:00, run_after=2022-10-26T01:05:00+00:00
[2022-12-16T12:50:42.812+0000] {processor.py:176} INFO - Processing /opt/airflow/dags/hourly_demand_dag.py took 3.118 seconds
[2022-12-16T12:51:12.999+0000] {processor.py:154} INFO - Started process (PID=694) to work on /opt/airflow/dags/hourly_demand_dag.py
[2022-12-16T12:51:13.001+0000] {processor.py:756} INFO - Processing file /opt/airflow/dags/hourly_demand_dag.py for tasks to queue
[2022-12-16T12:51:13.004+0000] {logging_mixin.py:120} INFO - [2022-12-16T12:51:13.003+0000] {dagbag.py:537} INFO - Filling up the DagBag from /opt/airflow/dags/hourly_demand_dag.py
[2022-12-16T12:51:16.819+0000] {processor.py:766} INFO - DAG(s) dict_keys(['get_hourly_demand_v2']) retrieved from /opt/airflow/dags/hourly_demand_dag.py
[2022-12-16T12:51:16.851+0000] {logging_mixin.py:120} INFO - [2022-12-16T12:51:16.851+0000] {dag.py:2585} INFO - Sync 1 DAGs
[2022-12-16T12:51:16.876+0000] {logging_mixin.py:120} INFO - [2022-12-16T12:51:16.875+0000] {dag.py:3340} INFO - Setting next_dagrun for get_hourly_demand_v2 to 2022-10-26T00:05:00+00:00, run_after=2022-10-26T01:05:00+00:00
[2022-12-16T12:51:16.894+0000] {processor.py:176} INFO - Processing /opt/airflow/dags/hourly_demand_dag.py took 3.901 seconds
[2022-12-16T12:51:47.458+0000] {processor.py:154} INFO - Started process (PID=756) to work on /opt/airflow/dags/hourly_demand_dag.py
[2022-12-16T12:51:47.459+0000] {processor.py:756} INFO - Processing file /opt/airflow/dags/hourly_demand_dag.py for tasks to queue
[2022-12-16T12:51:47.459+0000] {logging_mixin.py:120} INFO - [2022-12-16T12:51:47.459+0000] {dagbag.py:537} INFO - Filling up the DagBag from /opt/airflow/dags/hourly_demand_dag.py
[2022-12-16T12:51:50.207+0000] {processor.py:766} INFO - DAG(s) dict_keys(['get_hourly_demand_v2']) retrieved from /opt/airflow/dags/hourly_demand_dag.py
[2022-12-16T12:51:50.239+0000] {logging_mixin.py:120} INFO - [2022-12-16T12:51:50.239+0000] {dag.py:2585} INFO - Sync 1 DAGs
[2022-12-16T12:51:50.264+0000] {logging_mixin.py:120} INFO - [2022-12-16T12:51:50.263+0000] {dag.py:3340} INFO - Setting next_dagrun for get_hourly_demand_v2 to 2022-10-26T00:05:00+00:00, run_after=2022-10-26T01:05:00+00:00
[2022-12-16T12:51:50.283+0000] {processor.py:176} INFO - Processing /opt/airflow/dags/hourly_demand_dag.py took 2.827 seconds
[2022-12-16T12:52:20.350+0000] {processor.py:154} INFO - Started process (PID=817) to work on /opt/airflow/dags/hourly_demand_dag.py
[2022-12-16T12:52:20.351+0000] {processor.py:756} INFO - Processing file /opt/airflow/dags/hourly_demand_dag.py for tasks to queue
[2022-12-16T12:52:20.351+0000] {logging_mixin.py:120} INFO - [2022-12-16T12:52:20.351+0000] {dagbag.py:537} INFO - Filling up the DagBag from /opt/airflow/dags/hourly_demand_dag.py
[2022-12-16T12:52:22.785+0000] {processor.py:766} INFO - DAG(s) dict_keys(['get_hourly_demand_v2']) retrieved from /opt/airflow/dags/hourly_demand_dag.py
[2022-12-16T12:52:22.816+0000] {logging_mixin.py:120} INFO - [2022-12-16T12:52:22.816+0000] {dag.py:2585} INFO - Sync 1 DAGs
[2022-12-16T12:52:22.843+0000] {logging_mixin.py:120} INFO - [2022-12-16T12:52:22.842+0000] {dag.py:3340} INFO - Setting next_dagrun for get_hourly_demand_v2 to 2022-10-26T00:05:00+00:00, run_after=2022-10-26T01:05:00+00:00
[2022-12-16T12:52:22.873+0000] {processor.py:176} INFO - Processing /opt/airflow/dags/hourly_demand_dag.py took 2.526 seconds
[2022-12-16T12:52:53.122+0000] {processor.py:154} INFO - Started process (PID=869) to work on /opt/airflow/dags/hourly_demand_dag.py
[2022-12-16T12:52:53.122+0000] {processor.py:756} INFO - Processing file /opt/airflow/dags/hourly_demand_dag.py for tasks to queue
[2022-12-16T12:52:53.123+0000] {logging_mixin.py:120} INFO - [2022-12-16T12:52:53.123+0000] {dagbag.py:537} INFO - Filling up the DagBag from /opt/airflow/dags/hourly_demand_dag.py
[2022-12-16T12:52:55.907+0000] {processor.py:766} INFO - DAG(s) dict_keys(['get_hourly_demand_v2']) retrieved from /opt/airflow/dags/hourly_demand_dag.py
[2022-12-16T12:52:55.940+0000] {logging_mixin.py:120} INFO - [2022-12-16T12:52:55.939+0000] {dag.py:2585} INFO - Sync 1 DAGs
[2022-12-16T12:52:55.969+0000] {logging_mixin.py:120} INFO - [2022-12-16T12:52:55.969+0000] {dag.py:3340} INFO - Setting next_dagrun for get_hourly_demand_v2 to 2022-10-26T00:05:00+00:00, run_after=2022-10-26T01:05:00+00:00
[2022-12-16T12:52:55.988+0000] {processor.py:176} INFO - Processing /opt/airflow/dags/hourly_demand_dag.py took 2.869 seconds
[2022-12-16T12:53:26.380+0000] {processor.py:154} INFO - Started process (PID=930) to work on /opt/airflow/dags/hourly_demand_dag.py
[2022-12-16T12:53:26.380+0000] {processor.py:756} INFO - Processing file /opt/airflow/dags/hourly_demand_dag.py for tasks to queue
[2022-12-16T12:53:26.381+0000] {logging_mixin.py:120} INFO - [2022-12-16T12:53:26.380+0000] {dagbag.py:537} INFO - Filling up the DagBag from /opt/airflow/dags/hourly_demand_dag.py
[2022-12-16T12:53:28.993+0000] {processor.py:766} INFO - DAG(s) dict_keys(['get_hourly_demand_v2']) retrieved from /opt/airflow/dags/hourly_demand_dag.py
[2022-12-16T12:53:29.023+0000] {logging_mixin.py:120} INFO - [2022-12-16T12:53:29.023+0000] {dag.py:2585} INFO - Sync 1 DAGs
[2022-12-16T12:53:29.052+0000] {logging_mixin.py:120} INFO - [2022-12-16T12:53:29.052+0000] {dag.py:3340} INFO - Setting next_dagrun for get_hourly_demand_v2 to 2022-10-26T00:05:00+00:00, run_after=2022-10-26T01:05:00+00:00
[2022-12-16T12:53:29.069+0000] {processor.py:176} INFO - Processing /opt/airflow/dags/hourly_demand_dag.py took 2.692 seconds
[2022-12-16T12:53:59.231+0000] {processor.py:154} INFO - Started process (PID=991) to work on /opt/airflow/dags/hourly_demand_dag.py
[2022-12-16T12:53:59.242+0000] {processor.py:756} INFO - Processing file /opt/airflow/dags/hourly_demand_dag.py for tasks to queue
[2022-12-16T12:53:59.243+0000] {logging_mixin.py:120} INFO - [2022-12-16T12:53:59.243+0000] {dagbag.py:537} INFO - Filling up the DagBag from /opt/airflow/dags/hourly_demand_dag.py
[2022-12-16T12:54:01.539+0000] {processor.py:766} INFO - DAG(s) dict_keys(['get_hourly_demand_v2']) retrieved from /opt/airflow/dags/hourly_demand_dag.py
[2022-12-16T12:54:01.569+0000] {logging_mixin.py:120} INFO - [2022-12-16T12:54:01.568+0000] {dag.py:2585} INFO - Sync 1 DAGs
[2022-12-16T12:54:01.592+0000] {logging_mixin.py:120} INFO - [2022-12-16T12:54:01.592+0000] {dag.py:3340} INFO - Setting next_dagrun for get_hourly_demand_v2 to 2022-10-26T00:05:00+00:00, run_after=2022-10-26T01:05:00+00:00
[2022-12-16T12:54:01.620+0000] {processor.py:176} INFO - Processing /opt/airflow/dags/hourly_demand_dag.py took 2.391 seconds
[2022-12-16T12:54:31.715+0000] {processor.py:154} INFO - Started process (PID=1053) to work on /opt/airflow/dags/hourly_demand_dag.py
[2022-12-16T12:54:31.716+0000] {processor.py:756} INFO - Processing file /opt/airflow/dags/hourly_demand_dag.py for tasks to queue
[2022-12-16T12:54:31.717+0000] {logging_mixin.py:120} INFO - [2022-12-16T12:54:31.716+0000] {dagbag.py:537} INFO - Filling up the DagBag from /opt/airflow/dags/hourly_demand_dag.py
[2022-12-16T12:54:34.289+0000] {processor.py:766} INFO - DAG(s) dict_keys(['get_hourly_demand_v2']) retrieved from /opt/airflow/dags/hourly_demand_dag.py
[2022-12-16T12:54:34.328+0000] {logging_mixin.py:120} INFO - [2022-12-16T12:54:34.328+0000] {dag.py:2585} INFO - Sync 1 DAGs
[2022-12-16T12:54:34.357+0000] {logging_mixin.py:120} INFO - [2022-12-16T12:54:34.357+0000] {dag.py:3340} INFO - Setting next_dagrun for get_hourly_demand_v2 to 2022-10-26T00:05:00+00:00, run_after=2022-10-26T01:05:00+00:00
[2022-12-16T12:54:34.375+0000] {processor.py:176} INFO - Processing /opt/airflow/dags/hourly_demand_dag.py took 2.662 seconds
[2022-12-16T12:55:04.593+0000] {processor.py:154} INFO - Started process (PID=1114) to work on /opt/airflow/dags/hourly_demand_dag.py
[2022-12-16T12:55:04.593+0000] {processor.py:756} INFO - Processing file /opt/airflow/dags/hourly_demand_dag.py for tasks to queue
[2022-12-16T12:55:04.594+0000] {logging_mixin.py:120} INFO - [2022-12-16T12:55:04.594+0000] {dagbag.py:537} INFO - Filling up the DagBag from /opt/airflow/dags/hourly_demand_dag.py
[2022-12-16T12:55:06.922+0000] {processor.py:766} INFO - DAG(s) dict_keys(['get_hourly_demand_v2']) retrieved from /opt/airflow/dags/hourly_demand_dag.py
[2022-12-16T12:55:06.955+0000] {logging_mixin.py:120} INFO - [2022-12-16T12:55:06.955+0000] {dag.py:2585} INFO - Sync 1 DAGs
[2022-12-16T12:55:06.979+0000] {logging_mixin.py:120} INFO - [2022-12-16T12:55:06.979+0000] {dag.py:3340} INFO - Setting next_dagrun for get_hourly_demand_v2 to 2022-10-26T00:05:00+00:00, run_after=2022-10-26T01:05:00+00:00
[2022-12-16T12:55:07.009+0000] {processor.py:176} INFO - Processing /opt/airflow/dags/hourly_demand_dag.py took 2.418 seconds
[2022-12-16T12:55:37.655+0000] {processor.py:154} INFO - Started process (PID=1175) to work on /opt/airflow/dags/hourly_demand_dag.py
[2022-12-16T12:55:37.656+0000] {processor.py:756} INFO - Processing file /opt/airflow/dags/hourly_demand_dag.py for tasks to queue
[2022-12-16T12:55:37.657+0000] {logging_mixin.py:120} INFO - [2022-12-16T12:55:37.657+0000] {dagbag.py:537} INFO - Filling up the DagBag from /opt/airflow/dags/hourly_demand_dag.py
[2022-12-16T12:55:40.285+0000] {processor.py:766} INFO - DAG(s) dict_keys(['get_hourly_demand_v2']) retrieved from /opt/airflow/dags/hourly_demand_dag.py
[2022-12-16T12:55:40.350+0000] {logging_mixin.py:120} INFO - [2022-12-16T12:55:40.349+0000] {dag.py:2585} INFO - Sync 1 DAGs
[2022-12-16T12:55:40.416+0000] {logging_mixin.py:120} INFO - [2022-12-16T12:55:40.416+0000] {dag.py:3340} INFO - Setting next_dagrun for get_hourly_demand_v2 to 2022-10-26T00:05:00+00:00, run_after=2022-10-26T01:05:00+00:00
[2022-12-16T12:55:40.459+0000] {processor.py:176} INFO - Processing /opt/airflow/dags/hourly_demand_dag.py took 2.808 seconds
[2022-12-16T12:56:11.066+0000] {processor.py:154} INFO - Started process (PID=1236) to work on /opt/airflow/dags/hourly_demand_dag.py
[2022-12-16T12:56:11.078+0000] {processor.py:756} INFO - Processing file /opt/airflow/dags/hourly_demand_dag.py for tasks to queue
[2022-12-16T12:56:11.078+0000] {logging_mixin.py:120} INFO - [2022-12-16T12:56:11.078+0000] {dagbag.py:537} INFO - Filling up the DagBag from /opt/airflow/dags/hourly_demand_dag.py
[2022-12-16T12:56:13.681+0000] {processor.py:766} INFO - DAG(s) dict_keys(['get_hourly_demand_v2']) retrieved from /opt/airflow/dags/hourly_demand_dag.py
[2022-12-16T12:56:13.714+0000] {logging_mixin.py:120} INFO - [2022-12-16T12:56:13.714+0000] {dag.py:2585} INFO - Sync 1 DAGs
[2022-12-16T12:56:13.744+0000] {logging_mixin.py:120} INFO - [2022-12-16T12:56:13.744+0000] {dag.py:3340} INFO - Setting next_dagrun for get_hourly_demand_v2 to 2022-10-26T00:05:00+00:00, run_after=2022-10-26T01:05:00+00:00
[2022-12-16T12:56:13.775+0000] {processor.py:176} INFO - Processing /opt/airflow/dags/hourly_demand_dag.py took 2.713 seconds
[2022-12-16T12:56:43.902+0000] {processor.py:154} INFO - Started process (PID=1288) to work on /opt/airflow/dags/hourly_demand_dag.py
[2022-12-16T12:56:43.903+0000] {processor.py:756} INFO - Processing file /opt/airflow/dags/hourly_demand_dag.py for tasks to queue
[2022-12-16T12:56:43.903+0000] {logging_mixin.py:120} INFO - [2022-12-16T12:56:43.903+0000] {dagbag.py:537} INFO - Filling up the DagBag from /opt/airflow/dags/hourly_demand_dag.py
[2022-12-16T12:56:46.775+0000] {processor.py:766} INFO - DAG(s) dict_keys(['get_hourly_demand_v2']) retrieved from /opt/airflow/dags/hourly_demand_dag.py
[2022-12-16T12:56:46.806+0000] {logging_mixin.py:120} INFO - [2022-12-16T12:56:46.806+0000] {dag.py:2585} INFO - Sync 1 DAGs
[2022-12-16T12:56:46.830+0000] {logging_mixin.py:120} INFO - [2022-12-16T12:56:46.830+0000] {dag.py:3340} INFO - Setting next_dagrun for get_hourly_demand_v2 to 2022-10-26T00:05:00+00:00, run_after=2022-10-26T01:05:00+00:00
[2022-12-16T12:56:46.848+0000] {processor.py:176} INFO - Processing /opt/airflow/dags/hourly_demand_dag.py took 2.949 seconds
[2022-12-16T12:57:17.077+0000] {processor.py:154} INFO - Started process (PID=1349) to work on /opt/airflow/dags/hourly_demand_dag.py
[2022-12-16T12:57:17.078+0000] {processor.py:756} INFO - Processing file /opt/airflow/dags/hourly_demand_dag.py for tasks to queue
[2022-12-16T12:57:17.079+0000] {logging_mixin.py:120} INFO - [2022-12-16T12:57:17.079+0000] {dagbag.py:537} INFO - Filling up the DagBag from /opt/airflow/dags/hourly_demand_dag.py
[2022-12-16T12:57:19.666+0000] {processor.py:766} INFO - DAG(s) dict_keys(['get_hourly_demand_v2']) retrieved from /opt/airflow/dags/hourly_demand_dag.py
[2022-12-16T12:57:19.697+0000] {logging_mixin.py:120} INFO - [2022-12-16T12:57:19.697+0000] {dag.py:2585} INFO - Sync 1 DAGs
[2022-12-16T12:57:19.721+0000] {logging_mixin.py:120} INFO - [2022-12-16T12:57:19.721+0000] {dag.py:3340} INFO - Setting next_dagrun for get_hourly_demand_v2 to 2022-10-26T00:05:00+00:00, run_after=2022-10-26T01:05:00+00:00
[2022-12-16T12:57:19.751+0000] {processor.py:176} INFO - Processing /opt/airflow/dags/hourly_demand_dag.py took 2.677 seconds
