[2022-12-17T14:49:42.476+0000] {taskinstance.py:1165} INFO - Dependencies all met for <TaskInstance: superforecast_v1.proceso manual__2022-12-17T14:49:39.695670+00:00 [queued]>
[2022-12-17T14:49:42.486+0000] {taskinstance.py:1165} INFO - Dependencies all met for <TaskInstance: superforecast_v1.proceso manual__2022-12-17T14:49:39.695670+00:00 [queued]>
[2022-12-17T14:49:42.486+0000] {taskinstance.py:1362} INFO - 
--------------------------------------------------------------------------------
[2022-12-17T14:49:42.486+0000] {taskinstance.py:1363} INFO - Starting attempt 1 of 2
[2022-12-17T14:49:42.486+0000] {taskinstance.py:1364} INFO - 
--------------------------------------------------------------------------------
[2022-12-17T14:49:42.502+0000] {taskinstance.py:1383} INFO - Executing <Task(PythonOperator): proceso> on 2022-12-17 14:49:39.695670+00:00
[2022-12-17T14:49:42.507+0000] {standard_task_runner.py:55} INFO - Started process 26708 to run task
[2022-12-17T14:49:42.511+0000] {standard_task_runner.py:82} INFO - Running: ['***', 'tasks', 'run', 'superforecast_v1', 'proceso', 'manual__2022-12-17T14:49:39.695670+00:00', '--job-id', '101', '--raw', '--subdir', 'DAGS_FOLDER/predsuper_dag.py', '--cfg-path', '/tmp/tmpeb83itdm']
[2022-12-17T14:49:42.513+0000] {standard_task_runner.py:83} INFO - Job 101: Subtask proceso
[2022-12-17T14:49:42.579+0000] {task_command.py:376} INFO - Running <TaskInstance: superforecast_v1.proceso manual__2022-12-17T14:49:39.695670+00:00 [running]> on host 26302dc28230
[2022-12-17T14:49:42.821+0000] {taskinstance.py:1592} INFO - Exporting the following env vars:
AIRFLOW_CTX_DAG_EMAIL=doloresferrando@gmail.com
AIRFLOW_CTX_DAG_OWNER=super
AIRFLOW_CTX_DAG_ID=superforecast_v1
AIRFLOW_CTX_TASK_ID=proceso
AIRFLOW_CTX_EXECUTION_DATE=2022-12-17T14:49:39.695670+00:00
AIRFLOW_CTX_TRY_NUMBER=1
AIRFLOW_CTX_DAG_RUN_ID=manual__2022-12-17T14:49:39.695670+00:00
[2022-12-17T14:49:43.211+0000] {forecaster.py:927} INFO - Disabling daily seasonality. Run prophet with daily_seasonality=True to override this.
[2022-12-17T14:49:43.232+0000] {filesystem.py:123} DEBUG - input tempfile: /tmp/tmp72l8afhd/10gvw058.json
[2022-12-17T14:49:43.237+0000] {filesystem.py:123} DEBUG - input tempfile: /tmp/tmp72l8afhd/mj76gr4h.json
[2022-12-17T14:49:43.238+0000] {model.py:1567} DEBUG - idx 0
[2022-12-17T14:49:43.238+0000] {model.py:1570} DEBUG - running CmdStan, num_threads: None
[2022-12-17T14:49:43.238+0000] {model.py:1580} DEBUG - CmdStan args: ['/home/***/.local/lib/python3.7/site-packages/prophet/stan_model/prophet_model.bin', 'random', 'seed=91015', 'data', 'file=/tmp/tmp72l8afhd/10gvw058.json', 'init=/tmp/tmp72l8afhd/mj76gr4h.json', 'output', 'file=/tmp/tmp72l8afhd/prophet_modelqlzyjd_5/prophet_model-20221217144943.csv', 'method=optimize', 'algorithm=newton', 'iter=10000']
[2022-12-17T14:49:43.239+0000] {logging_mixin.py:120} WARNING - 14:49:43 - cmdstanpy - INFO - Chain [1] start processing
[2022-12-17T14:49:43.238+0000] {model.py:1583} INFO - Chain [1] start processing
[2022-12-17T14:49:43.830+0000] {logging_mixin.py:120} WARNING - 14:49:43 - cmdstanpy - INFO - Chain [1] done processing
[2022-12-17T14:49:43.830+0000] {model.py:1640} INFO - Chain [1] done processing
[2022-12-17T14:49:44.257+0000] {logging_mixin.py:120} INFO - Path at terminal when executing this file
[2022-12-17T14:49:44.258+0000] {logging_mixin.py:120} INFO - /opt/***
[2022-12-17T14:49:44.258+0000] {logging_mixin.py:120} INFO - This file path, relative to os.getcwd()
[2022-12-17T14:49:44.258+0000] {logging_mixin.py:120} INFO - /opt/***/dags/super.py
[2022-12-17T14:49:44.262+0000] {python.py:177} INFO - Done. Returned value was: None
[2022-12-17T14:49:44.275+0000] {taskinstance.py:1406} INFO - Marking task as SUCCESS. dag_id=superforecast_v1, task_id=proceso, execution_date=20221217T144939, start_date=20221217T144942, end_date=20221217T144944
[2022-12-17T14:49:44.330+0000] {local_task_job.py:164} INFO - Task exited with return code 0
[2022-12-17T14:49:44.352+0000] {local_task_job.py:273} INFO - 0 downstream tasks scheduled from follow-on schedule check
