[2022-12-17T13:50:23.502+0000] {taskinstance.py:1165} INFO - Dependencies all met for <TaskInstance: superforecast_v1.proceso manual__2022-12-17T13:50:20.665329+00:00 [queued]>
[2022-12-17T13:50:23.511+0000] {taskinstance.py:1165} INFO - Dependencies all met for <TaskInstance: superforecast_v1.proceso manual__2022-12-17T13:50:20.665329+00:00 [queued]>
[2022-12-17T13:50:23.511+0000] {taskinstance.py:1362} INFO - 
--------------------------------------------------------------------------------
[2022-12-17T13:50:23.511+0000] {taskinstance.py:1363} INFO - Starting attempt 1 of 2
[2022-12-17T13:50:23.512+0000] {taskinstance.py:1364} INFO - 
--------------------------------------------------------------------------------
[2022-12-17T13:50:23.526+0000] {taskinstance.py:1383} INFO - Executing <Task(PythonOperator): proceso> on 2022-12-17 13:50:20.665329+00:00
[2022-12-17T13:50:23.530+0000] {standard_task_runner.py:55} INFO - Started process 22930 to run task
[2022-12-17T13:50:23.533+0000] {standard_task_runner.py:82} INFO - Running: ['***', 'tasks', 'run', 'superforecast_v1', 'proceso', 'manual__2022-12-17T13:50:20.665329+00:00', '--job-id', '88', '--raw', '--subdir', 'DAGS_FOLDER/predsuper_dag.py', '--cfg-path', '/tmp/tmp2n_z0_q2']
[2022-12-17T13:50:23.534+0000] {standard_task_runner.py:83} INFO - Job 88: Subtask proceso
[2022-12-17T13:50:23.596+0000] {task_command.py:376} INFO - Running <TaskInstance: superforecast_v1.proceso manual__2022-12-17T13:50:20.665329+00:00 [running]> on host 26302dc28230
[2022-12-17T13:50:23.837+0000] {taskinstance.py:1592} INFO - Exporting the following env vars:
AIRFLOW_CTX_DAG_EMAIL=doloresferrando@gmail.com
AIRFLOW_CTX_DAG_OWNER=super
AIRFLOW_CTX_DAG_ID=superforecast_v1
AIRFLOW_CTX_TASK_ID=proceso
AIRFLOW_CTX_EXECUTION_DATE=2022-12-17T13:50:20.665329+00:00
AIRFLOW_CTX_TRY_NUMBER=1
AIRFLOW_CTX_DAG_RUN_ID=manual__2022-12-17T13:50:20.665329+00:00
[2022-12-17T13:50:24.288+0000] {forecaster.py:927} INFO - Disabling daily seasonality. Run prophet with daily_seasonality=True to override this.
[2022-12-17T13:50:24.308+0000] {filesystem.py:123} DEBUG - input tempfile: /tmp/tmplxnkds8l/74lbeb3f.json
[2022-12-17T13:50:24.313+0000] {filesystem.py:123} DEBUG - input tempfile: /tmp/tmplxnkds8l/_t5923ns.json
[2022-12-17T13:50:24.314+0000] {model.py:1567} DEBUG - idx 0
[2022-12-17T13:50:24.315+0000] {model.py:1570} DEBUG - running CmdStan, num_threads: None
[2022-12-17T13:50:24.315+0000] {model.py:1580} DEBUG - CmdStan args: ['/home/***/.local/lib/python3.7/site-packages/prophet/stan_model/prophet_model.bin', 'random', 'seed=1623', 'data', 'file=/tmp/tmplxnkds8l/74lbeb3f.json', 'init=/tmp/tmplxnkds8l/_t5923ns.json', 'output', 'file=/tmp/tmplxnkds8l/prophet_model37n3ae5e/prophet_model-20221217135024.csv', 'method=optimize', 'algorithm=newton', 'iter=10000']
[2022-12-17T13:50:24.315+0000] {logging_mixin.py:120} WARNING - 13:50:24 - cmdstanpy - INFO - Chain [1] start processing
[2022-12-17T13:50:24.315+0000] {model.py:1583} INFO - Chain [1] start processing
[2022-12-17T13:50:24.873+0000] {logging_mixin.py:120} WARNING - 13:50:24 - cmdstanpy - INFO - Chain [1] done processing
[2022-12-17T13:50:24.873+0000] {model.py:1640} INFO - Chain [1] done processing
[2022-12-17T13:50:25.298+0000] {python.py:177} INFO - Done. Returned value was: None
[2022-12-17T13:50:25.309+0000] {taskinstance.py:1406} INFO - Marking task as SUCCESS. dag_id=superforecast_v1, task_id=proceso, execution_date=20221217T135020, start_date=20221217T135023, end_date=20221217T135025
[2022-12-17T13:50:25.353+0000] {local_task_job.py:164} INFO - Task exited with return code 0
[2022-12-17T13:50:25.377+0000] {local_task_job.py:273} INFO - 0 downstream tasks scheduled from follow-on schedule check
