[2022-12-17T14:00:43.545+0000] {taskinstance.py:1165} INFO - Dependencies all met for <TaskInstance: superforecast_v1.proceso manual__2022-12-17T14:00:40.767176+00:00 [queued]>
[2022-12-17T14:00:43.554+0000] {taskinstance.py:1165} INFO - Dependencies all met for <TaskInstance: superforecast_v1.proceso manual__2022-12-17T14:00:40.767176+00:00 [queued]>
[2022-12-17T14:00:43.555+0000] {taskinstance.py:1362} INFO - 
--------------------------------------------------------------------------------
[2022-12-17T14:00:43.555+0000] {taskinstance.py:1363} INFO - Starting attempt 1 of 2
[2022-12-17T14:00:43.555+0000] {taskinstance.py:1364} INFO - 
--------------------------------------------------------------------------------
[2022-12-17T14:00:43.569+0000] {taskinstance.py:1383} INFO - Executing <Task(PythonOperator): proceso> on 2022-12-17 14:00:40.767176+00:00
[2022-12-17T14:00:43.590+0000] {standard_task_runner.py:55} INFO - Started process 23580 to run task
[2022-12-17T14:00:43.593+0000] {standard_task_runner.py:82} INFO - Running: ['***', 'tasks', 'run', 'superforecast_v1', 'proceso', 'manual__2022-12-17T14:00:40.767176+00:00', '--job-id', '89', '--raw', '--subdir', 'DAGS_FOLDER/predsuper_dag.py', '--cfg-path', '/tmp/tmp_uus01u7']
[2022-12-17T14:00:43.595+0000] {standard_task_runner.py:83} INFO - Job 89: Subtask proceso
[2022-12-17T14:00:43.668+0000] {task_command.py:376} INFO - Running <TaskInstance: superforecast_v1.proceso manual__2022-12-17T14:00:40.767176+00:00 [running]> on host 26302dc28230
[2022-12-17T14:00:43.892+0000] {taskinstance.py:1592} INFO - Exporting the following env vars:
AIRFLOW_CTX_DAG_EMAIL=doloresferrando@gmail.com
AIRFLOW_CTX_DAG_OWNER=super
AIRFLOW_CTX_DAG_ID=superforecast_v1
AIRFLOW_CTX_TASK_ID=proceso
AIRFLOW_CTX_EXECUTION_DATE=2022-12-17T14:00:40.767176+00:00
AIRFLOW_CTX_TRY_NUMBER=1
AIRFLOW_CTX_DAG_RUN_ID=manual__2022-12-17T14:00:40.767176+00:00
[2022-12-17T14:00:44.303+0000] {forecaster.py:927} INFO - Disabling daily seasonality. Run prophet with daily_seasonality=True to override this.
[2022-12-17T14:00:44.321+0000] {filesystem.py:123} DEBUG - input tempfile: /tmp/tmp4ewsgh2q/cxoo95m_.json
[2022-12-17T14:00:44.327+0000] {filesystem.py:123} DEBUG - input tempfile: /tmp/tmp4ewsgh2q/xq3i7qs7.json
[2022-12-17T14:00:44.328+0000] {model.py:1567} DEBUG - idx 0
[2022-12-17T14:00:44.328+0000] {model.py:1570} DEBUG - running CmdStan, num_threads: None
[2022-12-17T14:00:44.328+0000] {model.py:1580} DEBUG - CmdStan args: ['/home/***/.local/lib/python3.7/site-packages/prophet/stan_model/prophet_model.bin', 'random', 'seed=46170', 'data', 'file=/tmp/tmp4ewsgh2q/cxoo95m_.json', 'init=/tmp/tmp4ewsgh2q/xq3i7qs7.json', 'output', 'file=/tmp/tmp4ewsgh2q/prophet_model25hlwtwc/prophet_model-20221217140044.csv', 'method=optimize', 'algorithm=newton', 'iter=10000']
[2022-12-17T14:00:44.329+0000] {logging_mixin.py:120} WARNING - 14:00:44 - cmdstanpy - INFO - Chain [1] start processing
[2022-12-17T14:00:44.329+0000] {model.py:1583} INFO - Chain [1] start processing
[2022-12-17T14:00:44.941+0000] {logging_mixin.py:120} WARNING - 14:00:44 - cmdstanpy - INFO - Chain [1] done processing
[2022-12-17T14:00:44.940+0000] {model.py:1640} INFO - Chain [1] done processing
[2022-12-17T14:00:45.413+0000] {python.py:177} INFO - Done. Returned value was: None
[2022-12-17T14:00:45.425+0000] {taskinstance.py:1406} INFO - Marking task as SUCCESS. dag_id=superforecast_v1, task_id=proceso, execution_date=20221217T140040, start_date=20221217T140043, end_date=20221217T140045
[2022-12-17T14:00:45.451+0000] {local_task_job.py:164} INFO - Task exited with return code 0
[2022-12-17T14:00:45.470+0000] {local_task_job.py:273} INFO - 0 downstream tasks scheduled from follow-on schedule check
