[2022-12-17T14:20:02.111+0000] {taskinstance.py:1165} INFO - Dependencies all met for <TaskInstance: superforecast_v1.proceso manual__2022-12-17T14:19:58.716378+00:00 [queued]>
[2022-12-17T14:20:02.120+0000] {taskinstance.py:1165} INFO - Dependencies all met for <TaskInstance: superforecast_v1.proceso manual__2022-12-17T14:19:58.716378+00:00 [queued]>
[2022-12-17T14:20:02.120+0000] {taskinstance.py:1362} INFO - 
--------------------------------------------------------------------------------
[2022-12-17T14:20:02.120+0000] {taskinstance.py:1363} INFO - Starting attempt 1 of 2
[2022-12-17T14:20:02.120+0000] {taskinstance.py:1364} INFO - 
--------------------------------------------------------------------------------
[2022-12-17T14:20:02.135+0000] {taskinstance.py:1383} INFO - Executing <Task(PythonOperator): proceso> on 2022-12-17 14:19:58.716378+00:00
[2022-12-17T14:20:02.139+0000] {standard_task_runner.py:55} INFO - Started process 24800 to run task
[2022-12-17T14:20:02.142+0000] {standard_task_runner.py:82} INFO - Running: ['***', 'tasks', 'run', 'superforecast_v1', 'proceso', 'manual__2022-12-17T14:19:58.716378+00:00', '--job-id', '93', '--raw', '--subdir', 'DAGS_FOLDER/predsuper_dag.py', '--cfg-path', '/tmp/tmpduk05op1']
[2022-12-17T14:20:02.144+0000] {standard_task_runner.py:83} INFO - Job 93: Subtask proceso
[2022-12-17T14:20:02.209+0000] {task_command.py:376} INFO - Running <TaskInstance: superforecast_v1.proceso manual__2022-12-17T14:19:58.716378+00:00 [running]> on host 26302dc28230
[2022-12-17T14:20:02.471+0000] {taskinstance.py:1592} INFO - Exporting the following env vars:
AIRFLOW_CTX_DAG_EMAIL=doloresferrando@gmail.com
AIRFLOW_CTX_DAG_OWNER=super
AIRFLOW_CTX_DAG_ID=superforecast_v1
AIRFLOW_CTX_TASK_ID=proceso
AIRFLOW_CTX_EXECUTION_DATE=2022-12-17T14:19:58.716378+00:00
AIRFLOW_CTX_TRY_NUMBER=1
AIRFLOW_CTX_DAG_RUN_ID=manual__2022-12-17T14:19:58.716378+00:00
[2022-12-17T14:20:02.967+0000] {forecaster.py:927} INFO - Disabling daily seasonality. Run prophet with daily_seasonality=True to override this.
[2022-12-17T14:20:02.998+0000] {filesystem.py:123} DEBUG - input tempfile: /tmp/tmp2nzys4i2/gcf5lc2w.json
[2022-12-17T14:20:03.006+0000] {filesystem.py:123} DEBUG - input tempfile: /tmp/tmp2nzys4i2/ghrfunob.json
[2022-12-17T14:20:03.008+0000] {model.py:1567} DEBUG - idx 0
[2022-12-17T14:20:03.008+0000] {model.py:1570} DEBUG - running CmdStan, num_threads: None
[2022-12-17T14:20:03.008+0000] {model.py:1580} DEBUG - CmdStan args: ['/home/***/.local/lib/python3.7/site-packages/prophet/stan_model/prophet_model.bin', 'random', 'seed=84948', 'data', 'file=/tmp/tmp2nzys4i2/gcf5lc2w.json', 'init=/tmp/tmp2nzys4i2/ghrfunob.json', 'output', 'file=/tmp/tmp2nzys4i2/prophet_modelfpzwbv5e/prophet_model-20221217142003.csv', 'method=optimize', 'algorithm=newton', 'iter=10000']
[2022-12-17T14:20:03.008+0000] {logging_mixin.py:120} WARNING - 14:20:03 - cmdstanpy - INFO - Chain [1] start processing
[2022-12-17T14:20:03.008+0000] {model.py:1583} INFO - Chain [1] start processing
[2022-12-17T14:20:03.694+0000] {logging_mixin.py:120} WARNING - 14:20:03 - cmdstanpy - INFO - Chain [1] done processing
[2022-12-17T14:20:03.694+0000] {model.py:1640} INFO - Chain [1] done processing
[2022-12-17T14:20:04.212+0000] {python.py:177} INFO - Done. Returned value was: /opt/***/historico.csv
[2022-12-17T14:20:04.238+0000] {taskinstance.py:1406} INFO - Marking task as SUCCESS. dag_id=superforecast_v1, task_id=proceso, execution_date=20221217T141958, start_date=20221217T142002, end_date=20221217T142004
[2022-12-17T14:20:04.280+0000] {local_task_job.py:164} INFO - Task exited with return code 0
[2022-12-17T14:20:04.299+0000] {local_task_job.py:273} INFO - 0 downstream tasks scheduled from follow-on schedule check
