[2022-12-17T14:57:36.993+0000] {taskinstance.py:1165} INFO - Dependencies all met for <TaskInstance: superforecast_v1.proceso manual__2022-12-17T14:57:34.241088+00:00 [queued]>
[2022-12-17T14:57:37.002+0000] {taskinstance.py:1165} INFO - Dependencies all met for <TaskInstance: superforecast_v1.proceso manual__2022-12-17T14:57:34.241088+00:00 [queued]>
[2022-12-17T14:57:37.002+0000] {taskinstance.py:1362} INFO - 
--------------------------------------------------------------------------------
[2022-12-17T14:57:37.002+0000] {taskinstance.py:1363} INFO - Starting attempt 1 of 2
[2022-12-17T14:57:37.002+0000] {taskinstance.py:1364} INFO - 
--------------------------------------------------------------------------------
[2022-12-17T14:57:37.016+0000] {taskinstance.py:1383} INFO - Executing <Task(PythonOperator): proceso> on 2022-12-17 14:57:34.241088+00:00
[2022-12-17T14:57:37.021+0000] {standard_task_runner.py:55} INFO - Started process 27217 to run task
[2022-12-17T14:57:37.024+0000] {standard_task_runner.py:82} INFO - Running: ['***', 'tasks', 'run', 'superforecast_v1', 'proceso', 'manual__2022-12-17T14:57:34.241088+00:00', '--job-id', '104', '--raw', '--subdir', 'DAGS_FOLDER/predsuper_dag.py', '--cfg-path', '/tmp/tmpageltwy2']
[2022-12-17T14:57:37.026+0000] {standard_task_runner.py:83} INFO - Job 104: Subtask proceso
[2022-12-17T14:57:37.132+0000] {task_command.py:376} INFO - Running <TaskInstance: superforecast_v1.proceso manual__2022-12-17T14:57:34.241088+00:00 [running]> on host 26302dc28230
[2022-12-17T14:57:37.362+0000] {taskinstance.py:1592} INFO - Exporting the following env vars:
AIRFLOW_CTX_DAG_EMAIL=doloresferrando@gmail.com
AIRFLOW_CTX_DAG_OWNER=super
AIRFLOW_CTX_DAG_ID=superforecast_v1
AIRFLOW_CTX_TASK_ID=proceso
AIRFLOW_CTX_EXECUTION_DATE=2022-12-17T14:57:34.241088+00:00
AIRFLOW_CTX_TRY_NUMBER=1
AIRFLOW_CTX_DAG_RUN_ID=manual__2022-12-17T14:57:34.241088+00:00
[2022-12-17T14:57:37.802+0000] {forecaster.py:927} INFO - Disabling daily seasonality. Run prophet with daily_seasonality=True to override this.
[2022-12-17T14:57:37.824+0000] {filesystem.py:123} DEBUG - input tempfile: /tmp/tmpgo_bvf7_/qpu2_5yp.json
[2022-12-17T14:57:37.830+0000] {filesystem.py:123} DEBUG - input tempfile: /tmp/tmpgo_bvf7_/42r3dojk.json
[2022-12-17T14:57:37.831+0000] {model.py:1567} DEBUG - idx 0
[2022-12-17T14:57:37.831+0000] {model.py:1570} DEBUG - running CmdStan, num_threads: None
[2022-12-17T14:57:37.831+0000] {model.py:1580} DEBUG - CmdStan args: ['/home/***/.local/lib/python3.7/site-packages/prophet/stan_model/prophet_model.bin', 'random', 'seed=69909', 'data', 'file=/tmp/tmpgo_bvf7_/qpu2_5yp.json', 'init=/tmp/tmpgo_bvf7_/42r3dojk.json', 'output', 'file=/tmp/tmpgo_bvf7_/prophet_modelkrrggafh/prophet_model-20221217145737.csv', 'method=optimize', 'algorithm=newton', 'iter=10000']
[2022-12-17T14:57:37.832+0000] {logging_mixin.py:120} WARNING - 14:57:37 - cmdstanpy - INFO - Chain [1] start processing
[2022-12-17T14:57:37.832+0000] {model.py:1583} INFO - Chain [1] start processing
[2022-12-17T14:57:38.437+0000] {logging_mixin.py:120} WARNING - 14:57:38 - cmdstanpy - INFO - Chain [1] done processing
[2022-12-17T14:57:38.436+0000] {model.py:1640} INFO - Chain [1] done processing
[2022-12-17T14:57:38.844+0000] {logging_mixin.py:120} INFO - Path at terminal when executing this file
[2022-12-17T14:57:38.844+0000] {logging_mixin.py:120} INFO - /opt/***
[2022-12-17T14:57:38.844+0000] {logging_mixin.py:120} INFO - This file path, relative to os.getcwd()
[2022-12-17T14:57:38.844+0000] {logging_mixin.py:120} INFO - /opt/***/dags/super.py
[2022-12-17T14:57:38.849+0000] {python.py:177} INFO - Done. Returned value was: None
[2022-12-17T14:57:38.861+0000] {taskinstance.py:1406} INFO - Marking task as SUCCESS. dag_id=superforecast_v1, task_id=proceso, execution_date=20221217T145734, start_date=20221217T145736, end_date=20221217T145738
[2022-12-17T14:57:38.884+0000] {local_task_job.py:164} INFO - Task exited with return code 0
[2022-12-17T14:57:38.909+0000] {local_task_job.py:273} INFO - 0 downstream tasks scheduled from follow-on schedule check
